[0.145s] DEBUG:colcon:Command line arguments: ['/usr/bin/colcon', 'build']
[0.145s] DEBUG:colcon:Parsed command line arguments: Namespace(log_base=None, log_level=None, verb_name='build', build_base='build', install_base='install', merge_install=False, symlink_install=False, test_result_base=None, continue_on_error=False, executor='parallel', parallel_workers=8, event_handlers=None, ignore_user_meta=False, metas=['./colcon.meta'], base_paths=['.'], packages_ignore=None, packages_ignore_regex=None, paths=None, packages_up_to=None, packages_up_to_regex=None, packages_above=None, packages_above_and_dependencies=None, packages_above_depth=None, packages_select_by_dep=None, packages_skip_by_dep=None, packages_skip_up_to=None, packages_select_build_failed=False, packages_skip_build_finished=False, packages_select_test_failures=False, packages_skip_test_passed=False, packages_select=None, packages_skip=None, packages_select_regex=None, packages_skip_regex=None, packages_start=None, packages_end=None, allow_overriding=[], cmake_args=None, cmake_target=None, cmake_target_skip_unavailable=False, cmake_clean_cache=False, cmake_clean_first=False, cmake_force_configure=False, ament_cmake_args=None, catkin_cmake_args=None, catkin_skip_building_tests=False, verb_parser=<colcon_defaults.argument_parser.defaults.DefaultArgumentsDecorator object at 0x7c8efb13dd80>, verb_extension=<colcon_core.verb.build.BuildVerb object at 0x7c8efb2f8370>, main=<bound method BuildVerb.main of <colcon_core.verb.build.BuildVerb object at 0x7c8efb2f8370>>)
[0.490s] Level 1:colcon.colcon_core.package_discovery:discover_packages(colcon_meta) check parameters
[0.490s] Level 1:colcon.colcon_core.package_discovery:discover_packages(recursive) check parameters
[0.490s] Level 1:colcon.colcon_core.package_discovery:discover_packages(ignore) check parameters
[0.491s] Level 1:colcon.colcon_core.package_discovery:discover_packages(path) check parameters
[0.491s] Level 1:colcon.colcon_core.package_discovery:discover_packages(colcon_meta) discover
[0.491s] Level 1:colcon.colcon_core.package_discovery:discover_packages(recursive) discover
[0.491s] INFO:colcon.colcon_core.package_discovery:Crawling recursively for packages in '/home/cc/RobotProject'
[0.491s] Level 1:colcon.colcon_core.package_identification:_identify(.) by extensions ['ignore', 'ignore_ament_install']
[0.491s] Level 1:colcon.colcon_core.package_identification:_identify(.) by extension 'ignore'
[0.491s] Level 1:colcon.colcon_core.package_identification:_identify(.) by extension 'ignore_ament_install'
[0.491s] Level 1:colcon.colcon_core.package_identification:_identify(.) by extensions ['colcon_pkg']
[0.491s] Level 1:colcon.colcon_core.package_identification:_identify(.) by extension 'colcon_pkg'
[0.491s] Level 1:colcon.colcon_core.package_identification:_identify(.) by extensions ['colcon_meta']
[0.491s] Level 1:colcon.colcon_core.package_identification:_identify(.) by extension 'colcon_meta'
[0.491s] Level 1:colcon.colcon_core.package_identification:_identify(.) by extensions ['ros']
[0.491s] Level 1:colcon.colcon_core.package_identification:_identify(.) by extension 'ros'
[0.504s] Level 1:colcon.colcon_core.package_identification:_identify(.) by extensions ['cmake', 'python']
[0.505s] Level 1:colcon.colcon_core.package_identification:_identify(.) by extension 'cmake'
[0.505s] Level 1:colcon.colcon_core.package_identification:_identify(.) by extension 'python'
[0.505s] Level 1:colcon.colcon_core.package_identification:_identify(.) by extensions ['python_setup_py']
[0.505s] Level 1:colcon.colcon_core.package_identification:_identify(.) by extension 'python_setup_py'
[0.505s] Level 1:colcon.colcon_core.package_identification:_identify(build) by extensions ['ignore', 'ignore_ament_install']
[0.505s] Level 1:colcon.colcon_core.package_identification:_identify(build) by extension 'ignore'
[0.505s] Level 1:colcon.colcon_core.package_identification:_identify(build) ignored
[0.505s] Level 1:colcon.colcon_core.package_identification:_identify(install) by extensions ['ignore', 'ignore_ament_install']
[0.505s] Level 1:colcon.colcon_core.package_identification:_identify(install) by extension 'ignore'
[0.505s] Level 1:colcon.colcon_core.package_identification:_identify(install) ignored
[0.506s] Level 1:colcon.colcon_core.package_identification:_identify(log) by extensions ['ignore', 'ignore_ament_install']
[0.506s] Level 1:colcon.colcon_core.package_identification:_identify(log) by extension 'ignore'
[0.506s] Level 1:colcon.colcon_core.package_identification:_identify(log) ignored
[0.506s] Level 1:colcon.colcon_core.package_identification:_identify(src) by extensions ['ignore', 'ignore_ament_install']
[0.506s] Level 1:colcon.colcon_core.package_identification:_identify(src) by extension 'ignore'
[0.506s] Level 1:colcon.colcon_core.package_identification:_identify(src) by extension 'ignore_ament_install'
[0.506s] Level 1:colcon.colcon_core.package_identification:_identify(src) by extensions ['colcon_pkg']
[0.506s] Level 1:colcon.colcon_core.package_identification:_identify(src) by extension 'colcon_pkg'
[0.507s] Level 1:colcon.colcon_core.package_identification:_identify(src) by extensions ['colcon_meta']
[0.507s] Level 1:colcon.colcon_core.package_identification:_identify(src) by extension 'colcon_meta'
[0.507s] Level 1:colcon.colcon_core.package_identification:_identify(src) by extensions ['ros']
[0.507s] Level 1:colcon.colcon_core.package_identification:_identify(src) by extension 'ros'
[0.507s] Level 1:colcon.colcon_core.package_identification:_identify(src) by extensions ['cmake', 'python']
[0.507s] Level 1:colcon.colcon_core.package_identification:_identify(src) by extension 'cmake'
[0.507s] Level 1:colcon.colcon_core.package_identification:_identify(src) by extension 'python'
[0.507s] Level 1:colcon.colcon_core.package_identification:_identify(src) by extensions ['python_setup_py']
[0.507s] Level 1:colcon.colcon_core.package_identification:_identify(src) by extension 'python_setup_py'
[0.507s] Level 1:colcon.colcon_core.package_identification:_identify(src/robot_description) by extensions ['ignore', 'ignore_ament_install']
[0.507s] Level 1:colcon.colcon_core.package_identification:_identify(src/robot_description) by extension 'ignore'
[0.508s] Level 1:colcon.colcon_core.package_identification:_identify(src/robot_description) by extension 'ignore_ament_install'
[0.508s] Level 1:colcon.colcon_core.package_identification:_identify(src/robot_description) by extensions ['colcon_pkg']
[0.508s] Level 1:colcon.colcon_core.package_identification:_identify(src/robot_description) by extension 'colcon_pkg'
[0.508s] Level 1:colcon.colcon_core.package_identification:_identify(src/robot_description) by extensions ['colcon_meta']
[0.508s] Level 1:colcon.colcon_core.package_identification:_identify(src/robot_description) by extension 'colcon_meta'
[0.508s] Level 1:colcon.colcon_core.package_identification:_identify(src/robot_description) by extensions ['ros']
[0.508s] Level 1:colcon.colcon_core.package_identification:_identify(src/robot_description) by extension 'ros'
[0.512s] DEBUG:colcon.colcon_core.package_identification:Package 'src/robot_description' with type 'ros.ament_python' and name 'robot_description'
[0.512s] Level 1:colcon.colcon_core.package_identification:_identify(src/robot_mapping) by extensions ['ignore', 'ignore_ament_install']
[0.512s] Level 1:colcon.colcon_core.package_identification:_identify(src/robot_mapping) by extension 'ignore'
[0.512s] Level 1:colcon.colcon_core.package_identification:_identify(src/robot_mapping) by extension 'ignore_ament_install'
[0.512s] Level 1:colcon.colcon_core.package_identification:_identify(src/robot_mapping) by extensions ['colcon_pkg']
[0.512s] Level 1:colcon.colcon_core.package_identification:_identify(src/robot_mapping) by extension 'colcon_pkg'
[0.512s] Level 1:colcon.colcon_core.package_identification:_identify(src/robot_mapping) by extensions ['colcon_meta']
[0.512s] Level 1:colcon.colcon_core.package_identification:_identify(src/robot_mapping) by extension 'colcon_meta'
[0.513s] Level 1:colcon.colcon_core.package_identification:_identify(src/robot_mapping) by extensions ['ros']
[0.513s] Level 1:colcon.colcon_core.package_identification:_identify(src/robot_mapping) by extension 'ros'
[0.513s] DEBUG:colcon.colcon_core.package_identification:Package 'src/robot_mapping' with type 'ros.ament_cmake' and name 'robot_mapping'
[0.514s] Level 1:colcon.colcon_core.package_identification:_identify(src/robot_navigation) by extensions ['ignore', 'ignore_ament_install']
[0.514s] Level 1:colcon.colcon_core.package_identification:_identify(src/robot_navigation) by extension 'ignore'
[0.514s] Level 1:colcon.colcon_core.package_identification:_identify(src/robot_navigation) by extension 'ignore_ament_install'
[0.514s] Level 1:colcon.colcon_core.package_identification:_identify(src/robot_navigation) by extensions ['colcon_pkg']
[0.514s] Level 1:colcon.colcon_core.package_identification:_identify(src/robot_navigation) by extension 'colcon_pkg'
[0.514s] Level 1:colcon.colcon_core.package_identification:_identify(src/robot_navigation) by extensions ['colcon_meta']
[0.514s] Level 1:colcon.colcon_core.package_identification:_identify(src/robot_navigation) by extension 'colcon_meta'
[0.514s] Level 1:colcon.colcon_core.package_identification:_identify(src/robot_navigation) by extensions ['ros']
[0.514s] Level 1:colcon.colcon_core.package_identification:_identify(src/robot_navigation) by extension 'ros'
[0.515s] DEBUG:colcon.colcon_core.package_identification:Package 'src/robot_navigation' with type 'ros.ament_cmake' and name 'robot_navigation'
[0.515s] Level 1:colcon.colcon_core.package_identification:_identify(src/yolo_detection) by extensions ['ignore', 'ignore_ament_install']
[0.515s] Level 1:colcon.colcon_core.package_identification:_identify(src/yolo_detection) by extension 'ignore'
[0.515s] Level 1:colcon.colcon_core.package_identification:_identify(src/yolo_detection) by extension 'ignore_ament_install'
[0.515s] Level 1:colcon.colcon_core.package_identification:_identify(src/yolo_detection) by extensions ['colcon_pkg']
[0.515s] Level 1:colcon.colcon_core.package_identification:_identify(src/yolo_detection) by extension 'colcon_pkg'
[0.515s] Level 1:colcon.colcon_core.package_identification:_identify(src/yolo_detection) by extensions ['colcon_meta']
[0.515s] Level 1:colcon.colcon_core.package_identification:_identify(src/yolo_detection) by extension 'colcon_meta'
[0.515s] Level 1:colcon.colcon_core.package_identification:_identify(src/yolo_detection) by extensions ['ros']
[0.515s] Level 1:colcon.colcon_core.package_identification:_identify(src/yolo_detection) by extension 'ros'
[0.516s] DEBUG:colcon.colcon_core.package_identification:Package 'src/yolo_detection' with type 'ros.ament_python' and name 'yolo_detection'
[0.516s] Level 1:colcon.colcon_core.package_discovery:discover_packages(recursive) using defaults
[0.517s] Level 1:colcon.colcon_core.package_discovery:discover_packages(ignore) discover
[0.517s] Level 1:colcon.colcon_core.package_discovery:discover_packages(ignore) using defaults
[0.517s] Level 1:colcon.colcon_core.package_discovery:discover_packages(path) discover
[0.517s] Level 1:colcon.colcon_core.package_discovery:discover_packages(path) using defaults
[0.541s] Level 1:colcon.colcon_core.package_discovery:discover_packages(prefix_path) check parameters
[0.541s] Level 1:colcon.colcon_core.package_discovery:discover_packages(prefix_path) discover
[0.543s] DEBUG:colcon.colcon_installed_package_information.package_discovery:Found 4 installed packages in /home/cc/RobotProject/install
[0.544s] DEBUG:colcon.colcon_installed_package_information.package_discovery:Found 5 installed packages in /home/cc/ros2_ws/src/install
[0.547s] DEBUG:colcon.colcon_installed_package_information.package_discovery:Found 373 installed packages in /opt/ros/humble
[0.550s] Level 1:colcon.colcon_core.package_discovery:discover_packages(prefix_path) using defaults
[0.611s] Level 5:colcon.colcon_core.verb:set package 'robot_description' build argument 'cmake_args' from command line to 'None'
[0.611s] Level 5:colcon.colcon_core.verb:set package 'robot_description' build argument 'cmake_target' from command line to 'None'
[0.611s] Level 5:colcon.colcon_core.verb:set package 'robot_description' build argument 'cmake_target_skip_unavailable' from command line to 'False'
[0.611s] Level 5:colcon.colcon_core.verb:set package 'robot_description' build argument 'cmake_clean_cache' from command line to 'False'
[0.612s] Level 5:colcon.colcon_core.verb:set package 'robot_description' build argument 'cmake_clean_first' from command line to 'False'
[0.612s] Level 5:colcon.colcon_core.verb:set package 'robot_description' build argument 'cmake_force_configure' from command line to 'False'
[0.612s] Level 5:colcon.colcon_core.verb:set package 'robot_description' build argument 'ament_cmake_args' from command line to 'None'
[0.612s] Level 5:colcon.colcon_core.verb:set package 'robot_description' build argument 'catkin_cmake_args' from command line to 'None'
[0.612s] Level 5:colcon.colcon_core.verb:set package 'robot_description' build argument 'catkin_skip_building_tests' from command line to 'False'
[0.612s] DEBUG:colcon.colcon_core.verb:Building package 'robot_description' with the following arguments: {'ament_cmake_args': None, 'build_base': '/home/cc/RobotProject/build/robot_description', 'catkin_cmake_args': None, 'catkin_skip_building_tests': False, 'cmake_args': None, 'cmake_clean_cache': False, 'cmake_clean_first': False, 'cmake_force_configure': False, 'cmake_target': None, 'cmake_target_skip_unavailable': False, 'install_base': '/home/cc/RobotProject/install/robot_description', 'merge_install': False, 'path': '/home/cc/RobotProject/src/robot_description', 'symlink_install': False, 'test_result_base': None}
[0.612s] Level 5:colcon.colcon_core.verb:set package 'robot_mapping' build argument 'cmake_args' from command line to 'None'
[0.612s] Level 5:colcon.colcon_core.verb:set package 'robot_mapping' build argument 'cmake_target' from command line to 'None'
[0.612s] Level 5:colcon.colcon_core.verb:set package 'robot_mapping' build argument 'cmake_target_skip_unavailable' from command line to 'False'
[0.612s] Level 5:colcon.colcon_core.verb:set package 'robot_mapping' build argument 'cmake_clean_cache' from command line to 'False'
[0.612s] Level 5:colcon.colcon_core.verb:set package 'robot_mapping' build argument 'cmake_clean_first' from command line to 'False'
[0.612s] Level 5:colcon.colcon_core.verb:set package 'robot_mapping' build argument 'cmake_force_configure' from command line to 'False'
[0.613s] Level 5:colcon.colcon_core.verb:set package 'robot_mapping' build argument 'ament_cmake_args' from command line to 'None'
[0.613s] Level 5:colcon.colcon_core.verb:set package 'robot_mapping' build argument 'catkin_cmake_args' from command line to 'None'
[0.613s] Level 5:colcon.colcon_core.verb:set package 'robot_mapping' build argument 'catkin_skip_building_tests' from command line to 'False'
[0.613s] DEBUG:colcon.colcon_core.verb:Building package 'robot_mapping' with the following arguments: {'ament_cmake_args': None, 'build_base': '/home/cc/RobotProject/build/robot_mapping', 'catkin_cmake_args': None, 'catkin_skip_building_tests': False, 'cmake_args': None, 'cmake_clean_cache': False, 'cmake_clean_first': False, 'cmake_force_configure': False, 'cmake_target': None, 'cmake_target_skip_unavailable': False, 'install_base': '/home/cc/RobotProject/install/robot_mapping', 'merge_install': False, 'path': '/home/cc/RobotProject/src/robot_mapping', 'symlink_install': False, 'test_result_base': None}
[0.613s] Level 5:colcon.colcon_core.verb:set package 'robot_navigation' build argument 'cmake_args' from command line to 'None'
[0.613s] Level 5:colcon.colcon_core.verb:set package 'robot_navigation' build argument 'cmake_target' from command line to 'None'
[0.613s] Level 5:colcon.colcon_core.verb:set package 'robot_navigation' build argument 'cmake_target_skip_unavailable' from command line to 'False'
[0.613s] Level 5:colcon.colcon_core.verb:set package 'robot_navigation' build argument 'cmake_clean_cache' from command line to 'False'
[0.613s] Level 5:colcon.colcon_core.verb:set package 'robot_navigation' build argument 'cmake_clean_first' from command line to 'False'
[0.613s] Level 5:colcon.colcon_core.verb:set package 'robot_navigation' build argument 'cmake_force_configure' from command line to 'False'
[0.613s] Level 5:colcon.colcon_core.verb:set package 'robot_navigation' build argument 'ament_cmake_args' from command line to 'None'
[0.613s] Level 5:colcon.colcon_core.verb:set package 'robot_navigation' build argument 'catkin_cmake_args' from command line to 'None'
[0.613s] Level 5:colcon.colcon_core.verb:set package 'robot_navigation' build argument 'catkin_skip_building_tests' from command line to 'False'
[0.613s] DEBUG:colcon.colcon_core.verb:Building package 'robot_navigation' with the following arguments: {'ament_cmake_args': None, 'build_base': '/home/cc/RobotProject/build/robot_navigation', 'catkin_cmake_args': None, 'catkin_skip_building_tests': False, 'cmake_args': None, 'cmake_clean_cache': False, 'cmake_clean_first': False, 'cmake_force_configure': False, 'cmake_target': None, 'cmake_target_skip_unavailable': False, 'install_base': '/home/cc/RobotProject/install/robot_navigation', 'merge_install': False, 'path': '/home/cc/RobotProject/src/robot_navigation', 'symlink_install': False, 'test_result_base': None}
[0.614s] Level 5:colcon.colcon_core.verb:set package 'yolo_detection' build argument 'cmake_args' from command line to 'None'
[0.614s] Level 5:colcon.colcon_core.verb:set package 'yolo_detection' build argument 'cmake_target' from command line to 'None'
[0.614s] Level 5:colcon.colcon_core.verb:set package 'yolo_detection' build argument 'cmake_target_skip_unavailable' from command line to 'False'
[0.614s] Level 5:colcon.colcon_core.verb:set package 'yolo_detection' build argument 'cmake_clean_cache' from command line to 'False'
[0.614s] Level 5:colcon.colcon_core.verb:set package 'yolo_detection' build argument 'cmake_clean_first' from command line to 'False'
[0.614s] Level 5:colcon.colcon_core.verb:set package 'yolo_detection' build argument 'cmake_force_configure' from command line to 'False'
[0.614s] Level 5:colcon.colcon_core.verb:set package 'yolo_detection' build argument 'ament_cmake_args' from command line to 'None'
[0.614s] Level 5:colcon.colcon_core.verb:set package 'yolo_detection' build argument 'catkin_cmake_args' from command line to 'None'
[0.614s] Level 5:colcon.colcon_core.verb:set package 'yolo_detection' build argument 'catkin_skip_building_tests' from command line to 'False'
[0.614s] DEBUG:colcon.colcon_core.verb:Building package 'yolo_detection' with the following arguments: {'ament_cmake_args': None, 'build_base': '/home/cc/RobotProject/build/yolo_detection', 'catkin_cmake_args': None, 'catkin_skip_building_tests': False, 'cmake_args': None, 'cmake_clean_cache': False, 'cmake_clean_first': False, 'cmake_force_configure': False, 'cmake_target': None, 'cmake_target_skip_unavailable': False, 'install_base': '/home/cc/RobotProject/install/yolo_detection', 'merge_install': False, 'path': '/home/cc/RobotProject/src/yolo_detection', 'symlink_install': False, 'test_result_base': None}
[0.614s] INFO:colcon.colcon_core.executor:Executing jobs using 'parallel' executor
[0.617s] DEBUG:colcon.colcon_parallel_executor.executor.parallel:run_until_complete
[0.617s] INFO:colcon.colcon_ros.task.ament_python.build:Building ROS package in '/home/cc/RobotProject/src/robot_description' with build type 'ament_python'
[0.618s] Level 1:colcon.colcon_core.shell:create_environment_hook('robot_description', 'ament_prefix_path')
[0.620s] INFO:colcon.colcon_core.plugin_system:Skipping extension 'colcon_core.shell.bat': Not used on non-Windows systems
[0.621s] INFO:colcon.colcon_core.shell:Creating environment hook '/home/cc/RobotProject/install/robot_description/share/robot_description/hook/ament_prefix_path.ps1'
[0.622s] INFO:colcon.colcon_core.shell:Creating environment descriptor '/home/cc/RobotProject/install/robot_description/share/robot_description/hook/ament_prefix_path.dsv'
[0.623s] INFO:colcon.colcon_core.shell:Creating environment hook '/home/cc/RobotProject/install/robot_description/share/robot_description/hook/ament_prefix_path.sh'
[0.624s] INFO:colcon.colcon_core.shell:Skip shell extension 'powershell' for command environment: Not usable outside of PowerShell
[0.624s] DEBUG:colcon.colcon_core.shell:Skip shell extension 'dsv' for command environment
[0.635s] INFO:colcon.colcon_ros.task.ament_cmake.build:Building ROS package in '/home/cc/RobotProject/src/robot_mapping' with build type 'ament_cmake'
[0.636s] INFO:colcon.colcon_cmake.task.cmake.build:Building CMake package in '/home/cc/RobotProject/src/robot_mapping'
[0.637s] INFO:colcon.colcon_core.shell:Skip shell extension 'powershell' for command environment: Not usable outside of PowerShell
[0.637s] DEBUG:colcon.colcon_core.shell:Skip shell extension 'dsv' for command environment
[0.644s] INFO:colcon.colcon_ros.task.ament_cmake.build:Building ROS package in '/home/cc/RobotProject/src/robot_navigation' with build type 'ament_cmake'
[0.644s] INFO:colcon.colcon_cmake.task.cmake.build:Building CMake package in '/home/cc/RobotProject/src/robot_navigation'
[0.645s] INFO:colcon.colcon_core.shell:Skip shell extension 'powershell' for command environment: Not usable outside of PowerShell
[0.645s] DEBUG:colcon.colcon_core.shell:Skip shell extension 'dsv' for command environment
[0.653s] INFO:colcon.colcon_ros.task.ament_python.build:Building ROS package in '/home/cc/RobotProject/src/yolo_detection' with build type 'ament_python'
[0.654s] Level 1:colcon.colcon_core.shell:create_environment_hook('yolo_detection', 'ament_prefix_path')
[0.654s] INFO:colcon.colcon_core.shell:Creating environment hook '/home/cc/RobotProject/install/yolo_detection/share/yolo_detection/hook/ament_prefix_path.ps1'
[0.656s] INFO:colcon.colcon_core.shell:Creating environment descriptor '/home/cc/RobotProject/install/yolo_detection/share/yolo_detection/hook/ament_prefix_path.dsv'
[0.658s] INFO:colcon.colcon_core.shell:Creating environment hook '/home/cc/RobotProject/install/yolo_detection/share/yolo_detection/hook/ament_prefix_path.sh'
[0.659s] INFO:colcon.colcon_core.shell:Skip shell extension 'powershell' for command environment: Not usable outside of PowerShell
[0.660s] DEBUG:colcon.colcon_core.shell:Skip shell extension 'dsv' for command environment
[1.196s] INFO:colcon.colcon_core.task.python.build:Building Python package in '/home/cc/RobotProject/src/robot_description'
[1.196s] INFO:colcon.colcon_core.shell:Skip shell extension 'powershell' for command environment: Not usable outside of PowerShell
[1.197s] DEBUG:colcon.colcon_core.shell:Skip shell extension 'dsv' for command environment
[1.212s] DEBUG:colcon.colcon_core.event_handler.log_command:Invoking command in '/home/cc/RobotProject/build/robot_mapping': CMAKE_PREFIX_PATH=${CMAKE_PREFIX_PATH}:/home/cc/RobotProject/install/yolo_detection:/home/cc/RobotProject/install/robot_description:/home/cc/ros2_ws/src/install/yolov5_ros2:/opt/ros/humble /usr/bin/cmake --build /home/cc/RobotProject/build/robot_mapping -- -j8 -l8
[1.225s] DEBUG:colcon.colcon_core.event_handler.log_command:Invoking command in '/home/cc/RobotProject/build/robot_navigation': CMAKE_PREFIX_PATH=${CMAKE_PREFIX_PATH}:/home/cc/RobotProject/install/yolo_detection:/home/cc/RobotProject/install/robot_description:/home/cc/ros2_ws/src/install/yolov5_ros2:/opt/ros/humble /usr/bin/cmake --build /home/cc/RobotProject/build/robot_navigation -- -j8 -l8
[1.765s] INFO:colcon.colcon_core.task.python.build:Building Python package in '/home/cc/RobotProject/src/yolo_detection'
[1.765s] INFO:colcon.colcon_core.shell:Skip shell extension 'powershell' for command environment: Not usable outside of PowerShell
[1.766s] DEBUG:colcon.colcon_core.shell:Skip shell extension 'dsv' for command environment
[1.832s] DEBUG:colcon.colcon_core.event_handler.log_command:Invoked command in '/home/cc/RobotProject/build/robot_navigation' returned '0': CMAKE_PREFIX_PATH=${CMAKE_PREFIX_PATH}:/home/cc/RobotProject/install/yolo_detection:/home/cc/RobotProject/install/robot_description:/home/cc/ros2_ws/src/install/yolov5_ros2:/opt/ros/humble /usr/bin/cmake --build /home/cc/RobotProject/build/robot_navigation -- -j8 -l8
[1.833s] DEBUG:colcon.colcon_core.event_handler.log_command:Invoked command in '/home/cc/RobotProject/build/robot_mapping' returned '0': CMAKE_PREFIX_PATH=${CMAKE_PREFIX_PATH}:/home/cc/RobotProject/install/yolo_detection:/home/cc/RobotProject/install/robot_description:/home/cc/ros2_ws/src/install/yolov5_ros2:/opt/ros/humble /usr/bin/cmake --build /home/cc/RobotProject/build/robot_mapping -- -j8 -l8
[1.924s] DEBUG:colcon.colcon_core.event_handler.log_command:Invoking command in '/home/cc/RobotProject/build/robot_mapping': CMAKE_PREFIX_PATH=${CMAKE_PREFIX_PATH}:/home/cc/RobotProject/install/yolo_detection:/home/cc/RobotProject/install/robot_description:/home/cc/ros2_ws/src/install/yolov5_ros2:/opt/ros/humble /usr/bin/cmake --install /home/cc/RobotProject/build/robot_mapping
[1.935s] DEBUG:colcon.colcon_core.event_handler.log_command:Invoking command in '/home/cc/RobotProject/build/robot_navigation': CMAKE_PREFIX_PATH=${CMAKE_PREFIX_PATH}:/home/cc/RobotProject/install/yolo_detection:/home/cc/RobotProject/install/robot_description:/home/cc/ros2_ws/src/install/yolov5_ros2:/opt/ros/humble /usr/bin/cmake --install /home/cc/RobotProject/build/robot_navigation
[1.962s] Level 1:colcon.colcon_core.environment:create_environment_scripts_only(robot_mapping)
[1.963s] DEBUG:colcon.colcon_core.event_handler.log_command:Invoked command in '/home/cc/RobotProject/build/robot_mapping' returned '0': CMAKE_PREFIX_PATH=${CMAKE_PREFIX_PATH}:/home/cc/RobotProject/install/yolo_detection:/home/cc/RobotProject/install/robot_description:/home/cc/ros2_ws/src/install/yolov5_ros2:/opt/ros/humble /usr/bin/cmake --install /home/cc/RobotProject/build/robot_mapping
[1.967s] Level 1:colcon.colcon_core.environment:checking '/home/cc/RobotProject/install/robot_mapping' for CMake module files
[1.973s] Level 1:colcon.colcon_core.environment:checking '/home/cc/RobotProject/install/robot_mapping' for CMake config files
[1.974s] Level 1:colcon.colcon_core.shell:create_environment_hook('robot_mapping', 'cmake_prefix_path')
[1.975s] INFO:colcon.colcon_core.shell:Creating environment hook '/home/cc/RobotProject/install/robot_mapping/share/robot_mapping/hook/cmake_prefix_path.ps1'
[1.995s] INFO:colcon.colcon_core.shell:Creating environment descriptor '/home/cc/RobotProject/install/robot_mapping/share/robot_mapping/hook/cmake_prefix_path.dsv'
[1.997s] INFO:colcon.colcon_core.shell:Creating environment hook '/home/cc/RobotProject/install/robot_mapping/share/robot_mapping/hook/cmake_prefix_path.sh'
[1.998s] Level 1:colcon.colcon_core.environment:checking '/home/cc/RobotProject/install/robot_mapping/bin'
[1.998s] Level 1:colcon.colcon_core.environment:checking '/home/cc/RobotProject/install/robot_mapping/lib/pkgconfig/robot_mapping.pc'
[1.999s] Level 1:colcon.colcon_core.environment:checking '/home/cc/RobotProject/install/robot_mapping/lib/python3.10/site-packages'
[1.999s] Level 1:colcon.colcon_core.environment:checking '/home/cc/RobotProject/install/robot_mapping/bin'
[1.999s] INFO:colcon.colcon_core.shell:Creating package script '/home/cc/RobotProject/install/robot_mapping/share/robot_mapping/package.ps1'
[2.001s] INFO:colcon.colcon_core.shell:Creating package descriptor '/home/cc/RobotProject/install/robot_mapping/share/robot_mapping/package.dsv'
[2.001s] INFO:colcon.colcon_core.shell:Creating package script '/home/cc/RobotProject/install/robot_mapping/share/robot_mapping/package.sh'
[2.002s] INFO:colcon.colcon_core.shell:Creating package script '/home/cc/RobotProject/install/robot_mapping/share/robot_mapping/package.bash'
[2.004s] INFO:colcon.colcon_core.shell:Creating package script '/home/cc/RobotProject/install/robot_mapping/share/robot_mapping/package.zsh'
[2.005s] Level 1:colcon.colcon_core.environment:create_file_with_runtime_dependencies(/home/cc/RobotProject/install/robot_mapping/share/colcon-core/packages/robot_mapping)
[2.010s] Level 1:colcon.colcon_core.environment:create_environment_scripts_only(robot_navigation)
[2.010s] Level 1:colcon.colcon_core.environment:checking '/home/cc/RobotProject/install/robot_navigation' for CMake module files
[2.011s] Level 1:colcon.colcon_core.environment:checking '/home/cc/RobotProject/install/robot_navigation' for CMake config files
[2.012s] Level 1:colcon.colcon_core.shell:create_environment_hook('robot_navigation', 'cmake_prefix_path')
[2.012s] INFO:colcon.colcon_core.shell:Creating environment hook '/home/cc/RobotProject/install/robot_navigation/share/robot_navigation/hook/cmake_prefix_path.ps1'
[2.013s] INFO:colcon.colcon_core.shell:Creating environment descriptor '/home/cc/RobotProject/install/robot_navigation/share/robot_navigation/hook/cmake_prefix_path.dsv'
[2.013s] DEBUG:colcon.colcon_core.event_handler.log_command:Invoked command in '/home/cc/RobotProject/build/robot_navigation' returned '0': CMAKE_PREFIX_PATH=${CMAKE_PREFIX_PATH}:/home/cc/RobotProject/install/yolo_detection:/home/cc/RobotProject/install/robot_description:/home/cc/ros2_ws/src/install/yolov5_ros2:/opt/ros/humble /usr/bin/cmake --install /home/cc/RobotProject/build/robot_navigation
[2.014s] INFO:colcon.colcon_core.shell:Creating environment hook '/home/cc/RobotProject/install/robot_navigation/share/robot_navigation/hook/cmake_prefix_path.sh'
[2.014s] Level 1:colcon.colcon_core.environment:checking '/home/cc/RobotProject/install/robot_navigation/bin'
[2.015s] Level 1:colcon.colcon_core.environment:checking '/home/cc/RobotProject/install/robot_navigation/lib/pkgconfig/robot_navigation.pc'
[2.015s] Level 1:colcon.colcon_core.environment:checking '/home/cc/RobotProject/install/robot_navigation/lib/python3.10/site-packages'
[2.015s] Level 1:colcon.colcon_core.environment:checking '/home/cc/RobotProject/install/robot_navigation/bin'
[2.015s] INFO:colcon.colcon_core.shell:Creating package script '/home/cc/RobotProject/install/robot_navigation/share/robot_navigation/package.ps1'
[2.024s] INFO:colcon.colcon_core.shell:Creating package descriptor '/home/cc/RobotProject/install/robot_navigation/share/robot_navigation/package.dsv'
[2.025s] INFO:colcon.colcon_core.shell:Creating package script '/home/cc/RobotProject/install/robot_navigation/share/robot_navigation/package.sh'
[2.025s] INFO:colcon.colcon_core.shell:Creating package script '/home/cc/RobotProject/install/robot_navigation/share/robot_navigation/package.bash'
[2.026s] INFO:colcon.colcon_core.shell:Creating package script '/home/cc/RobotProject/install/robot_navigation/share/robot_navigation/package.zsh'
[2.027s] Level 1:colcon.colcon_core.environment:create_file_with_runtime_dependencies(/home/cc/RobotProject/install/robot_navigation/share/colcon-core/packages/robot_navigation)
[2.108s] Level 1:colcon.colcon_core.environment:create_environment_scripts_only(robot_mapping)
[2.109s] Level 1:colcon.colcon_core.environment:checking '/home/cc/RobotProject/install/robot_mapping' for CMake module files
[2.110s] Level 1:colcon.colcon_core.environment:checking '/home/cc/RobotProject/install/robot_mapping' for CMake config files
[2.111s] Level 1:colcon.colcon_core.shell:create_environment_hook('robot_mapping', 'cmake_prefix_path')
[2.112s] INFO:colcon.colcon_core.shell:Creating environment hook '/home/cc/RobotProject/install/robot_mapping/share/robot_mapping/hook/cmake_prefix_path.ps1'
[2.115s] INFO:colcon.colcon_core.shell:Creating environment descriptor '/home/cc/RobotProject/install/robot_mapping/share/robot_mapping/hook/cmake_prefix_path.dsv'
[2.125s] INFO:colcon.colcon_core.shell:Creating environment hook '/home/cc/RobotProject/install/robot_mapping/share/robot_mapping/hook/cmake_prefix_path.sh'
[2.126s] Level 1:colcon.colcon_core.environment:checking '/home/cc/RobotProject/install/robot_mapping/bin'
[2.126s] Level 1:colcon.colcon_core.environment:checking '/home/cc/RobotProject/install/robot_mapping/lib/pkgconfig/robot_mapping.pc'
[2.127s] Level 1:colcon.colcon_core.environment:checking '/home/cc/RobotProject/install/robot_mapping/lib/python3.10/site-packages'
[2.127s] Level 1:colcon.colcon_core.environment:checking '/home/cc/RobotProject/install/robot_mapping/bin'
[2.128s] INFO:colcon.colcon_core.shell:Creating package script '/home/cc/RobotProject/install/robot_mapping/share/robot_mapping/package.ps1'
[2.129s] INFO:colcon.colcon_core.shell:Creating package descriptor '/home/cc/RobotProject/install/robot_mapping/share/robot_mapping/package.dsv'
[2.130s] INFO:colcon.colcon_core.shell:Creating package script '/home/cc/RobotProject/install/robot_mapping/share/robot_mapping/package.sh'
[2.131s] INFO:colcon.colcon_core.shell:Creating package script '/home/cc/RobotProject/install/robot_mapping/share/robot_mapping/package.bash'
[2.140s] INFO:colcon.colcon_core.shell:Creating package script '/home/cc/RobotProject/install/robot_mapping/share/robot_mapping/package.zsh'
[2.141s] Level 1:colcon.colcon_core.environment:create_file_with_runtime_dependencies(/home/cc/RobotProject/install/robot_mapping/share/colcon-core/packages/robot_mapping)
[2.144s] Level 1:colcon.colcon_core.environment:create_environment_scripts_only(robot_navigation)
[2.145s] Level 1:colcon.colcon_core.environment:checking '/home/cc/RobotProject/install/robot_navigation' for CMake module files
[2.145s] Level 1:colcon.colcon_core.environment:checking '/home/cc/RobotProject/install/robot_navigation' for CMake config files
[2.146s] Level 1:colcon.colcon_core.shell:create_environment_hook('robot_navigation', 'cmake_prefix_path')
[2.146s] INFO:colcon.colcon_core.shell:Creating environment hook '/home/cc/RobotProject/install/robot_navigation/share/robot_navigation/hook/cmake_prefix_path.ps1'
[2.147s] INFO:colcon.colcon_core.shell:Creating environment descriptor '/home/cc/RobotProject/install/robot_navigation/share/robot_navigation/hook/cmake_prefix_path.dsv'
[2.147s] INFO:colcon.colcon_core.shell:Creating environment hook '/home/cc/RobotProject/install/robot_navigation/share/robot_navigation/hook/cmake_prefix_path.sh'
[2.149s] Level 1:colcon.colcon_core.environment:checking '/home/cc/RobotProject/install/robot_navigation/bin'
[2.149s] Level 1:colcon.colcon_core.environment:checking '/home/cc/RobotProject/install/robot_navigation/lib/pkgconfig/robot_navigation.pc'
[2.155s] Level 1:colcon.colcon_core.environment:checking '/home/cc/RobotProject/install/robot_navigation/lib/python3.10/site-packages'
[2.155s] Level 1:colcon.colcon_core.environment:checking '/home/cc/RobotProject/install/robot_navigation/bin'
[2.156s] INFO:colcon.colcon_core.shell:Creating package script '/home/cc/RobotProject/install/robot_navigation/share/robot_navigation/package.ps1'
[2.157s] INFO:colcon.colcon_core.shell:Creating package descriptor '/home/cc/RobotProject/install/robot_navigation/share/robot_navigation/package.dsv'
[2.158s] INFO:colcon.colcon_core.shell:Creating package script '/home/cc/RobotProject/install/robot_navigation/share/robot_navigation/package.sh'
[2.159s] INFO:colcon.colcon_core.shell:Creating package script '/home/cc/RobotProject/install/robot_navigation/share/robot_navigation/package.bash'
[2.161s] INFO:colcon.colcon_core.shell:Creating package script '/home/cc/RobotProject/install/robot_navigation/share/robot_navigation/package.zsh'
[2.165s] Level 1:colcon.colcon_core.environment:create_file_with_runtime_dependencies(/home/cc/RobotProject/install/robot_navigation/share/colcon-core/packages/robot_navigation)
[2.873s] DEBUG:colcon.colcon_core.event_handler.log_command:Invoking command in '/home/cc/RobotProject/src/robot_description': PYTHONPATH=/home/cc/RobotProject/build/robot_description/prefix_override:/usr/lib/python3/dist-packages/colcon_core/task/python/colcon_distutils_commands:/home/cc/RobotProject/install/robot_description/lib/python3.10/site-packages:${PYTHONPATH} /usr/bin/python3 -W ignore:setup.py install is deprecated setup.py egg_info --egg-base ../../build/robot_description build --build-base /home/cc/RobotProject/build/robot_description/build install --record /home/cc/RobotProject/build/robot_description/install.log --single-version-externally-managed install_data
[2.932s] DEBUG:colcon.colcon_core.event_handler.log_command:Invoking command in '/home/cc/RobotProject/src/yolo_detection': PYTHONPATH=/home/cc/RobotProject/build/yolo_detection/prefix_override:/usr/lib/python3/dist-packages/colcon_core/task/python/colcon_distutils_commands:/home/cc/RobotProject/install/yolo_detection/lib/python3.10/site-packages:${PYTHONPATH} /usr/bin/python3 -W ignore:setup.py install is deprecated setup.py egg_info --egg-base ../../build/yolo_detection build --build-base /home/cc/RobotProject/build/yolo_detection/build install --record /home/cc/RobotProject/build/yolo_detection/install.log --single-version-externally-managed install_data
[3.805s] Level 1:colcon.colcon_core.environment:checking '/home/cc/RobotProject/install/robot_description' for CMake module files
[3.806s] Level 1:colcon.colcon_core.environment:checking '/home/cc/RobotProject/install/robot_description' for CMake config files
[3.807s] Level 1:colcon.colcon_core.environment:checking '/home/cc/RobotProject/install/robot_description/lib'
[3.807s] Level 1:colcon.colcon_core.environment:checking '/home/cc/RobotProject/install/robot_description/bin'
[3.807s] Level 1:colcon.colcon_core.environment:checking '/home/cc/RobotProject/install/robot_description/lib/pkgconfig/robot_description.pc'
[3.808s] Level 1:colcon.colcon_core.environment:checking '/home/cc/RobotProject/install/robot_description/lib/python3.10/site-packages'
[3.813s] DEBUG:colcon.colcon_core.event_handler.log_command:Invoked command in '/home/cc/RobotProject/src/robot_description' returned '0': PYTHONPATH=/home/cc/RobotProject/build/robot_description/prefix_override:/usr/lib/python3/dist-packages/colcon_core/task/python/colcon_distutils_commands:/home/cc/RobotProject/install/robot_description/lib/python3.10/site-packages:${PYTHONPATH} /usr/bin/python3 -W ignore:setup.py install is deprecated setup.py egg_info --egg-base ../../build/robot_description build --build-base /home/cc/RobotProject/build/robot_description/build install --record /home/cc/RobotProject/build/robot_description/install.log --single-version-externally-managed install_data
[3.813s] Level 1:colcon.colcon_core.shell:create_environment_hook('robot_description', 'pythonpath')
[3.814s] INFO:colcon.colcon_core.shell:Creating environment hook '/home/cc/RobotProject/install/robot_description/share/robot_description/hook/pythonpath.ps1'
[3.820s] INFO:colcon.colcon_core.shell:Creating environment descriptor '/home/cc/RobotProject/install/robot_description/share/robot_description/hook/pythonpath.dsv'
[3.821s] INFO:colcon.colcon_core.shell:Creating environment hook '/home/cc/RobotProject/install/robot_description/share/robot_description/hook/pythonpath.sh'
[3.822s] Level 1:colcon.colcon_core.environment:checking '/home/cc/RobotProject/install/robot_description/bin'
[3.822s] Level 1:colcon.colcon_core.environment:create_environment_scripts_only(robot_description)
[3.823s] INFO:colcon.colcon_core.shell:Creating package script '/home/cc/RobotProject/install/robot_description/share/robot_description/package.ps1'
[3.824s] INFO:colcon.colcon_core.shell:Creating package descriptor '/home/cc/RobotProject/install/robot_description/share/robot_description/package.dsv'
[3.824s] INFO:colcon.colcon_core.shell:Creating package script '/home/cc/RobotProject/install/robot_description/share/robot_description/package.sh'
[3.825s] INFO:colcon.colcon_core.shell:Creating package script '/home/cc/RobotProject/install/robot_description/share/robot_description/package.bash'
[3.826s] INFO:colcon.colcon_core.shell:Creating package script '/home/cc/RobotProject/install/robot_description/share/robot_description/package.zsh'
[3.826s] Level 1:colcon.colcon_core.environment:create_file_with_runtime_dependencies(/home/cc/RobotProject/install/robot_description/share/colcon-core/packages/robot_description)
[3.881s] Level 1:colcon.colcon_core.environment:checking '/home/cc/RobotProject/install/yolo_detection' for CMake module files
[3.882s] Level 1:colcon.colcon_core.environment:checking '/home/cc/RobotProject/install/yolo_detection' for CMake config files
[3.883s] Level 1:colcon.colcon_core.environment:checking '/home/cc/RobotProject/install/yolo_detection/lib'
[3.882s] DEBUG:colcon.colcon_core.event_handler.log_command:Invoked command in '/home/cc/RobotProject/src/yolo_detection' returned '0': PYTHONPATH=/home/cc/RobotProject/build/yolo_detection/prefix_override:/usr/lib/python3/dist-packages/colcon_core/task/python/colcon_distutils_commands:/home/cc/RobotProject/install/yolo_detection/lib/python3.10/site-packages:${PYTHONPATH} /usr/bin/python3 -W ignore:setup.py install is deprecated setup.py egg_info --egg-base ../../build/yolo_detection build --build-base /home/cc/RobotProject/build/yolo_detection/build install --record /home/cc/RobotProject/build/yolo_detection/install.log --single-version-externally-managed install_data
[3.884s] Level 1:colcon.colcon_core.environment:checking '/home/cc/RobotProject/install/yolo_detection/bin'
[3.884s] Level 1:colcon.colcon_core.environment:checking '/home/cc/RobotProject/install/yolo_detection/lib/pkgconfig/yolo_detection.pc'
[3.884s] Level 1:colcon.colcon_core.environment:checking '/home/cc/RobotProject/install/yolo_detection/lib/python3.10/site-packages'
[3.884s] Level 1:colcon.colcon_core.shell:create_environment_hook('yolo_detection', 'pythonpath')
[3.887s] INFO:colcon.colcon_core.shell:Creating environment hook '/home/cc/RobotProject/install/yolo_detection/share/yolo_detection/hook/pythonpath.ps1'
[3.888s] INFO:colcon.colcon_core.shell:Creating environment descriptor '/home/cc/RobotProject/install/yolo_detection/share/yolo_detection/hook/pythonpath.dsv'
[3.889s] INFO:colcon.colcon_core.shell:Creating environment hook '/home/cc/RobotProject/install/yolo_detection/share/yolo_detection/hook/pythonpath.sh'
[3.890s] Level 1:colcon.colcon_core.environment:checking '/home/cc/RobotProject/install/yolo_detection/bin'
[3.890s] Level 1:colcon.colcon_core.environment:create_environment_scripts_only(yolo_detection)
[3.891s] INFO:colcon.colcon_core.shell:Creating package script '/home/cc/RobotProject/install/yolo_detection/share/yolo_detection/package.ps1'
[3.891s] INFO:colcon.colcon_core.shell:Creating package descriptor '/home/cc/RobotProject/install/yolo_detection/share/yolo_detection/package.dsv'
[3.892s] INFO:colcon.colcon_core.shell:Creating package script '/home/cc/RobotProject/install/yolo_detection/share/yolo_detection/package.sh'
[3.893s] INFO:colcon.colcon_core.shell:Creating package script '/home/cc/RobotProject/install/yolo_detection/share/yolo_detection/package.bash'
[3.893s] INFO:colcon.colcon_core.shell:Creating package script '/home/cc/RobotProject/install/yolo_detection/share/yolo_detection/package.zsh'
[3.894s] Level 1:colcon.colcon_core.environment:create_file_with_runtime_dependencies(/home/cc/RobotProject/install/yolo_detection/share/colcon-core/packages/yolo_detection)
[3.895s] DEBUG:colcon.colcon_parallel_executor.executor.parallel:closing loop
[3.895s] DEBUG:colcon.colcon_parallel_executor.executor.parallel:loop closed
[3.895s] DEBUG:colcon.colcon_parallel_executor.executor.parallel:run_until_complete finished with '0'
[3.896s] DEBUG:colcon.colcon_core.event_reactor:joining thread
[3.902s] INFO:colcon.colcon_core.plugin_system:Skipping extension 'colcon_notification.desktop_notification.terminal_notifier': Not used on non-Darwin systems
[3.902s] INFO:colcon.colcon_core.plugin_system:Skipping extension 'colcon_notification.desktop_notification.win32': Not used on non-Windows systems
[3.903s] INFO:colcon.colcon_notification.desktop_notification:Sending desktop notification using 'notify2'
[3.933s] DEBUG:colcon.colcon_core.event_reactor:joined thread
[3.933s] INFO:colcon.colcon_core.shell:Creating prefix script '/home/cc/RobotProject/install/local_setup.ps1'
[3.934s] INFO:colcon.colcon_core.shell:Creating prefix util module '/home/cc/RobotProject/install/_local_setup_util_ps1.py'
[3.938s] INFO:colcon.colcon_core.shell:Creating prefix chain script '/home/cc/RobotProject/install/setup.ps1'
[3.942s] INFO:colcon.colcon_core.shell:Creating prefix script '/home/cc/RobotProject/install/local_setup.sh'
[3.943s] INFO:colcon.colcon_core.shell:Creating prefix util module '/home/cc/RobotProject/install/_local_setup_util_sh.py'
[3.945s] INFO:colcon.colcon_core.shell:Creating prefix chain script '/home/cc/RobotProject/install/setup.sh'
[3.947s] INFO:colcon.colcon_core.shell:Creating prefix script '/home/cc/RobotProject/install/local_setup.bash'
[3.949s] INFO:colcon.colcon_core.shell:Creating prefix chain script '/home/cc/RobotProject/install/setup.bash'
[3.952s] INFO:colcon.colcon_core.shell:Creating prefix script '/home/cc/RobotProject/install/local_setup.zsh'
[3.953s] INFO:colcon.colcon_core.shell:Creating prefix chain script '/home/cc/RobotProject/install/setup.zsh'
