[0.880s] Invoking command in '/home/cc/RobotProject/src/robot_description': PYTHONPATH=/home/cc/RobotProject/build/robot_description/prefix_override:/usr/lib/python3/dist-packages/colcon_core/task/python/colcon_distutils_commands:/home/cc/RobotProject/install/robot_description/lib/python3.10/site-packages:${PYTHONPATH} /usr/bin/python3 -W ignore:setup.py install is deprecated setup.py egg_info --egg-base ../../build/robot_description build --build-base /home/cc/RobotProject/build/robot_description/build install --record /home/cc/RobotProject/build/robot_description/install.log --single-version-externally-managed install_data
[1.207s] running egg_info
[1.220s] writing ../../build/robot_description/robot_description.egg-info/PKG-INFO
[1.221s] writing dependency_links to ../../build/robot_description/robot_description.egg-info/dependency_links.txt
[1.221s] deleting ../../build/robot_description/robot_description.egg-info/entry_points.txt
[1.221s] writing requirements to ../../build/robot_description/robot_description.egg-info/requires.txt
[1.221s] writing top-level names to ../../build/robot_description/robot_description.egg-info/top_level.txt
[1.260s] reading manifest file '../../build/robot_description/robot_description.egg-info/SOURCES.txt'
[1.260s] writing manifest file '../../build/robot_description/robot_description.egg-info/SOURCES.txt'
[1.261s] running build
[1.261s] running build_py
[1.261s] running install
[1.265s] running install_lib
[1.279s] running install_data
[1.279s] running install_egg_info
[1.292s] removing '/home/cc/RobotProject/install/robot_description/lib/python3.10/site-packages/robot_description-0.0.0-py3.10.egg-info' (and everything under it)
[1.293s] Copying ../../build/robot_description/robot_description.egg-info to /home/cc/RobotProject/install/robot_description/lib/python3.10/site-packages/robot_description-0.0.0-py3.10.egg-info
[1.294s] running install_scripts
[1.351s] writing list of installed files to '/home/cc/RobotProject/build/robot_description/install.log'
[1.385s] Invoked command in '/home/cc/RobotProject/src/robot_description' returned '0': PYTHONPATH=/home/cc/RobotProject/build/robot_description/prefix_override:/usr/lib/python3/dist-packages/colcon_core/task/python/colcon_distutils_commands:/home/cc/RobotProject/install/robot_description/lib/python3.10/site-packages:${PYTHONPATH} /usr/bin/python3 -W ignore:setup.py install is deprecated setup.py egg_info --egg-base ../../build/robot_description build --build-base /home/cc/RobotProject/build/robot_description/build install --record /home/cc/RobotProject/build/robot_description/install.log --single-version-externally-managed install_data
