[0.166s] DEBUG:colcon:Command line arguments: ['/usr/bin/colcon', 'build']
[0.166s] DEBUG:colcon:Parsed command line arguments: Namespace(log_base=None, log_level=None, verb_name='build', build_base='build', install_base='install', merge_install=False, symlink_install=False, test_result_base=None, continue_on_error=False, executor='parallel', parallel_workers=8, event_handlers=None, ignore_user_meta=False, metas=['./colcon.meta'], base_paths=['.'], packages_ignore=None, packages_ignore_regex=None, paths=None, packages_up_to=None, packages_up_to_regex=None, packages_above=None, packages_above_and_dependencies=None, packages_above_depth=None, packages_select_by_dep=None, packages_skip_by_dep=None, packages_skip_up_to=None, packages_select_build_failed=False, packages_skip_build_finished=False, packages_select_test_failures=False, packages_skip_test_passed=False, packages_select=None, packages_skip=None, packages_select_regex=None, packages_skip_regex=None, packages_start=None, packages_end=None, allow_overriding=[], cmake_args=None, cmake_target=None, cmake_target_skip_unavailable=False, cmake_clean_cache=False, cmake_clean_first=False, cmake_force_configure=False, ament_cmake_args=None, catkin_cmake_args=None, catkin_skip_building_tests=False, verb_parser=<colcon_defaults.argument_parser.defaults.DefaultArgumentsDecorator object at 0x7a6bfee41d80>, verb_extension=<colcon_core.verb.build.BuildVerb object at 0x7a6bfeffc370>, main=<bound method BuildVerb.main of <colcon_core.verb.build.BuildVerb object at 0x7a6bfeffc370>>)
[0.481s] Level 1:colcon.colcon_core.package_discovery:discover_packages(colcon_meta) check parameters
[0.481s] Level 1:colcon.colcon_core.package_discovery:discover_packages(recursive) check parameters
[0.481s] Level 1:colcon.colcon_core.package_discovery:discover_packages(ignore) check parameters
[0.481s] Level 1:colcon.colcon_core.package_discovery:discover_packages(path) check parameters
[0.481s] Level 1:colcon.colcon_core.package_discovery:discover_packages(colcon_meta) discover
[0.482s] Level 1:colcon.colcon_core.package_discovery:discover_packages(recursive) discover
[0.482s] INFO:colcon.colcon_core.package_discovery:Crawling recursively for packages in '/home/cc/RobotProject'
[0.482s] Level 1:colcon.colcon_core.package_identification:_identify(.) by extensions ['ignore', 'ignore_ament_install']
[0.482s] Level 1:colcon.colcon_core.package_identification:_identify(.) by extension 'ignore'
[0.482s] Level 1:colcon.colcon_core.package_identification:_identify(.) by extension 'ignore_ament_install'
[0.482s] Level 1:colcon.colcon_core.package_identification:_identify(.) by extensions ['colcon_pkg']
[0.482s] Level 1:colcon.colcon_core.package_identification:_identify(.) by extension 'colcon_pkg'
[0.482s] Level 1:colcon.colcon_core.package_identification:_identify(.) by extensions ['colcon_meta']
[0.482s] Level 1:colcon.colcon_core.package_identification:_identify(.) by extension 'colcon_meta'
[0.482s] Level 1:colcon.colcon_core.package_identification:_identify(.) by extensions ['ros']
[0.482s] Level 1:colcon.colcon_core.package_identification:_identify(.) by extension 'ros'
[0.498s] Level 1:colcon.colcon_core.package_identification:_identify(.) by extensions ['cmake', 'python']
[0.498s] Level 1:colcon.colcon_core.package_identification:_identify(.) by extension 'cmake'
[0.499s] Level 1:colcon.colcon_core.package_identification:_identify(.) by extension 'python'
[0.499s] Level 1:colcon.colcon_core.package_identification:_identify(.) by extensions ['python_setup_py']
[0.499s] Level 1:colcon.colcon_core.package_identification:_identify(.) by extension 'python_setup_py'
[0.499s] Level 1:colcon.colcon_core.package_identification:_identify(build) by extensions ['ignore', 'ignore_ament_install']
[0.499s] Level 1:colcon.colcon_core.package_identification:_identify(build) by extension 'ignore'
[0.499s] Level 1:colcon.colcon_core.package_identification:_identify(build) ignored
[0.499s] Level 1:colcon.colcon_core.package_identification:_identify(install) by extensions ['ignore', 'ignore_ament_install']
[0.499s] Level 1:colcon.colcon_core.package_identification:_identify(install) by extension 'ignore'
[0.499s] Level 1:colcon.colcon_core.package_identification:_identify(install) ignored
[0.500s] Level 1:colcon.colcon_core.package_identification:_identify(log) by extensions ['ignore', 'ignore_ament_install']
[0.500s] Level 1:colcon.colcon_core.package_identification:_identify(log) by extension 'ignore'
[0.500s] Level 1:colcon.colcon_core.package_identification:_identify(log) ignored
[0.500s] Level 1:colcon.colcon_core.package_identification:_identify(src) by extensions ['ignore', 'ignore_ament_install']
[0.500s] Level 1:colcon.colcon_core.package_identification:_identify(src) by extension 'ignore'
[0.500s] Level 1:colcon.colcon_core.package_identification:_identify(src) by extension 'ignore_ament_install'
[0.500s] Level 1:colcon.colcon_core.package_identification:_identify(src) by extensions ['colcon_pkg']
[0.500s] Level 1:colcon.colcon_core.package_identification:_identify(src) by extension 'colcon_pkg'
[0.500s] Level 1:colcon.colcon_core.package_identification:_identify(src) by extensions ['colcon_meta']
[0.500s] Level 1:colcon.colcon_core.package_identification:_identify(src) by extension 'colcon_meta'
[0.500s] Level 1:colcon.colcon_core.package_identification:_identify(src) by extensions ['ros']
[0.500s] Level 1:colcon.colcon_core.package_identification:_identify(src) by extension 'ros'
[0.500s] Level 1:colcon.colcon_core.package_identification:_identify(src) by extensions ['cmake', 'python']
[0.500s] Level 1:colcon.colcon_core.package_identification:_identify(src) by extension 'cmake'
[0.500s] Level 1:colcon.colcon_core.package_identification:_identify(src) by extension 'python'
[0.501s] Level 1:colcon.colcon_core.package_identification:_identify(src) by extensions ['python_setup_py']
[0.501s] Level 1:colcon.colcon_core.package_identification:_identify(src) by extension 'python_setup_py'
[0.501s] Level 1:colcon.colcon_core.package_identification:_identify(src/robot_description) by extensions ['ignore', 'ignore_ament_install']
[0.501s] Level 1:colcon.colcon_core.package_identification:_identify(src/robot_description) by extension 'ignore'
[0.501s] Level 1:colcon.colcon_core.package_identification:_identify(src/robot_description) by extension 'ignore_ament_install'
[0.501s] Level 1:colcon.colcon_core.package_identification:_identify(src/robot_description) by extensions ['colcon_pkg']
[0.501s] Level 1:colcon.colcon_core.package_identification:_identify(src/robot_description) by extension 'colcon_pkg'
[0.501s] Level 1:colcon.colcon_core.package_identification:_identify(src/robot_description) by extensions ['colcon_meta']
[0.501s] Level 1:colcon.colcon_core.package_identification:_identify(src/robot_description) by extension 'colcon_meta'
[0.501s] Level 1:colcon.colcon_core.package_identification:_identify(src/robot_description) by extensions ['ros']
[0.501s] Level 1:colcon.colcon_core.package_identification:_identify(src/robot_description) by extension 'ros'
[0.505s] DEBUG:colcon.colcon_core.package_identification:Package 'src/robot_description' with type 'ros.ament_python' and name 'robot_description'
[0.505s] Level 1:colcon.colcon_core.package_identification:_identify(src/robot_mapping) by extensions ['ignore', 'ignore_ament_install']
[0.505s] Level 1:colcon.colcon_core.package_identification:_identify(src/robot_mapping) by extension 'ignore'
[0.505s] Level 1:colcon.colcon_core.package_identification:_identify(src/robot_mapping) by extension 'ignore_ament_install'
[0.505s] Level 1:colcon.colcon_core.package_identification:_identify(src/robot_mapping) by extensions ['colcon_pkg']
[0.505s] Level 1:colcon.colcon_core.package_identification:_identify(src/robot_mapping) by extension 'colcon_pkg'
[0.505s] Level 1:colcon.colcon_core.package_identification:_identify(src/robot_mapping) by extensions ['colcon_meta']
[0.505s] Level 1:colcon.colcon_core.package_identification:_identify(src/robot_mapping) by extension 'colcon_meta'
[0.505s] Level 1:colcon.colcon_core.package_identification:_identify(src/robot_mapping) by extensions ['ros']
[0.506s] Level 1:colcon.colcon_core.package_identification:_identify(src/robot_mapping) by extension 'ros'
[0.506s] DEBUG:colcon.colcon_core.package_identification:Package 'src/robot_mapping' with type 'ros.ament_cmake' and name 'robot_mapping'
[0.506s] Level 1:colcon.colcon_core.package_identification:_identify(src/robot_navigation) by extensions ['ignore', 'ignore_ament_install']
[0.506s] Level 1:colcon.colcon_core.package_identification:_identify(src/robot_navigation) by extension 'ignore'
[0.507s] Level 1:colcon.colcon_core.package_identification:_identify(src/robot_navigation) by extension 'ignore_ament_install'
[0.507s] Level 1:colcon.colcon_core.package_identification:_identify(src/robot_navigation) by extensions ['colcon_pkg']
[0.507s] Level 1:colcon.colcon_core.package_identification:_identify(src/robot_navigation) by extension 'colcon_pkg'
[0.507s] Level 1:colcon.colcon_core.package_identification:_identify(src/robot_navigation) by extensions ['colcon_meta']
[0.507s] Level 1:colcon.colcon_core.package_identification:_identify(src/robot_navigation) by extension 'colcon_meta'
[0.507s] Level 1:colcon.colcon_core.package_identification:_identify(src/robot_navigation) by extensions ['ros']
[0.507s] Level 1:colcon.colcon_core.package_identification:_identify(src/robot_navigation) by extension 'ros'
[0.507s] DEBUG:colcon.colcon_core.package_identification:Package 'src/robot_navigation' with type 'ros.ament_cmake' and name 'robot_navigation'
[0.508s] Level 1:colcon.colcon_core.package_identification:_identify(src/yolo_detection) by extensions ['ignore', 'ignore_ament_install']
[0.508s] Level 1:colcon.colcon_core.package_identification:_identify(src/yolo_detection) by extension 'ignore'
[0.508s] Level 1:colcon.colcon_core.package_identification:_identify(src/yolo_detection) by extension 'ignore_ament_install'
[0.508s] Level 1:colcon.colcon_core.package_identification:_identify(src/yolo_detection) by extensions ['colcon_pkg']
[0.508s] Level 1:colcon.colcon_core.package_identification:_identify(src/yolo_detection) by extension 'colcon_pkg'
[0.508s] Level 1:colcon.colcon_core.package_identification:_identify(src/yolo_detection) by extensions ['colcon_meta']
[0.508s] Level 1:colcon.colcon_core.package_identification:_identify(src/yolo_detection) by extension 'colcon_meta'
[0.508s] Level 1:colcon.colcon_core.package_identification:_identify(src/yolo_detection) by extensions ['ros']
[0.508s] Level 1:colcon.colcon_core.package_identification:_identify(src/yolo_detection) by extension 'ros'
[0.509s] DEBUG:colcon.colcon_core.package_identification:Package 'src/yolo_detection' with type 'ros.ament_python' and name 'yolo_detection'
[0.509s] Level 1:colcon.colcon_core.package_discovery:discover_packages(recursive) using defaults
[0.509s] Level 1:colcon.colcon_core.package_discovery:discover_packages(ignore) discover
[0.509s] Level 1:colcon.colcon_core.package_discovery:discover_packages(ignore) using defaults
[0.509s] Level 1:colcon.colcon_core.package_discovery:discover_packages(path) discover
[0.509s] Level 1:colcon.colcon_core.package_discovery:discover_packages(path) using defaults
[0.544s] Level 1:colcon.colcon_core.package_discovery:discover_packages(prefix_path) check parameters
[0.544s] Level 1:colcon.colcon_core.package_discovery:discover_packages(prefix_path) discover
[0.547s] DEBUG:colcon.colcon_installed_package_information.package_discovery:Found 4 installed packages in /home/cc/RobotProject/install
[0.548s] DEBUG:colcon.colcon_installed_package_information.package_discovery:Found 5 installed packages in /home/cc/ros2_ws/src/install
[0.551s] DEBUG:colcon.colcon_installed_package_information.package_discovery:Found 373 installed packages in /opt/ros/humble
[0.553s] Level 1:colcon.colcon_core.package_discovery:discover_packages(prefix_path) using defaults
[0.614s] Level 5:colcon.colcon_core.verb:set package 'robot_description' build argument 'cmake_args' from command line to 'None'
[0.614s] Level 5:colcon.colcon_core.verb:set package 'robot_description' build argument 'cmake_target' from command line to 'None'
[0.614s] Level 5:colcon.colcon_core.verb:set package 'robot_description' build argument 'cmake_target_skip_unavailable' from command line to 'False'
[0.614s] Level 5:colcon.colcon_core.verb:set package 'robot_description' build argument 'cmake_clean_cache' from command line to 'False'
[0.614s] Level 5:colcon.colcon_core.verb:set package 'robot_description' build argument 'cmake_clean_first' from command line to 'False'
[0.614s] Level 5:colcon.colcon_core.verb:set package 'robot_description' build argument 'cmake_force_configure' from command line to 'False'
[0.614s] Level 5:colcon.colcon_core.verb:set package 'robot_description' build argument 'ament_cmake_args' from command line to 'None'
[0.614s] Level 5:colcon.colcon_core.verb:set package 'robot_description' build argument 'catkin_cmake_args' from command line to 'None'
[0.614s] Level 5:colcon.colcon_core.verb:set package 'robot_description' build argument 'catkin_skip_building_tests' from command line to 'False'
[0.614s] DEBUG:colcon.colcon_core.verb:Building package 'robot_description' with the following arguments: {'ament_cmake_args': None, 'build_base': '/home/cc/RobotProject/build/robot_description', 'catkin_cmake_args': None, 'catkin_skip_building_tests': False, 'cmake_args': None, 'cmake_clean_cache': False, 'cmake_clean_first': False, 'cmake_force_configure': False, 'cmake_target': None, 'cmake_target_skip_unavailable': False, 'install_base': '/home/cc/RobotProject/install/robot_description', 'merge_install': False, 'path': '/home/cc/RobotProject/src/robot_description', 'symlink_install': False, 'test_result_base': None}
[0.615s] Level 5:colcon.colcon_core.verb:set package 'robot_mapping' build argument 'cmake_args' from command line to 'None'
[0.615s] Level 5:colcon.colcon_core.verb:set package 'robot_mapping' build argument 'cmake_target' from command line to 'None'
[0.615s] Level 5:colcon.colcon_core.verb:set package 'robot_mapping' build argument 'cmake_target_skip_unavailable' from command line to 'False'
[0.615s] Level 5:colcon.colcon_core.verb:set package 'robot_mapping' build argument 'cmake_clean_cache' from command line to 'False'
[0.615s] Level 5:colcon.colcon_core.verb:set package 'robot_mapping' build argument 'cmake_clean_first' from command line to 'False'
[0.615s] Level 5:colcon.colcon_core.verb:set package 'robot_mapping' build argument 'cmake_force_configure' from command line to 'False'
[0.615s] Level 5:colcon.colcon_core.verb:set package 'robot_mapping' build argument 'ament_cmake_args' from command line to 'None'
[0.615s] Level 5:colcon.colcon_core.verb:set package 'robot_mapping' build argument 'catkin_cmake_args' from command line to 'None'
[0.615s] Level 5:colcon.colcon_core.verb:set package 'robot_mapping' build argument 'catkin_skip_building_tests' from command line to 'False'
[0.615s] DEBUG:colcon.colcon_core.verb:Building package 'robot_mapping' with the following arguments: {'ament_cmake_args': None, 'build_base': '/home/cc/RobotProject/build/robot_mapping', 'catkin_cmake_args': None, 'catkin_skip_building_tests': False, 'cmake_args': None, 'cmake_clean_cache': False, 'cmake_clean_first': False, 'cmake_force_configure': False, 'cmake_target': None, 'cmake_target_skip_unavailable': False, 'install_base': '/home/cc/RobotProject/install/robot_mapping', 'merge_install': False, 'path': '/home/cc/RobotProject/src/robot_mapping', 'symlink_install': False, 'test_result_base': None}
[0.615s] Level 5:colcon.colcon_core.verb:set package 'robot_navigation' build argument 'cmake_args' from command line to 'None'
[0.615s] Level 5:colcon.colcon_core.verb:set package 'robot_navigation' build argument 'cmake_target' from command line to 'None'
[0.615s] Level 5:colcon.colcon_core.verb:set package 'robot_navigation' build argument 'cmake_target_skip_unavailable' from command line to 'False'
[0.615s] Level 5:colcon.colcon_core.verb:set package 'robot_navigation' build argument 'cmake_clean_cache' from command line to 'False'
[0.615s] Level 5:colcon.colcon_core.verb:set package 'robot_navigation' build argument 'cmake_clean_first' from command line to 'False'
[0.615s] Level 5:colcon.colcon_core.verb:set package 'robot_navigation' build argument 'cmake_force_configure' from command line to 'False'
[0.615s] Level 5:colcon.colcon_core.verb:set package 'robot_navigation' build argument 'ament_cmake_args' from command line to 'None'
[0.615s] Level 5:colcon.colcon_core.verb:set package 'robot_navigation' build argument 'catkin_cmake_args' from command line to 'None'
[0.616s] Level 5:colcon.colcon_core.verb:set package 'robot_navigation' build argument 'catkin_skip_building_tests' from command line to 'False'
[0.616s] DEBUG:colcon.colcon_core.verb:Building package 'robot_navigation' with the following arguments: {'ament_cmake_args': None, 'build_base': '/home/cc/RobotProject/build/robot_navigation', 'catkin_cmake_args': None, 'catkin_skip_building_tests': False, 'cmake_args': None, 'cmake_clean_cache': False, 'cmake_clean_first': False, 'cmake_force_configure': False, 'cmake_target': None, 'cmake_target_skip_unavailable': False, 'install_base': '/home/cc/RobotProject/install/robot_navigation', 'merge_install': False, 'path': '/home/cc/RobotProject/src/robot_navigation', 'symlink_install': False, 'test_result_base': None}
[0.616s] Level 5:colcon.colcon_core.verb:set package 'yolo_detection' build argument 'cmake_args' from command line to 'None'
[0.616s] Level 5:colcon.colcon_core.verb:set package 'yolo_detection' build argument 'cmake_target' from command line to 'None'
[0.616s] Level 5:colcon.colcon_core.verb:set package 'yolo_detection' build argument 'cmake_target_skip_unavailable' from command line to 'False'
[0.616s] Level 5:colcon.colcon_core.verb:set package 'yolo_detection' build argument 'cmake_clean_cache' from command line to 'False'
[0.616s] Level 5:colcon.colcon_core.verb:set package 'yolo_detection' build argument 'cmake_clean_first' from command line to 'False'
[0.616s] Level 5:colcon.colcon_core.verb:set package 'yolo_detection' build argument 'cmake_force_configure' from command line to 'False'
[0.616s] Level 5:colcon.colcon_core.verb:set package 'yolo_detection' build argument 'ament_cmake_args' from command line to 'None'
[0.616s] Level 5:colcon.colcon_core.verb:set package 'yolo_detection' build argument 'catkin_cmake_args' from command line to 'None'
[0.616s] Level 5:colcon.colcon_core.verb:set package 'yolo_detection' build argument 'catkin_skip_building_tests' from command line to 'False'
[0.616s] DEBUG:colcon.colcon_core.verb:Building package 'yolo_detection' with the following arguments: {'ament_cmake_args': None, 'build_base': '/home/cc/RobotProject/build/yolo_detection', 'catkin_cmake_args': None, 'catkin_skip_building_tests': False, 'cmake_args': None, 'cmake_clean_cache': False, 'cmake_clean_first': False, 'cmake_force_configure': False, 'cmake_target': None, 'cmake_target_skip_unavailable': False, 'install_base': '/home/cc/RobotProject/install/yolo_detection', 'merge_install': False, 'path': '/home/cc/RobotProject/src/yolo_detection', 'symlink_install': False, 'test_result_base': None}
[0.616s] INFO:colcon.colcon_core.executor:Executing jobs using 'parallel' executor
[0.621s] DEBUG:colcon.colcon_parallel_executor.executor.parallel:run_until_complete
[0.621s] INFO:colcon.colcon_ros.task.ament_python.build:Building ROS package in '/home/cc/RobotProject/src/robot_description' with build type 'ament_python'
[0.621s] Level 1:colcon.colcon_core.shell:create_environment_hook('robot_description', 'ament_prefix_path')
[0.625s] INFO:colcon.colcon_core.plugin_system:Skipping extension 'colcon_core.shell.bat': Not used on non-Windows systems
[0.625s] INFO:colcon.colcon_core.shell:Creating environment hook '/home/cc/RobotProject/install/robot_description/share/robot_description/hook/ament_prefix_path.ps1'
[0.626s] INFO:colcon.colcon_core.shell:Creating environment descriptor '/home/cc/RobotProject/install/robot_description/share/robot_description/hook/ament_prefix_path.dsv'
[0.627s] INFO:colcon.colcon_core.shell:Creating environment hook '/home/cc/RobotProject/install/robot_description/share/robot_description/hook/ament_prefix_path.sh'
[0.628s] INFO:colcon.colcon_core.shell:Skip shell extension 'powershell' for command environment: Not usable outside of PowerShell
[0.628s] DEBUG:colcon.colcon_core.shell:Skip shell extension 'dsv' for command environment
[0.636s] INFO:colcon.colcon_ros.task.ament_cmake.build:Building ROS package in '/home/cc/RobotProject/src/robot_mapping' with build type 'ament_cmake'
[0.637s] INFO:colcon.colcon_cmake.task.cmake.build:Building CMake package in '/home/cc/RobotProject/src/robot_mapping'
[0.637s] INFO:colcon.colcon_core.shell:Skip shell extension 'powershell' for command environment: Not usable outside of PowerShell
[0.637s] DEBUG:colcon.colcon_core.shell:Skip shell extension 'dsv' for command environment
[0.663s] INFO:colcon.colcon_ros.task.ament_cmake.build:Building ROS package in '/home/cc/RobotProject/src/robot_navigation' with build type 'ament_cmake'
[0.666s] INFO:colcon.colcon_cmake.task.cmake.build:Building CMake package in '/home/cc/RobotProject/src/robot_navigation'
[0.667s] INFO:colcon.colcon_core.shell:Skip shell extension 'powershell' for command environment: Not usable outside of PowerShell
[0.667s] DEBUG:colcon.colcon_core.shell:Skip shell extension 'dsv' for command environment
[0.676s] INFO:colcon.colcon_ros.task.ament_python.build:Building ROS package in '/home/cc/RobotProject/src/yolo_detection' with build type 'ament_python'
[0.676s] Level 1:colcon.colcon_core.shell:create_environment_hook('yolo_detection', 'ament_prefix_path')
[0.676s] INFO:colcon.colcon_core.shell:Creating environment hook '/home/cc/RobotProject/install/yolo_detection/share/yolo_detection/hook/ament_prefix_path.ps1'
[0.677s] INFO:colcon.colcon_core.shell:Creating environment descriptor '/home/cc/RobotProject/install/yolo_detection/share/yolo_detection/hook/ament_prefix_path.dsv'
[0.678s] INFO:colcon.colcon_core.shell:Creating environment hook '/home/cc/RobotProject/install/yolo_detection/share/yolo_detection/hook/ament_prefix_path.sh'
[0.679s] INFO:colcon.colcon_core.shell:Skip shell extension 'powershell' for command environment: Not usable outside of PowerShell
[0.679s] DEBUG:colcon.colcon_core.shell:Skip shell extension 'dsv' for command environment
[1.229s] INFO:colcon.colcon_core.task.python.build:Building Python package in '/home/cc/RobotProject/src/robot_description'
[1.229s] INFO:colcon.colcon_core.shell:Skip shell extension 'powershell' for command environment: Not usable outside of PowerShell
[1.229s] DEBUG:colcon.colcon_core.shell:Skip shell extension 'dsv' for command environment
[1.248s] DEBUG:colcon.colcon_core.event_handler.log_command:Invoking command in '/home/cc/RobotProject/build/robot_mapping': CMAKE_PREFIX_PATH=${CMAKE_PREFIX_PATH}:/home/cc/RobotProject/install/yolo_detection:/home/cc/RobotProject/install/robot_description:/home/cc/ros2_ws/src/install/yolov5_ros2:/opt/ros/humble /usr/bin/cmake --build /home/cc/RobotProject/build/robot_mapping -- -j8 -l8
[1.269s] DEBUG:colcon.colcon_core.event_handler.log_command:Invoking command in '/home/cc/RobotProject/build/robot_navigation': CMAKE_PREFIX_PATH=${CMAKE_PREFIX_PATH}:/home/cc/RobotProject/install/yolo_detection:/home/cc/RobotProject/install/robot_description:/home/cc/ros2_ws/src/install/yolov5_ros2:/opt/ros/humble /usr/bin/cmake --build /home/cc/RobotProject/build/robot_navigation -- -j8 -l8
[1.840s] INFO:colcon.colcon_core.task.python.build:Building Python package in '/home/cc/RobotProject/src/yolo_detection'
[1.840s] INFO:colcon.colcon_core.shell:Skip shell extension 'powershell' for command environment: Not usable outside of PowerShell
[1.840s] DEBUG:colcon.colcon_core.shell:Skip shell extension 'dsv' for command environment
[1.871s] DEBUG:colcon.colcon_core.event_handler.log_command:Invoked command in '/home/cc/RobotProject/build/robot_navigation' returned '0': CMAKE_PREFIX_PATH=${CMAKE_PREFIX_PATH}:/home/cc/RobotProject/install/yolo_detection:/home/cc/RobotProject/install/robot_description:/home/cc/ros2_ws/src/install/yolov5_ros2:/opt/ros/humble /usr/bin/cmake --build /home/cc/RobotProject/build/robot_navigation -- -j8 -l8
[1.883s] DEBUG:colcon.colcon_core.event_handler.log_command:Invoked command in '/home/cc/RobotProject/build/robot_mapping' returned '0': CMAKE_PREFIX_PATH=${CMAKE_PREFIX_PATH}:/home/cc/RobotProject/install/yolo_detection:/home/cc/RobotProject/install/robot_description:/home/cc/ros2_ws/src/install/yolov5_ros2:/opt/ros/humble /usr/bin/cmake --build /home/cc/RobotProject/build/robot_mapping -- -j8 -l8
[1.969s] DEBUG:colcon.colcon_core.event_handler.log_command:Invoking command in '/home/cc/RobotProject/build/robot_mapping': CMAKE_PREFIX_PATH=${CMAKE_PREFIX_PATH}:/home/cc/RobotProject/install/yolo_detection:/home/cc/RobotProject/install/robot_description:/home/cc/ros2_ws/src/install/yolov5_ros2:/opt/ros/humble /usr/bin/cmake --install /home/cc/RobotProject/build/robot_mapping
[1.986s] DEBUG:colcon.colcon_core.event_handler.log_command:Invoking command in '/home/cc/RobotProject/build/robot_navigation': CMAKE_PREFIX_PATH=${CMAKE_PREFIX_PATH}:/home/cc/RobotProject/install/yolo_detection:/home/cc/RobotProject/install/robot_description:/home/cc/ros2_ws/src/install/yolov5_ros2:/opt/ros/humble /usr/bin/cmake --install /home/cc/RobotProject/build/robot_navigation
[2.019s] Level 1:colcon.colcon_core.environment:create_environment_scripts_only(robot_navigation)
[2.020s] DEBUG:colcon.colcon_core.event_handler.log_command:Invoked command in '/home/cc/RobotProject/build/robot_navigation' returned '0': CMAKE_PREFIX_PATH=${CMAKE_PREFIX_PATH}:/home/cc/RobotProject/install/yolo_detection:/home/cc/RobotProject/install/robot_description:/home/cc/ros2_ws/src/install/yolov5_ros2:/opt/ros/humble /usr/bin/cmake --install /home/cc/RobotProject/build/robot_navigation
[2.030s] Level 1:colcon.colcon_core.environment:checking '/home/cc/RobotProject/install/robot_navigation' for CMake module files
[2.031s] Level 1:colcon.colcon_core.environment:checking '/home/cc/RobotProject/install/robot_navigation' for CMake config files
[2.031s] Level 1:colcon.colcon_core.shell:create_environment_hook('robot_navigation', 'cmake_prefix_path')
[2.032s] INFO:colcon.colcon_core.shell:Creating environment hook '/home/cc/RobotProject/install/robot_navigation/share/robot_navigation/hook/cmake_prefix_path.ps1'
[2.032s] INFO:colcon.colcon_core.shell:Creating environment descriptor '/home/cc/RobotProject/install/robot_navigation/share/robot_navigation/hook/cmake_prefix_path.dsv'
[2.037s] INFO:colcon.colcon_core.shell:Creating environment hook '/home/cc/RobotProject/install/robot_navigation/share/robot_navigation/hook/cmake_prefix_path.sh'
[2.039s] Level 1:colcon.colcon_core.environment:checking '/home/cc/RobotProject/install/robot_navigation/bin'
[2.039s] Level 1:colcon.colcon_core.environment:checking '/home/cc/RobotProject/install/robot_navigation/lib/pkgconfig/robot_navigation.pc'
[2.039s] Level 1:colcon.colcon_core.environment:checking '/home/cc/RobotProject/install/robot_navigation/lib/python3.10/site-packages'
[2.040s] Level 1:colcon.colcon_core.environment:checking '/home/cc/RobotProject/install/robot_navigation/bin'
[2.040s] INFO:colcon.colcon_core.shell:Creating package script '/home/cc/RobotProject/install/robot_navigation/share/robot_navigation/package.ps1'
[2.042s] INFO:colcon.colcon_core.shell:Creating package descriptor '/home/cc/RobotProject/install/robot_navigation/share/robot_navigation/package.dsv'
[2.043s] INFO:colcon.colcon_core.shell:Creating package script '/home/cc/RobotProject/install/robot_navigation/share/robot_navigation/package.sh'
[2.048s] INFO:colcon.colcon_core.shell:Creating package script '/home/cc/RobotProject/install/robot_navigation/share/robot_navigation/package.bash'
[2.050s] INFO:colcon.colcon_core.shell:Creating package script '/home/cc/RobotProject/install/robot_navigation/share/robot_navigation/package.zsh'
[2.051s] Level 1:colcon.colcon_core.environment:create_file_with_runtime_dependencies(/home/cc/RobotProject/install/robot_navigation/share/colcon-core/packages/robot_navigation)
[2.068s] Level 1:colcon.colcon_core.environment:create_environment_scripts_only(robot_mapping)
[2.069s] Level 1:colcon.colcon_core.environment:checking '/home/cc/RobotProject/install/robot_mapping' for CMake module files
[2.069s] Level 1:colcon.colcon_core.environment:checking '/home/cc/RobotProject/install/robot_mapping' for CMake config files
[2.070s] Level 1:colcon.colcon_core.shell:create_environment_hook('robot_mapping', 'cmake_prefix_path')
[2.070s] INFO:colcon.colcon_core.shell:Creating environment hook '/home/cc/RobotProject/install/robot_mapping/share/robot_mapping/hook/cmake_prefix_path.ps1'
[2.071s] INFO:colcon.colcon_core.shell:Creating environment descriptor '/home/cc/RobotProject/install/robot_mapping/share/robot_mapping/hook/cmake_prefix_path.dsv'
[2.076s] INFO:colcon.colcon_core.shell:Creating environment hook '/home/cc/RobotProject/install/robot_mapping/share/robot_mapping/hook/cmake_prefix_path.sh'
[2.078s] DEBUG:colcon.colcon_core.event_handler.log_command:Invoked command in '/home/cc/RobotProject/build/robot_mapping' returned '0': CMAKE_PREFIX_PATH=${CMAKE_PREFIX_PATH}:/home/cc/RobotProject/install/yolo_detection:/home/cc/RobotProject/install/robot_description:/home/cc/ros2_ws/src/install/yolov5_ros2:/opt/ros/humble /usr/bin/cmake --install /home/cc/RobotProject/build/robot_mapping
[2.079s] Level 1:colcon.colcon_core.environment:checking '/home/cc/RobotProject/install/robot_mapping/bin'
[2.079s] Level 1:colcon.colcon_core.environment:checking '/home/cc/RobotProject/install/robot_mapping/lib/pkgconfig/robot_mapping.pc'
[2.079s] Level 1:colcon.colcon_core.environment:checking '/home/cc/RobotProject/install/robot_mapping/lib/python3.10/site-packages'
[2.079s] Level 1:colcon.colcon_core.environment:checking '/home/cc/RobotProject/install/robot_mapping/bin'
[2.080s] INFO:colcon.colcon_core.shell:Creating package script '/home/cc/RobotProject/install/robot_mapping/share/robot_mapping/package.ps1'
[2.081s] INFO:colcon.colcon_core.shell:Creating package descriptor '/home/cc/RobotProject/install/robot_mapping/share/robot_mapping/package.dsv'
[2.082s] INFO:colcon.colcon_core.shell:Creating package script '/home/cc/RobotProject/install/robot_mapping/share/robot_mapping/package.sh'
[2.082s] INFO:colcon.colcon_core.shell:Creating package script '/home/cc/RobotProject/install/robot_mapping/share/robot_mapping/package.bash'
[2.083s] INFO:colcon.colcon_core.shell:Creating package script '/home/cc/RobotProject/install/robot_mapping/share/robot_mapping/package.zsh'
[2.089s] Level 1:colcon.colcon_core.environment:create_file_with_runtime_dependencies(/home/cc/RobotProject/install/robot_mapping/share/colcon-core/packages/robot_mapping)
[2.116s] Level 1:colcon.colcon_core.environment:create_environment_scripts_only(robot_navigation)
[2.116s] Level 1:colcon.colcon_core.environment:checking '/home/cc/RobotProject/install/robot_navigation' for CMake module files
[2.117s] Level 1:colcon.colcon_core.environment:checking '/home/cc/RobotProject/install/robot_navigation' for CMake config files
[2.117s] Level 1:colcon.colcon_core.shell:create_environment_hook('robot_navigation', 'cmake_prefix_path')
[2.117s] INFO:colcon.colcon_core.shell:Creating environment hook '/home/cc/RobotProject/install/robot_navigation/share/robot_navigation/hook/cmake_prefix_path.ps1'
[2.122s] INFO:colcon.colcon_core.shell:Creating environment descriptor '/home/cc/RobotProject/install/robot_navigation/share/robot_navigation/hook/cmake_prefix_path.dsv'
[2.123s] INFO:colcon.colcon_core.shell:Creating environment hook '/home/cc/RobotProject/install/robot_navigation/share/robot_navigation/hook/cmake_prefix_path.sh'
[2.127s] Level 1:colcon.colcon_core.environment:checking '/home/cc/RobotProject/install/robot_navigation/bin'
[2.127s] Level 1:colcon.colcon_core.environment:checking '/home/cc/RobotProject/install/robot_navigation/lib/pkgconfig/robot_navigation.pc'
[2.128s] Level 1:colcon.colcon_core.environment:checking '/home/cc/RobotProject/install/robot_navigation/lib/python3.10/site-packages'
[2.128s] Level 1:colcon.colcon_core.environment:checking '/home/cc/RobotProject/install/robot_navigation/bin'
[2.129s] INFO:colcon.colcon_core.shell:Creating package script '/home/cc/RobotProject/install/robot_navigation/share/robot_navigation/package.ps1'
[2.130s] INFO:colcon.colcon_core.shell:Creating package descriptor '/home/cc/RobotProject/install/robot_navigation/share/robot_navigation/package.dsv'
[2.132s] INFO:colcon.colcon_core.shell:Creating package script '/home/cc/RobotProject/install/robot_navigation/share/robot_navigation/package.sh'
[2.135s] INFO:colcon.colcon_core.shell:Creating package script '/home/cc/RobotProject/install/robot_navigation/share/robot_navigation/package.bash'
[2.138s] INFO:colcon.colcon_core.shell:Creating package script '/home/cc/RobotProject/install/robot_navigation/share/robot_navigation/package.zsh'
[2.143s] Level 1:colcon.colcon_core.environment:create_file_with_runtime_dependencies(/home/cc/RobotProject/install/robot_navigation/share/colcon-core/packages/robot_navigation)
[2.177s] Level 1:colcon.colcon_core.environment:create_environment_scripts_only(robot_mapping)
[2.177s] Level 1:colcon.colcon_core.environment:checking '/home/cc/RobotProject/install/robot_mapping' for CMake module files
[2.178s] Level 1:colcon.colcon_core.environment:checking '/home/cc/RobotProject/install/robot_mapping' for CMake config files
[2.181s] Level 1:colcon.colcon_core.shell:create_environment_hook('robot_mapping', 'cmake_prefix_path')
[2.181s] INFO:colcon.colcon_core.shell:Creating environment hook '/home/cc/RobotProject/install/robot_mapping/share/robot_mapping/hook/cmake_prefix_path.ps1'
[2.184s] INFO:colcon.colcon_core.shell:Creating environment descriptor '/home/cc/RobotProject/install/robot_mapping/share/robot_mapping/hook/cmake_prefix_path.dsv'
[2.186s] INFO:colcon.colcon_core.shell:Creating environment hook '/home/cc/RobotProject/install/robot_mapping/share/robot_mapping/hook/cmake_prefix_path.sh'
[2.191s] Level 1:colcon.colcon_core.environment:checking '/home/cc/RobotProject/install/robot_mapping/bin'
[2.191s] Level 1:colcon.colcon_core.environment:checking '/home/cc/RobotProject/install/robot_mapping/lib/pkgconfig/robot_mapping.pc'
[2.191s] Level 1:colcon.colcon_core.environment:checking '/home/cc/RobotProject/install/robot_mapping/lib/python3.10/site-packages'
[2.192s] Level 1:colcon.colcon_core.environment:checking '/home/cc/RobotProject/install/robot_mapping/bin'
[2.192s] INFO:colcon.colcon_core.shell:Creating package script '/home/cc/RobotProject/install/robot_mapping/share/robot_mapping/package.ps1'
[2.194s] INFO:colcon.colcon_core.shell:Creating package descriptor '/home/cc/RobotProject/install/robot_mapping/share/robot_mapping/package.dsv'
[2.197s] INFO:colcon.colcon_core.shell:Creating package script '/home/cc/RobotProject/install/robot_mapping/share/robot_mapping/package.sh'
[2.198s] INFO:colcon.colcon_core.shell:Creating package script '/home/cc/RobotProject/install/robot_mapping/share/robot_mapping/package.bash'
[2.198s] INFO:colcon.colcon_core.shell:Creating package script '/home/cc/RobotProject/install/robot_mapping/share/robot_mapping/package.zsh'
[2.199s] Level 1:colcon.colcon_core.environment:create_file_with_runtime_dependencies(/home/cc/RobotProject/install/robot_mapping/share/colcon-core/packages/robot_mapping)
[2.968s] DEBUG:colcon.colcon_core.event_handler.log_command:Invoking command in '/home/cc/RobotProject/src/robot_description': PYTHONPATH=/home/cc/RobotProject/build/robot_description/prefix_override:/usr/lib/python3/dist-packages/colcon_core/task/python/colcon_distutils_commands:/home/cc/RobotProject/install/robot_description/lib/python3.10/site-packages:${PYTHONPATH} /usr/bin/python3 -W ignore:setup.py install is deprecated setup.py egg_info --egg-base ../../build/robot_description build --build-base /home/cc/RobotProject/build/robot_description/build install --record /home/cc/RobotProject/build/robot_description/install.log --single-version-externally-managed install_data
[2.970s] DEBUG:colcon.colcon_core.event_handler.log_command:Invoking command in '/home/cc/RobotProject/src/yolo_detection': PYTHONPATH=/home/cc/RobotProject/build/yolo_detection/prefix_override:/usr/lib/python3/dist-packages/colcon_core/task/python/colcon_distutils_commands:/home/cc/RobotProject/install/yolo_detection/lib/python3.10/site-packages:${PYTHONPATH} /usr/bin/python3 -W ignore:setup.py install is deprecated setup.py egg_info --egg-base ../../build/yolo_detection build --build-base /home/cc/RobotProject/build/yolo_detection/build install --record /home/cc/RobotProject/build/yolo_detection/install.log --single-version-externally-managed install_data
[3.890s] Level 1:colcon.colcon_core.environment:checking '/home/cc/RobotProject/install/robot_description' for CMake module files
[3.891s] Level 1:colcon.colcon_core.environment:checking '/home/cc/RobotProject/install/robot_description' for CMake config files
[3.892s] Level 1:colcon.colcon_core.environment:checking '/home/cc/RobotProject/install/robot_description/lib'
[3.892s] Level 1:colcon.colcon_core.environment:checking '/home/cc/RobotProject/install/robot_description/bin'
[3.896s] DEBUG:colcon.colcon_core.event_handler.log_command:Invoked command in '/home/cc/RobotProject/src/robot_description' returned '0': PYTHONPATH=/home/cc/RobotProject/build/robot_description/prefix_override:/usr/lib/python3/dist-packages/colcon_core/task/python/colcon_distutils_commands:/home/cc/RobotProject/install/robot_description/lib/python3.10/site-packages:${PYTHONPATH} /usr/bin/python3 -W ignore:setup.py install is deprecated setup.py egg_info --egg-base ../../build/robot_description build --build-base /home/cc/RobotProject/build/robot_description/build install --record /home/cc/RobotProject/build/robot_description/install.log --single-version-externally-managed install_data
[3.897s] Level 1:colcon.colcon_core.environment:checking '/home/cc/RobotProject/install/robot_description/lib/pkgconfig/robot_description.pc'
[3.897s] Level 1:colcon.colcon_core.environment:checking '/home/cc/RobotProject/install/robot_description/lib/python3.10/site-packages'
[3.898s] Level 1:colcon.colcon_core.shell:create_environment_hook('robot_description', 'pythonpath')
[3.898s] INFO:colcon.colcon_core.shell:Creating environment hook '/home/cc/RobotProject/install/robot_description/share/robot_description/hook/pythonpath.ps1'
[3.899s] INFO:colcon.colcon_core.shell:Creating environment descriptor '/home/cc/RobotProject/install/robot_description/share/robot_description/hook/pythonpath.dsv'
[3.900s] INFO:colcon.colcon_core.shell:Creating environment hook '/home/cc/RobotProject/install/robot_description/share/robot_description/hook/pythonpath.sh'
[3.901s] Level 1:colcon.colcon_core.environment:checking '/home/cc/RobotProject/install/robot_description/bin'
[3.901s] Level 1:colcon.colcon_core.environment:create_environment_scripts_only(robot_description)
[3.902s] INFO:colcon.colcon_core.shell:Creating package script '/home/cc/RobotProject/install/robot_description/share/robot_description/package.ps1'
[3.903s] INFO:colcon.colcon_core.shell:Creating package descriptor '/home/cc/RobotProject/install/robot_description/share/robot_description/package.dsv'
[3.907s] INFO:colcon.colcon_core.shell:Creating package script '/home/cc/RobotProject/install/robot_description/share/robot_description/package.sh'
[3.908s] INFO:colcon.colcon_core.shell:Creating package script '/home/cc/RobotProject/install/robot_description/share/robot_description/package.bash'
[3.909s] INFO:colcon.colcon_core.shell:Creating package script '/home/cc/RobotProject/install/robot_description/share/robot_description/package.zsh'
[3.910s] Level 1:colcon.colcon_core.environment:create_file_with_runtime_dependencies(/home/cc/RobotProject/install/robot_description/share/colcon-core/packages/robot_description)
[3.917s] Level 1:colcon.colcon_core.environment:checking '/home/cc/RobotProject/install/yolo_detection' for CMake module files
[3.917s] Level 1:colcon.colcon_core.environment:checking '/home/cc/RobotProject/install/yolo_detection' for CMake config files
[3.918s] Level 1:colcon.colcon_core.environment:checking '/home/cc/RobotProject/install/yolo_detection/lib'
[3.918s] Level 1:colcon.colcon_core.environment:checking '/home/cc/RobotProject/install/yolo_detection/bin'
[3.918s] Level 1:colcon.colcon_core.environment:checking '/home/cc/RobotProject/install/yolo_detection/lib/pkgconfig/yolo_detection.pc'
[3.919s] Level 1:colcon.colcon_core.environment:checking '/home/cc/RobotProject/install/yolo_detection/lib/python3.10/site-packages'
[3.919s] Level 1:colcon.colcon_core.shell:create_environment_hook('yolo_detection', 'pythonpath')
[3.919s] INFO:colcon.colcon_core.shell:Creating environment hook '/home/cc/RobotProject/install/yolo_detection/share/yolo_detection/hook/pythonpath.ps1'
[3.921s] DEBUG:colcon.colcon_core.event_handler.log_command:Invoked command in '/home/cc/RobotProject/src/yolo_detection' returned '0': PYTHONPATH=/home/cc/RobotProject/build/yolo_detection/prefix_override:/usr/lib/python3/dist-packages/colcon_core/task/python/colcon_distutils_commands:/home/cc/RobotProject/install/yolo_detection/lib/python3.10/site-packages:${PYTHONPATH} /usr/bin/python3 -W ignore:setup.py install is deprecated setup.py egg_info --egg-base ../../build/yolo_detection build --build-base /home/cc/RobotProject/build/yolo_detection/build install --record /home/cc/RobotProject/build/yolo_detection/install.log --single-version-externally-managed install_data
[3.922s] INFO:colcon.colcon_core.shell:Creating environment descriptor '/home/cc/RobotProject/install/yolo_detection/share/yolo_detection/hook/pythonpath.dsv'
[3.923s] INFO:colcon.colcon_core.shell:Creating environment hook '/home/cc/RobotProject/install/yolo_detection/share/yolo_detection/hook/pythonpath.sh'
[3.924s] Level 1:colcon.colcon_core.environment:checking '/home/cc/RobotProject/install/yolo_detection/bin'
[3.924s] Level 1:colcon.colcon_core.environment:create_environment_scripts_only(yolo_detection)
[3.924s] INFO:colcon.colcon_core.shell:Creating package script '/home/cc/RobotProject/install/yolo_detection/share/yolo_detection/package.ps1'
[3.925s] INFO:colcon.colcon_core.shell:Creating package descriptor '/home/cc/RobotProject/install/yolo_detection/share/yolo_detection/package.dsv'
[3.926s] INFO:colcon.colcon_core.shell:Creating package script '/home/cc/RobotProject/install/yolo_detection/share/yolo_detection/package.sh'
[3.927s] INFO:colcon.colcon_core.shell:Creating package script '/home/cc/RobotProject/install/yolo_detection/share/yolo_detection/package.bash'
[3.927s] INFO:colcon.colcon_core.shell:Creating package script '/home/cc/RobotProject/install/yolo_detection/share/yolo_detection/package.zsh'
[3.928s] Level 1:colcon.colcon_core.environment:create_file_with_runtime_dependencies(/home/cc/RobotProject/install/yolo_detection/share/colcon-core/packages/yolo_detection)
[3.928s] DEBUG:colcon.colcon_parallel_executor.executor.parallel:closing loop
[3.929s] DEBUG:colcon.colcon_parallel_executor.executor.parallel:loop closed
[3.929s] DEBUG:colcon.colcon_parallel_executor.executor.parallel:run_until_complete finished with '0'
[3.929s] DEBUG:colcon.colcon_core.event_reactor:joining thread
[3.958s] INFO:colcon.colcon_core.plugin_system:Skipping extension 'colcon_notification.desktop_notification.terminal_notifier': Not used on non-Darwin systems
[3.959s] INFO:colcon.colcon_core.plugin_system:Skipping extension 'colcon_notification.desktop_notification.win32': Not used on non-Windows systems
[3.959s] INFO:colcon.colcon_notification.desktop_notification:Sending desktop notification using 'notify2'
[3.980s] DEBUG:colcon.colcon_core.event_reactor:joined thread
[3.981s] INFO:colcon.colcon_core.shell:Creating prefix script '/home/cc/RobotProject/install/local_setup.ps1'
[3.982s] INFO:colcon.colcon_core.shell:Creating prefix util module '/home/cc/RobotProject/install/_local_setup_util_ps1.py'
[3.984s] INFO:colcon.colcon_core.shell:Creating prefix chain script '/home/cc/RobotProject/install/setup.ps1'
[3.990s] INFO:colcon.colcon_core.shell:Creating prefix script '/home/cc/RobotProject/install/local_setup.sh'
[3.991s] INFO:colcon.colcon_core.shell:Creating prefix util module '/home/cc/RobotProject/install/_local_setup_util_sh.py'
[3.992s] INFO:colcon.colcon_core.shell:Creating prefix chain script '/home/cc/RobotProject/install/setup.sh'
[3.995s] INFO:colcon.colcon_core.shell:Creating prefix script '/home/cc/RobotProject/install/local_setup.bash'
[4.001s] INFO:colcon.colcon_core.shell:Creating prefix chain script '/home/cc/RobotProject/install/setup.bash'
[4.003s] INFO:colcon.colcon_core.shell:Creating prefix script '/home/cc/RobotProject/install/local_setup.zsh'
[4.004s] INFO:colcon.colcon_core.shell:Creating prefix chain script '/home/cc/RobotProject/install/setup.zsh'
