[0.371s] Invoking command in '/home/cc/RobotProject/build/robot_mapping': CMAKE_PREFIX_PATH=${CMAKE_PREFIX_PATH}:/home/cc/RobotProject/install/robot_description:/home/cc/ros2_ws/src/install/yolov5_ros2:/home/cc/ros2_ws/src/install/ros2_yolov5:/home/cc/ros2_ws/src/install/hello_robot:/opt/ros/humble /usr/bin/cmake --build /home/cc/RobotProject/build/robot_mapping -- -j8 -l8
[0.734s] Invoked command in '/home/cc/RobotProject/build/robot_mapping' returned '0': CMAKE_PREFIX_PATH=${CMAKE_PREFIX_PATH}:/home/cc/RobotProject/install/robot_description:/home/cc/ros2_ws/src/install/yolov5_ros2:/home/cc/ros2_ws/src/install/ros2_yolov5:/home/cc/ros2_ws/src/install/hello_robot:/opt/ros/humble /usr/bin/cmake --build /home/cc/RobotProject/build/robot_mapping -- -j8 -l8
[0.771s] Invoking command in '/home/cc/RobotProject/build/robot_mapping': CMAKE_PREFIX_PATH=${CMAKE_PREFIX_PATH}:/home/cc/RobotProject/install/robot_description:/home/cc/ros2_ws/src/install/yolov5_ros2:/home/cc/ros2_ws/src/install/ros2_yolov5:/home/cc/ros2_ws/src/install/hello_robot:/opt/ros/humble /usr/bin/cmake --install /home/cc/RobotProject/build/robot_mapping
[0.786s] -- Install configuration: ""
[0.786s] -- Up-to-date: /home/cc/RobotProject/install/robot_mapping/share/robot_mapping/config
[0.787s] -- Up-to-date: /home/cc/RobotProject/install/robot_mapping/share/robot_mapping/config/map_2d.lua
[0.787s] -- Up-to-date: /home/cc/RobotProject/install/robot_mapping/share/robot_mapping/launch
[0.787s] -- Up-to-date: /home/cc/RobotProject/install/robot_mapping/share/robot_mapping/launch/mapping.launch.py
[0.787s] -- Up-to-date: /home/cc/RobotProject/install/robot_mapping/share/robot_mapping/rviz
[0.788s] -- Up-to-date: /home/cc/RobotProject/install/robot_mapping/share/ament_index/resource_index/package_run_dependencies/robot_mapping
[0.788s] -- Up-to-date: /home/cc/RobotProject/install/robot_mapping/share/ament_index/resource_index/parent_prefix_path/robot_mapping
[0.789s] -- Up-to-date: /home/cc/RobotProject/install/robot_mapping/share/robot_mapping/environment/ament_prefix_path.sh
[0.789s] -- Up-to-date: /home/cc/RobotProject/install/robot_mapping/share/robot_mapping/environment/ament_prefix_path.dsv
[0.789s] -- Up-to-date: /home/cc/RobotProject/install/robot_mapping/share/robot_mapping/environment/path.sh
[0.789s] -- Up-to-date: /home/cc/RobotProject/install/robot_mapping/share/robot_mapping/environment/path.dsv
[0.789s] -- Up-to-date: /home/cc/RobotProject/install/robot_mapping/share/robot_mapping/local_setup.bash
[0.789s] -- Up-to-date: /home/cc/RobotProject/install/robot_mapping/share/robot_mapping/local_setup.sh
[0.790s] -- Up-to-date: /home/cc/RobotProject/install/robot_mapping/share/robot_mapping/local_setup.zsh
[0.790s] -- Up-to-date: /home/cc/RobotProject/install/robot_mapping/share/robot_mapping/local_setup.dsv
[0.790s] -- Installing: /home/cc/RobotProject/install/robot_mapping/share/robot_mapping/package.dsv
[0.790s] -- Up-to-date: /home/cc/RobotProject/install/robot_mapping/share/ament_index/resource_index/packages/robot_mapping
[0.790s] -- Up-to-date: /home/cc/RobotProject/install/robot_mapping/share/robot_mapping/cmake/robot_mappingConfig.cmake
[0.790s] -- Up-to-date: /home/cc/RobotProject/install/robot_mapping/share/robot_mapping/cmake/robot_mappingConfig-version.cmake
[0.790s] -- Up-to-date: /home/cc/RobotProject/install/robot_mapping/share/robot_mapping/package.xml
[0.791s] Invoked command in '/home/cc/RobotProject/build/robot_mapping' returned '0': CMAKE_PREFIX_PATH=${CMAKE_PREFIX_PATH}:/home/cc/RobotProject/install/robot_description:/home/cc/ros2_ws/src/install/yolov5_ros2:/home/cc/ros2_ws/src/install/ros2_yolov5:/home/cc/ros2_ws/src/install/hello_robot:/opt/ros/humble /usr/bin/cmake --install /home/cc/RobotProject/build/robot_mapping
