[0.176s] DEBUG:colcon:Command line arguments: ['/usr/bin/colcon', 'build']
[0.176s] DEBUG:colcon:Parsed command line arguments: Namespace(log_base=None, log_level=None, verb_name='build', build_base='build', install_base='install', merge_install=False, symlink_install=False, test_result_base=None, continue_on_error=False, executor='parallel', parallel_workers=8, event_handlers=None, ignore_user_meta=False, metas=['./colcon.meta'], base_paths=['.'], packages_ignore=None, packages_ignore_regex=None, paths=None, packages_up_to=None, packages_up_to_regex=None, packages_above=None, packages_above_and_dependencies=None, packages_above_depth=None, packages_select_by_dep=None, packages_skip_by_dep=None, packages_skip_up_to=None, packages_select_build_failed=False, packages_skip_build_finished=False, packages_select_test_failures=False, packages_skip_test_passed=False, packages_select=None, packages_skip=None, packages_select_regex=None, packages_skip_regex=None, packages_start=None, packages_end=None, allow_overriding=[], cmake_args=None, cmake_target=None, cmake_target_skip_unavailable=False, cmake_clean_cache=False, cmake_clean_first=False, cmake_force_configure=False, ament_cmake_args=None, catkin_cmake_args=None, catkin_skip_building_tests=False, verb_parser=<colcon_defaults.argument_parser.defaults.DefaultArgumentsDecorator object at 0x72ed4cd49d80>, verb_extension=<colcon_core.verb.build.BuildVerb object at 0x72ed4cd04370>, main=<bound method BuildVerb.main of <colcon_core.verb.build.BuildVerb object at 0x72ed4cd04370>>)
[0.552s] Level 1:colcon.colcon_core.package_discovery:discover_packages(colcon_meta) check parameters
[0.553s] Level 1:colcon.colcon_core.package_discovery:discover_packages(recursive) check parameters
[0.553s] Level 1:colcon.colcon_core.package_discovery:discover_packages(ignore) check parameters
[0.553s] Level 1:colcon.colcon_core.package_discovery:discover_packages(path) check parameters
[0.553s] Level 1:colcon.colcon_core.package_discovery:discover_packages(colcon_meta) discover
[0.553s] Level 1:colcon.colcon_core.package_discovery:discover_packages(recursive) discover
[0.553s] INFO:colcon.colcon_core.package_discovery:Crawling recursively for packages in '/home/cc/RobotProject'
[0.553s] Level 1:colcon.colcon_core.package_identification:_identify(.) by extensions ['ignore', 'ignore_ament_install']
[0.553s] Level 1:colcon.colcon_core.package_identification:_identify(.) by extension 'ignore'
[0.553s] Level 1:colcon.colcon_core.package_identification:_identify(.) by extension 'ignore_ament_install'
[0.553s] Level 1:colcon.colcon_core.package_identification:_identify(.) by extensions ['colcon_pkg']
[0.553s] Level 1:colcon.colcon_core.package_identification:_identify(.) by extension 'colcon_pkg'
[0.554s] Level 1:colcon.colcon_core.package_identification:_identify(.) by extensions ['colcon_meta']
[0.554s] Level 1:colcon.colcon_core.package_identification:_identify(.) by extension 'colcon_meta'
[0.554s] Level 1:colcon.colcon_core.package_identification:_identify(.) by extensions ['ros']
[0.554s] Level 1:colcon.colcon_core.package_identification:_identify(.) by extension 'ros'
[0.582s] Level 1:colcon.colcon_core.package_identification:_identify(.) by extensions ['cmake', 'python']
[0.582s] Level 1:colcon.colcon_core.package_identification:_identify(.) by extension 'cmake'
[0.582s] Level 1:colcon.colcon_core.package_identification:_identify(.) by extension 'python'
[0.582s] Level 1:colcon.colcon_core.package_identification:_identify(.) by extensions ['python_setup_py']
[0.582s] Level 1:colcon.colcon_core.package_identification:_identify(.) by extension 'python_setup_py'
[0.582s] Level 1:colcon.colcon_core.package_identification:_identify(build) by extensions ['ignore', 'ignore_ament_install']
[0.582s] Level 1:colcon.colcon_core.package_identification:_identify(build) by extension 'ignore'
[0.582s] Level 1:colcon.colcon_core.package_identification:_identify(build) ignored
[0.583s] Level 1:colcon.colcon_core.package_identification:_identify(install) by extensions ['ignore', 'ignore_ament_install']
[0.583s] Level 1:colcon.colcon_core.package_identification:_identify(install) by extension 'ignore'
[0.583s] Level 1:colcon.colcon_core.package_identification:_identify(install) ignored
[0.583s] Level 1:colcon.colcon_core.package_identification:_identify(log) by extensions ['ignore', 'ignore_ament_install']
[0.583s] Level 1:colcon.colcon_core.package_identification:_identify(log) by extension 'ignore'
[0.583s] Level 1:colcon.colcon_core.package_identification:_identify(log) ignored
[0.583s] Level 1:colcon.colcon_core.package_identification:_identify(src) by extensions ['ignore', 'ignore_ament_install']
[0.584s] Level 1:colcon.colcon_core.package_identification:_identify(src) by extension 'ignore'
[0.584s] Level 1:colcon.colcon_core.package_identification:_identify(src) by extension 'ignore_ament_install'
[0.584s] Level 1:colcon.colcon_core.package_identification:_identify(src) by extensions ['colcon_pkg']
[0.584s] Level 1:colcon.colcon_core.package_identification:_identify(src) by extension 'colcon_pkg'
[0.584s] Level 1:colcon.colcon_core.package_identification:_identify(src) by extensions ['colcon_meta']
[0.584s] Level 1:colcon.colcon_core.package_identification:_identify(src) by extension 'colcon_meta'
[0.584s] Level 1:colcon.colcon_core.package_identification:_identify(src) by extensions ['ros']
[0.584s] Level 1:colcon.colcon_core.package_identification:_identify(src) by extension 'ros'
[0.584s] Level 1:colcon.colcon_core.package_identification:_identify(src) by extensions ['cmake', 'python']
[0.584s] Level 1:colcon.colcon_core.package_identification:_identify(src) by extension 'cmake'
[0.584s] Level 1:colcon.colcon_core.package_identification:_identify(src) by extension 'python'
[0.584s] Level 1:colcon.colcon_core.package_identification:_identify(src) by extensions ['python_setup_py']
[0.584s] Level 1:colcon.colcon_core.package_identification:_identify(src) by extension 'python_setup_py'
[0.584s] Level 1:colcon.colcon_core.package_identification:_identify(src/robot_description) by extensions ['ignore', 'ignore_ament_install']
[0.584s] Level 1:colcon.colcon_core.package_identification:_identify(src/robot_description) by extension 'ignore'
[0.585s] Level 1:colcon.colcon_core.package_identification:_identify(src/robot_description) by extension 'ignore_ament_install'
[0.585s] Level 1:colcon.colcon_core.package_identification:_identify(src/robot_description) by extensions ['colcon_pkg']
[0.585s] Level 1:colcon.colcon_core.package_identification:_identify(src/robot_description) by extension 'colcon_pkg'
[0.585s] Level 1:colcon.colcon_core.package_identification:_identify(src/robot_description) by extensions ['colcon_meta']
[0.585s] Level 1:colcon.colcon_core.package_identification:_identify(src/robot_description) by extension 'colcon_meta'
[0.585s] Level 1:colcon.colcon_core.package_identification:_identify(src/robot_description) by extensions ['ros']
[0.585s] Level 1:colcon.colcon_core.package_identification:_identify(src/robot_description) by extension 'ros'
[0.590s] DEBUG:colcon.colcon_core.package_identification:Package 'src/robot_description' with type 'ros.ament_python' and name 'robot_description'
[0.590s] Level 1:colcon.colcon_core.package_identification:_identify(src/robot_mapping) by extensions ['ignore', 'ignore_ament_install']
[0.590s] Level 1:colcon.colcon_core.package_identification:_identify(src/robot_mapping) by extension 'ignore'
[0.591s] Level 1:colcon.colcon_core.package_identification:_identify(src/robot_mapping) by extension 'ignore_ament_install'
[0.591s] Level 1:colcon.colcon_core.package_identification:_identify(src/robot_mapping) by extensions ['colcon_pkg']
[0.591s] Level 1:colcon.colcon_core.package_identification:_identify(src/robot_mapping) by extension 'colcon_pkg'
[0.591s] Level 1:colcon.colcon_core.package_identification:_identify(src/robot_mapping) by extensions ['colcon_meta']
[0.591s] Level 1:colcon.colcon_core.package_identification:_identify(src/robot_mapping) by extension 'colcon_meta'
[0.591s] Level 1:colcon.colcon_core.package_identification:_identify(src/robot_mapping) by extensions ['ros']
[0.591s] Level 1:colcon.colcon_core.package_identification:_identify(src/robot_mapping) by extension 'ros'
[0.592s] DEBUG:colcon.colcon_core.package_identification:Package 'src/robot_mapping' with type 'ros.ament_cmake' and name 'robot_mapping'
[0.592s] Level 1:colcon.colcon_core.package_identification:_identify(src/robot_navigation) by extensions ['ignore', 'ignore_ament_install']
[0.592s] Level 1:colcon.colcon_core.package_identification:_identify(src/robot_navigation) by extension 'ignore'
[0.592s] Level 1:colcon.colcon_core.package_identification:_identify(src/robot_navigation) by extension 'ignore_ament_install'
[0.592s] Level 1:colcon.colcon_core.package_identification:_identify(src/robot_navigation) by extensions ['colcon_pkg']
[0.592s] Level 1:colcon.colcon_core.package_identification:_identify(src/robot_navigation) by extension 'colcon_pkg'
[0.592s] Level 1:colcon.colcon_core.package_identification:_identify(src/robot_navigation) by extensions ['colcon_meta']
[0.592s] Level 1:colcon.colcon_core.package_identification:_identify(src/robot_navigation) by extension 'colcon_meta'
[0.592s] Level 1:colcon.colcon_core.package_identification:_identify(src/robot_navigation) by extensions ['ros']
[0.592s] Level 1:colcon.colcon_core.package_identification:_identify(src/robot_navigation) by extension 'ros'
[0.593s] DEBUG:colcon.colcon_core.package_identification:Package 'src/robot_navigation' with type 'ros.ament_cmake' and name 'robot_navigation'
[0.593s] Level 1:colcon.colcon_core.package_identification:_identify(src/yolo_detection) by extensions ['ignore', 'ignore_ament_install']
[0.593s] Level 1:colcon.colcon_core.package_identification:_identify(src/yolo_detection) by extension 'ignore'
[0.593s] Level 1:colcon.colcon_core.package_identification:_identify(src/yolo_detection) by extension 'ignore_ament_install'
[0.593s] Level 1:colcon.colcon_core.package_identification:_identify(src/yolo_detection) by extensions ['colcon_pkg']
[0.594s] Level 1:colcon.colcon_core.package_identification:_identify(src/yolo_detection) by extension 'colcon_pkg'
[0.594s] Level 1:colcon.colcon_core.package_identification:_identify(src/yolo_detection) by extensions ['colcon_meta']
[0.594s] Level 1:colcon.colcon_core.package_identification:_identify(src/yolo_detection) by extension 'colcon_meta'
[0.594s] Level 1:colcon.colcon_core.package_identification:_identify(src/yolo_detection) by extensions ['ros']
[0.594s] Level 1:colcon.colcon_core.package_identification:_identify(src/yolo_detection) by extension 'ros'
[0.595s] DEBUG:colcon.colcon_core.package_identification:Package 'src/yolo_detection' with type 'ros.ament_python' and name 'yolo_detection'
[0.595s] Level 1:colcon.colcon_core.package_discovery:discover_packages(recursive) using defaults
[0.595s] Level 1:colcon.colcon_core.package_discovery:discover_packages(ignore) discover
[0.595s] Level 1:colcon.colcon_core.package_discovery:discover_packages(ignore) using defaults
[0.595s] Level 1:colcon.colcon_core.package_discovery:discover_packages(path) discover
[0.595s] Level 1:colcon.colcon_core.package_discovery:discover_packages(path) using defaults
[0.628s] Level 1:colcon.colcon_core.package_discovery:discover_packages(prefix_path) check parameters
[0.628s] Level 1:colcon.colcon_core.package_discovery:discover_packages(prefix_path) discover
[0.632s] DEBUG:colcon.colcon_installed_package_information.package_discovery:Found 4 installed packages in /home/cc/RobotProject/install
[0.634s] DEBUG:colcon.colcon_installed_package_information.package_discovery:Found 5 installed packages in /home/cc/ros2_ws/src/install
[0.637s] DEBUG:colcon.colcon_installed_package_information.package_discovery:Found 373 installed packages in /opt/ros/humble
[0.640s] Level 1:colcon.colcon_core.package_discovery:discover_packages(prefix_path) using defaults
[0.700s] Level 5:colcon.colcon_core.verb:set package 'robot_description' build argument 'cmake_args' from command line to 'None'
[0.700s] Level 5:colcon.colcon_core.verb:set package 'robot_description' build argument 'cmake_target' from command line to 'None'
[0.700s] Level 5:colcon.colcon_core.verb:set package 'robot_description' build argument 'cmake_target_skip_unavailable' from command line to 'False'
[0.700s] Level 5:colcon.colcon_core.verb:set package 'robot_description' build argument 'cmake_clean_cache' from command line to 'False'
[0.700s] Level 5:colcon.colcon_core.verb:set package 'robot_description' build argument 'cmake_clean_first' from command line to 'False'
[0.700s] Level 5:colcon.colcon_core.verb:set package 'robot_description' build argument 'cmake_force_configure' from command line to 'False'
[0.700s] Level 5:colcon.colcon_core.verb:set package 'robot_description' build argument 'ament_cmake_args' from command line to 'None'
[0.700s] Level 5:colcon.colcon_core.verb:set package 'robot_description' build argument 'catkin_cmake_args' from command line to 'None'
[0.700s] Level 5:colcon.colcon_core.verb:set package 'robot_description' build argument 'catkin_skip_building_tests' from command line to 'False'
[0.700s] DEBUG:colcon.colcon_core.verb:Building package 'robot_description' with the following arguments: {'ament_cmake_args': None, 'build_base': '/home/cc/RobotProject/build/robot_description', 'catkin_cmake_args': None, 'catkin_skip_building_tests': False, 'cmake_args': None, 'cmake_clean_cache': False, 'cmake_clean_first': False, 'cmake_force_configure': False, 'cmake_target': None, 'cmake_target_skip_unavailable': False, 'install_base': '/home/cc/RobotProject/install/robot_description', 'merge_install': False, 'path': '/home/cc/RobotProject/src/robot_description', 'symlink_install': False, 'test_result_base': None}
[0.701s] Level 5:colcon.colcon_core.verb:set package 'robot_mapping' build argument 'cmake_args' from command line to 'None'
[0.701s] Level 5:colcon.colcon_core.verb:set package 'robot_mapping' build argument 'cmake_target' from command line to 'None'
[0.701s] Level 5:colcon.colcon_core.verb:set package 'robot_mapping' build argument 'cmake_target_skip_unavailable' from command line to 'False'
[0.701s] Level 5:colcon.colcon_core.verb:set package 'robot_mapping' build argument 'cmake_clean_cache' from command line to 'False'
[0.701s] Level 5:colcon.colcon_core.verb:set package 'robot_mapping' build argument 'cmake_clean_first' from command line to 'False'
[0.701s] Level 5:colcon.colcon_core.verb:set package 'robot_mapping' build argument 'cmake_force_configure' from command line to 'False'
[0.701s] Level 5:colcon.colcon_core.verb:set package 'robot_mapping' build argument 'ament_cmake_args' from command line to 'None'
[0.701s] Level 5:colcon.colcon_core.verb:set package 'robot_mapping' build argument 'catkin_cmake_args' from command line to 'None'
[0.701s] Level 5:colcon.colcon_core.verb:set package 'robot_mapping' build argument 'catkin_skip_building_tests' from command line to 'False'
[0.701s] DEBUG:colcon.colcon_core.verb:Building package 'robot_mapping' with the following arguments: {'ament_cmake_args': None, 'build_base': '/home/cc/RobotProject/build/robot_mapping', 'catkin_cmake_args': None, 'catkin_skip_building_tests': False, 'cmake_args': None, 'cmake_clean_cache': False, 'cmake_clean_first': False, 'cmake_force_configure': False, 'cmake_target': None, 'cmake_target_skip_unavailable': False, 'install_base': '/home/cc/RobotProject/install/robot_mapping', 'merge_install': False, 'path': '/home/cc/RobotProject/src/robot_mapping', 'symlink_install': False, 'test_result_base': None}
[0.702s] Level 5:colcon.colcon_core.verb:set package 'robot_navigation' build argument 'cmake_args' from command line to 'None'
[0.702s] Level 5:colcon.colcon_core.verb:set package 'robot_navigation' build argument 'cmake_target' from command line to 'None'
[0.702s] Level 5:colcon.colcon_core.verb:set package 'robot_navigation' build argument 'cmake_target_skip_unavailable' from command line to 'False'
[0.702s] Level 5:colcon.colcon_core.verb:set package 'robot_navigation' build argument 'cmake_clean_cache' from command line to 'False'
[0.702s] Level 5:colcon.colcon_core.verb:set package 'robot_navigation' build argument 'cmake_clean_first' from command line to 'False'
[0.702s] Level 5:colcon.colcon_core.verb:set package 'robot_navigation' build argument 'cmake_force_configure' from command line to 'False'
[0.702s] Level 5:colcon.colcon_core.verb:set package 'robot_navigation' build argument 'ament_cmake_args' from command line to 'None'
[0.702s] Level 5:colcon.colcon_core.verb:set package 'robot_navigation' build argument 'catkin_cmake_args' from command line to 'None'
[0.702s] Level 5:colcon.colcon_core.verb:set package 'robot_navigation' build argument 'catkin_skip_building_tests' from command line to 'False'
[0.702s] DEBUG:colcon.colcon_core.verb:Building package 'robot_navigation' with the following arguments: {'ament_cmake_args': None, 'build_base': '/home/cc/RobotProject/build/robot_navigation', 'catkin_cmake_args': None, 'catkin_skip_building_tests': False, 'cmake_args': None, 'cmake_clean_cache': False, 'cmake_clean_first': False, 'cmake_force_configure': False, 'cmake_target': None, 'cmake_target_skip_unavailable': False, 'install_base': '/home/cc/RobotProject/install/robot_navigation', 'merge_install': False, 'path': '/home/cc/RobotProject/src/robot_navigation', 'symlink_install': False, 'test_result_base': None}
[0.703s] Level 5:colcon.colcon_core.verb:set package 'yolo_detection' build argument 'cmake_args' from command line to 'None'
[0.703s] Level 5:colcon.colcon_core.verb:set package 'yolo_detection' build argument 'cmake_target' from command line to 'None'
[0.703s] Level 5:colcon.colcon_core.verb:set package 'yolo_detection' build argument 'cmake_target_skip_unavailable' from command line to 'False'
[0.703s] Level 5:colcon.colcon_core.verb:set package 'yolo_detection' build argument 'cmake_clean_cache' from command line to 'False'
[0.703s] Level 5:colcon.colcon_core.verb:set package 'yolo_detection' build argument 'cmake_clean_first' from command line to 'False'
[0.703s] Level 5:colcon.colcon_core.verb:set package 'yolo_detection' build argument 'cmake_force_configure' from command line to 'False'
[0.703s] Level 5:colcon.colcon_core.verb:set package 'yolo_detection' build argument 'ament_cmake_args' from command line to 'None'
[0.703s] Level 5:colcon.colcon_core.verb:set package 'yolo_detection' build argument 'catkin_cmake_args' from command line to 'None'
[0.703s] Level 5:colcon.colcon_core.verb:set package 'yolo_detection' build argument 'catkin_skip_building_tests' from command line to 'False'
[0.703s] DEBUG:colcon.colcon_core.verb:Building package 'yolo_detection' with the following arguments: {'ament_cmake_args': None, 'build_base': '/home/cc/RobotProject/build/yolo_detection', 'catkin_cmake_args': None, 'catkin_skip_building_tests': False, 'cmake_args': None, 'cmake_clean_cache': False, 'cmake_clean_first': False, 'cmake_force_configure': False, 'cmake_target': None, 'cmake_target_skip_unavailable': False, 'install_base': '/home/cc/RobotProject/install/yolo_detection', 'merge_install': False, 'path': '/home/cc/RobotProject/src/yolo_detection', 'symlink_install': False, 'test_result_base': None}
[0.703s] INFO:colcon.colcon_core.executor:Executing jobs using 'parallel' executor
[0.706s] DEBUG:colcon.colcon_parallel_executor.executor.parallel:run_until_complete
[0.706s] INFO:colcon.colcon_ros.task.ament_python.build:Building ROS package in '/home/cc/RobotProject/src/robot_description' with build type 'ament_python'
[0.706s] Level 1:colcon.colcon_core.shell:create_environment_hook('robot_description', 'ament_prefix_path')
[0.708s] INFO:colcon.colcon_core.plugin_system:Skipping extension 'colcon_core.shell.bat': Not used on non-Windows systems
[0.709s] INFO:colcon.colcon_core.shell:Creating environment hook '/home/cc/RobotProject/install/robot_description/share/robot_description/hook/ament_prefix_path.ps1'
[0.712s] INFO:colcon.colcon_core.shell:Creating environment descriptor '/home/cc/RobotProject/install/robot_description/share/robot_description/hook/ament_prefix_path.dsv'
[0.713s] INFO:colcon.colcon_core.shell:Creating environment hook '/home/cc/RobotProject/install/robot_description/share/robot_description/hook/ament_prefix_path.sh'
[0.714s] INFO:colcon.colcon_core.shell:Skip shell extension 'powershell' for command environment: Not usable outside of PowerShell
[0.714s] DEBUG:colcon.colcon_core.shell:Skip shell extension 'dsv' for command environment
[0.721s] INFO:colcon.colcon_ros.task.ament_cmake.build:Building ROS package in '/home/cc/RobotProject/src/robot_mapping' with build type 'ament_cmake'
[0.722s] INFO:colcon.colcon_cmake.task.cmake.build:Building CMake package in '/home/cc/RobotProject/src/robot_mapping'
[0.722s] INFO:colcon.colcon_core.shell:Skip shell extension 'powershell' for command environment: Not usable outside of PowerShell
[0.722s] DEBUG:colcon.colcon_core.shell:Skip shell extension 'dsv' for command environment
[0.747s] INFO:colcon.colcon_ros.task.ament_cmake.build:Building ROS package in '/home/cc/RobotProject/src/robot_navigation' with build type 'ament_cmake'
[0.748s] INFO:colcon.colcon_cmake.task.cmake.build:Building CMake package in '/home/cc/RobotProject/src/robot_navigation'
[0.748s] INFO:colcon.colcon_core.shell:Skip shell extension 'powershell' for command environment: Not usable outside of PowerShell
[0.749s] DEBUG:colcon.colcon_core.shell:Skip shell extension 'dsv' for command environment
[0.757s] INFO:colcon.colcon_ros.task.ament_python.build:Building ROS package in '/home/cc/RobotProject/src/yolo_detection' with build type 'ament_python'
[0.757s] Level 1:colcon.colcon_core.shell:create_environment_hook('yolo_detection', 'ament_prefix_path')
[0.760s] INFO:colcon.colcon_core.shell:Creating environment hook '/home/cc/RobotProject/install/yolo_detection/share/yolo_detection/hook/ament_prefix_path.ps1'
[0.761s] INFO:colcon.colcon_core.shell:Creating environment descriptor '/home/cc/RobotProject/install/yolo_detection/share/yolo_detection/hook/ament_prefix_path.dsv'
[0.762s] INFO:colcon.colcon_core.shell:Creating environment hook '/home/cc/RobotProject/install/yolo_detection/share/yolo_detection/hook/ament_prefix_path.sh'
[0.763s] INFO:colcon.colcon_core.shell:Skip shell extension 'powershell' for command environment: Not usable outside of PowerShell
[0.767s] DEBUG:colcon.colcon_core.shell:Skip shell extension 'dsv' for command environment
[1.337s] INFO:colcon.colcon_core.task.python.build:Building Python package in '/home/cc/RobotProject/src/robot_description'
[1.337s] INFO:colcon.colcon_core.shell:Skip shell extension 'powershell' for command environment: Not usable outside of PowerShell
[1.337s] DEBUG:colcon.colcon_core.shell:Skip shell extension 'dsv' for command environment
[1.362s] DEBUG:colcon.colcon_core.event_handler.log_command:Invoking command in '/home/cc/RobotProject/build/robot_mapping': CMAKE_PREFIX_PATH=${CMAKE_PREFIX_PATH}:/home/cc/RobotProject/install/yolo_detection:/home/cc/RobotProject/install/robot_description:/home/cc/ros2_ws/src/install/yolov5_ros2:/opt/ros/humble /usr/bin/cmake --build /home/cc/RobotProject/build/robot_mapping -- -j8 -l8
[1.366s] DEBUG:colcon.colcon_core.event_handler.log_command:Invoking command in '/home/cc/RobotProject/build/robot_navigation': CMAKE_PREFIX_PATH=${CMAKE_PREFIX_PATH}:/home/cc/RobotProject/install/yolo_detection:/home/cc/RobotProject/install/robot_description:/home/cc/ros2_ws/src/install/yolov5_ros2:/opt/ros/humble /usr/bin/cmake --build /home/cc/RobotProject/build/robot_navigation -- -j8 -l8
[2.004s] INFO:colcon.colcon_core.task.python.build:Building Python package in '/home/cc/RobotProject/src/yolo_detection'
[2.004s] INFO:colcon.colcon_core.shell:Skip shell extension 'powershell' for command environment: Not usable outside of PowerShell
[2.005s] DEBUG:colcon.colcon_core.shell:Skip shell extension 'dsv' for command environment
[2.067s] DEBUG:colcon.colcon_core.event_handler.log_command:Invoked command in '/home/cc/RobotProject/build/robot_mapping' returned '0': CMAKE_PREFIX_PATH=${CMAKE_PREFIX_PATH}:/home/cc/RobotProject/install/yolo_detection:/home/cc/RobotProject/install/robot_description:/home/cc/ros2_ws/src/install/yolov5_ros2:/opt/ros/humble /usr/bin/cmake --build /home/cc/RobotProject/build/robot_mapping -- -j8 -l8
[2.070s] DEBUG:colcon.colcon_core.event_handler.log_command:Invoked command in '/home/cc/RobotProject/build/robot_navigation' returned '0': CMAKE_PREFIX_PATH=${CMAKE_PREFIX_PATH}:/home/cc/RobotProject/install/yolo_detection:/home/cc/RobotProject/install/robot_description:/home/cc/ros2_ws/src/install/yolov5_ros2:/opt/ros/humble /usr/bin/cmake --build /home/cc/RobotProject/build/robot_navigation -- -j8 -l8
[2.154s] DEBUG:colcon.colcon_core.event_handler.log_command:Invoking command in '/home/cc/RobotProject/build/robot_navigation': CMAKE_PREFIX_PATH=${CMAKE_PREFIX_PATH}:/home/cc/RobotProject/install/yolo_detection:/home/cc/RobotProject/install/robot_description:/home/cc/ros2_ws/src/install/yolov5_ros2:/opt/ros/humble /usr/bin/cmake --install /home/cc/RobotProject/build/robot_navigation
[2.168s] DEBUG:colcon.colcon_core.event_handler.log_command:Invoking command in '/home/cc/RobotProject/build/robot_mapping': CMAKE_PREFIX_PATH=${CMAKE_PREFIX_PATH}:/home/cc/RobotProject/install/yolo_detection:/home/cc/RobotProject/install/robot_description:/home/cc/ros2_ws/src/install/yolov5_ros2:/opt/ros/humble /usr/bin/cmake --install /home/cc/RobotProject/build/robot_mapping
[2.191s] Level 1:colcon.colcon_core.environment:create_environment_scripts_only(robot_navigation)
[2.196s] DEBUG:colcon.colcon_core.event_handler.log_command:Invoked command in '/home/cc/RobotProject/build/robot_navigation' returned '0': CMAKE_PREFIX_PATH=${CMAKE_PREFIX_PATH}:/home/cc/RobotProject/install/yolo_detection:/home/cc/RobotProject/install/robot_description:/home/cc/ros2_ws/src/install/yolov5_ros2:/opt/ros/humble /usr/bin/cmake --install /home/cc/RobotProject/build/robot_navigation
[2.202s] Level 1:colcon.colcon_core.environment:checking '/home/cc/RobotProject/install/robot_navigation' for CMake module files
[2.207s] Level 1:colcon.colcon_core.environment:checking '/home/cc/RobotProject/install/robot_navigation' for CMake config files
[2.207s] Level 1:colcon.colcon_core.shell:create_environment_hook('robot_navigation', 'cmake_prefix_path')
[2.207s] INFO:colcon.colcon_core.shell:Creating environment hook '/home/cc/RobotProject/install/robot_navigation/share/robot_navigation/hook/cmake_prefix_path.ps1'
[2.208s] INFO:colcon.colcon_core.shell:Creating environment descriptor '/home/cc/RobotProject/install/robot_navigation/share/robot_navigation/hook/cmake_prefix_path.dsv'
[2.209s] INFO:colcon.colcon_core.shell:Creating environment hook '/home/cc/RobotProject/install/robot_navigation/share/robot_navigation/hook/cmake_prefix_path.sh'
[2.210s] Level 1:colcon.colcon_core.environment:checking '/home/cc/RobotProject/install/robot_navigation/bin'
[2.210s] Level 1:colcon.colcon_core.environment:checking '/home/cc/RobotProject/install/robot_navigation/lib/pkgconfig/robot_navigation.pc'
[2.210s] Level 1:colcon.colcon_core.environment:checking '/home/cc/RobotProject/install/robot_navigation/lib/python3.10/site-packages'
[2.210s] Level 1:colcon.colcon_core.environment:checking '/home/cc/RobotProject/install/robot_navigation/bin'
[2.211s] INFO:colcon.colcon_core.shell:Creating package script '/home/cc/RobotProject/install/robot_navigation/share/robot_navigation/package.ps1'
[2.212s] INFO:colcon.colcon_core.shell:Creating package descriptor '/home/cc/RobotProject/install/robot_navigation/share/robot_navigation/package.dsv'
[2.215s] INFO:colcon.colcon_core.shell:Creating package script '/home/cc/RobotProject/install/robot_navigation/share/robot_navigation/package.sh'
[2.216s] INFO:colcon.colcon_core.shell:Creating package script '/home/cc/RobotProject/install/robot_navigation/share/robot_navigation/package.bash'
[2.217s] INFO:colcon.colcon_core.shell:Creating package script '/home/cc/RobotProject/install/robot_navigation/share/robot_navigation/package.zsh'
[2.220s] Level 1:colcon.colcon_core.environment:create_file_with_runtime_dependencies(/home/cc/RobotProject/install/robot_navigation/share/colcon-core/packages/robot_navigation)
[2.230s] Level 1:colcon.colcon_core.environment:create_environment_scripts_only(robot_mapping)
[2.231s] Level 1:colcon.colcon_core.environment:checking '/home/cc/RobotProject/install/robot_mapping' for CMake module files
[2.232s] Level 1:colcon.colcon_core.environment:checking '/home/cc/RobotProject/install/robot_mapping' for CMake config files
[2.230s] DEBUG:colcon.colcon_core.event_handler.log_command:Invoked command in '/home/cc/RobotProject/build/robot_mapping' returned '0': CMAKE_PREFIX_PATH=${CMAKE_PREFIX_PATH}:/home/cc/RobotProject/install/yolo_detection:/home/cc/RobotProject/install/robot_description:/home/cc/ros2_ws/src/install/yolov5_ros2:/opt/ros/humble /usr/bin/cmake --install /home/cc/RobotProject/build/robot_mapping
[2.233s] Level 1:colcon.colcon_core.shell:create_environment_hook('robot_mapping', 'cmake_prefix_path')
[2.233s] INFO:colcon.colcon_core.shell:Creating environment hook '/home/cc/RobotProject/install/robot_mapping/share/robot_mapping/hook/cmake_prefix_path.ps1'
[2.234s] INFO:colcon.colcon_core.shell:Creating environment descriptor '/home/cc/RobotProject/install/robot_mapping/share/robot_mapping/hook/cmake_prefix_path.dsv'
[2.235s] INFO:colcon.colcon_core.shell:Creating environment hook '/home/cc/RobotProject/install/robot_mapping/share/robot_mapping/hook/cmake_prefix_path.sh'
[2.237s] Level 1:colcon.colcon_core.environment:checking '/home/cc/RobotProject/install/robot_mapping/bin'
[2.238s] Level 1:colcon.colcon_core.environment:checking '/home/cc/RobotProject/install/robot_mapping/lib/pkgconfig/robot_mapping.pc'
[2.238s] Level 1:colcon.colcon_core.environment:checking '/home/cc/RobotProject/install/robot_mapping/lib/python3.10/site-packages'
[2.238s] Level 1:colcon.colcon_core.environment:checking '/home/cc/RobotProject/install/robot_mapping/bin'
[2.239s] INFO:colcon.colcon_core.shell:Creating package script '/home/cc/RobotProject/install/robot_mapping/share/robot_mapping/package.ps1'
[2.239s] INFO:colcon.colcon_core.shell:Creating package descriptor '/home/cc/RobotProject/install/robot_mapping/share/robot_mapping/package.dsv'
[2.240s] INFO:colcon.colcon_core.shell:Creating package script '/home/cc/RobotProject/install/robot_mapping/share/robot_mapping/package.sh'
[2.240s] INFO:colcon.colcon_core.shell:Creating package script '/home/cc/RobotProject/install/robot_mapping/share/robot_mapping/package.bash'
[2.241s] INFO:colcon.colcon_core.shell:Creating package script '/home/cc/RobotProject/install/robot_mapping/share/robot_mapping/package.zsh'
[2.244s] Level 1:colcon.colcon_core.environment:create_file_with_runtime_dependencies(/home/cc/RobotProject/install/robot_mapping/share/colcon-core/packages/robot_mapping)
[2.298s] Level 1:colcon.colcon_core.environment:create_environment_scripts_only(robot_navigation)
[2.299s] Level 1:colcon.colcon_core.environment:checking '/home/cc/RobotProject/install/robot_navigation' for CMake module files
[2.299s] Level 1:colcon.colcon_core.environment:checking '/home/cc/RobotProject/install/robot_navigation' for CMake config files
[2.300s] Level 1:colcon.colcon_core.shell:create_environment_hook('robot_navigation', 'cmake_prefix_path')
[2.300s] INFO:colcon.colcon_core.shell:Creating environment hook '/home/cc/RobotProject/install/robot_navigation/share/robot_navigation/hook/cmake_prefix_path.ps1'
[2.301s] INFO:colcon.colcon_core.shell:Creating environment descriptor '/home/cc/RobotProject/install/robot_navigation/share/robot_navigation/hook/cmake_prefix_path.dsv'
[2.307s] INFO:colcon.colcon_core.shell:Creating environment hook '/home/cc/RobotProject/install/robot_navigation/share/robot_navigation/hook/cmake_prefix_path.sh'
[2.311s] Level 1:colcon.colcon_core.environment:checking '/home/cc/RobotProject/install/robot_navigation/bin'
[2.311s] Level 1:colcon.colcon_core.environment:checking '/home/cc/RobotProject/install/robot_navigation/lib/pkgconfig/robot_navigation.pc'
[2.311s] Level 1:colcon.colcon_core.environment:checking '/home/cc/RobotProject/install/robot_navigation/lib/python3.10/site-packages'
[2.312s] Level 1:colcon.colcon_core.environment:checking '/home/cc/RobotProject/install/robot_navigation/bin'
[2.312s] INFO:colcon.colcon_core.shell:Creating package script '/home/cc/RobotProject/install/robot_navigation/share/robot_navigation/package.ps1'
[2.315s] INFO:colcon.colcon_core.shell:Creating package descriptor '/home/cc/RobotProject/install/robot_navigation/share/robot_navigation/package.dsv'
[2.316s] INFO:colcon.colcon_core.shell:Creating package script '/home/cc/RobotProject/install/robot_navigation/share/robot_navigation/package.sh'
[2.316s] INFO:colcon.colcon_core.shell:Creating package script '/home/cc/RobotProject/install/robot_navigation/share/robot_navigation/package.bash'
[2.322s] INFO:colcon.colcon_core.shell:Creating package script '/home/cc/RobotProject/install/robot_navigation/share/robot_navigation/package.zsh'
[2.323s] Level 1:colcon.colcon_core.environment:create_file_with_runtime_dependencies(/home/cc/RobotProject/install/robot_navigation/share/colcon-core/packages/robot_navigation)
[2.401s] Level 1:colcon.colcon_core.environment:create_environment_scripts_only(robot_mapping)
[2.402s] Level 1:colcon.colcon_core.environment:checking '/home/cc/RobotProject/install/robot_mapping' for CMake module files
[2.404s] Level 1:colcon.colcon_core.environment:checking '/home/cc/RobotProject/install/robot_mapping' for CMake config files
[2.405s] Level 1:colcon.colcon_core.shell:create_environment_hook('robot_mapping', 'cmake_prefix_path')
[2.405s] INFO:colcon.colcon_core.shell:Creating environment hook '/home/cc/RobotProject/install/robot_mapping/share/robot_mapping/hook/cmake_prefix_path.ps1'
[2.411s] INFO:colcon.colcon_core.shell:Creating environment descriptor '/home/cc/RobotProject/install/robot_mapping/share/robot_mapping/hook/cmake_prefix_path.dsv'
[2.412s] INFO:colcon.colcon_core.shell:Creating environment hook '/home/cc/RobotProject/install/robot_mapping/share/robot_mapping/hook/cmake_prefix_path.sh'
[2.417s] Level 1:colcon.colcon_core.environment:checking '/home/cc/RobotProject/install/robot_mapping/bin'
[2.417s] Level 1:colcon.colcon_core.environment:checking '/home/cc/RobotProject/install/robot_mapping/lib/pkgconfig/robot_mapping.pc'
[2.418s] Level 1:colcon.colcon_core.environment:checking '/home/cc/RobotProject/install/robot_mapping/lib/python3.10/site-packages'
[2.418s] Level 1:colcon.colcon_core.environment:checking '/home/cc/RobotProject/install/robot_mapping/bin'
[2.418s] INFO:colcon.colcon_core.shell:Creating package script '/home/cc/RobotProject/install/robot_mapping/share/robot_mapping/package.ps1'
[2.419s] INFO:colcon.colcon_core.shell:Creating package descriptor '/home/cc/RobotProject/install/robot_mapping/share/robot_mapping/package.dsv'
[2.425s] INFO:colcon.colcon_core.shell:Creating package script '/home/cc/RobotProject/install/robot_mapping/share/robot_mapping/package.sh'
[2.429s] INFO:colcon.colcon_core.shell:Creating package script '/home/cc/RobotProject/install/robot_mapping/share/robot_mapping/package.bash'
[2.430s] INFO:colcon.colcon_core.shell:Creating package script '/home/cc/RobotProject/install/robot_mapping/share/robot_mapping/package.zsh'
[2.430s] Level 1:colcon.colcon_core.environment:create_file_with_runtime_dependencies(/home/cc/RobotProject/install/robot_mapping/share/colcon-core/packages/robot_mapping)
[3.185s] DEBUG:colcon.colcon_core.event_handler.log_command:Invoking command in '/home/cc/RobotProject/src/yolo_detection': PYTHONPATH=/home/cc/RobotProject/build/yolo_detection/prefix_override:/usr/lib/python3/dist-packages/colcon_core/task/python/colcon_distutils_commands:/home/cc/RobotProject/install/yolo_detection/lib/python3.10/site-packages:${PYTHONPATH} /usr/bin/python3 -W ignore:setup.py install is deprecated setup.py egg_info --egg-base ../../build/yolo_detection build --build-base /home/cc/RobotProject/build/yolo_detection/build install --record /home/cc/RobotProject/build/yolo_detection/install.log --single-version-externally-managed install_data
[3.204s] DEBUG:colcon.colcon_core.event_handler.log_command:Invoking command in '/home/cc/RobotProject/src/robot_description': PYTHONPATH=/home/cc/RobotProject/build/robot_description/prefix_override:/usr/lib/python3/dist-packages/colcon_core/task/python/colcon_distutils_commands:/home/cc/RobotProject/install/robot_description/lib/python3.10/site-packages:${PYTHONPATH} /usr/bin/python3 -W ignore:setup.py install is deprecated setup.py egg_info --egg-base ../../build/robot_description build --build-base /home/cc/RobotProject/build/robot_description/build install --record /home/cc/RobotProject/build/robot_description/install.log --single-version-externally-managed install_data
[4.234s] Level 1:colcon.colcon_core.environment:checking '/home/cc/RobotProject/install/robot_description' for CMake module files
[4.234s] Level 1:colcon.colcon_core.environment:checking '/home/cc/RobotProject/install/robot_description' for CMake config files
[4.235s] Level 1:colcon.colcon_core.environment:checking '/home/cc/RobotProject/install/robot_description/lib'
[4.236s] Level 1:colcon.colcon_core.environment:checking '/home/cc/RobotProject/install/robot_description/bin'
[4.236s] Level 1:colcon.colcon_core.environment:checking '/home/cc/RobotProject/install/robot_description/lib/pkgconfig/robot_description.pc'
[4.236s] Level 1:colcon.colcon_core.environment:checking '/home/cc/RobotProject/install/robot_description/lib/python3.10/site-packages'
[4.236s] Level 1:colcon.colcon_core.shell:create_environment_hook('robot_description', 'pythonpath')
[4.237s] INFO:colcon.colcon_core.shell:Creating environment hook '/home/cc/RobotProject/install/robot_description/share/robot_description/hook/pythonpath.ps1'
[4.237s] INFO:colcon.colcon_core.shell:Creating environment descriptor '/home/cc/RobotProject/install/robot_description/share/robot_description/hook/pythonpath.dsv'
[4.238s] INFO:colcon.colcon_core.shell:Creating environment hook '/home/cc/RobotProject/install/robot_description/share/robot_description/hook/pythonpath.sh'
[4.239s] DEBUG:colcon.colcon_core.event_handler.log_command:Invoked command in '/home/cc/RobotProject/src/robot_description' returned '0': PYTHONPATH=/home/cc/RobotProject/build/robot_description/prefix_override:/usr/lib/python3/dist-packages/colcon_core/task/python/colcon_distutils_commands:/home/cc/RobotProject/install/robot_description/lib/python3.10/site-packages:${PYTHONPATH} /usr/bin/python3 -W ignore:setup.py install is deprecated setup.py egg_info --egg-base ../../build/robot_description build --build-base /home/cc/RobotProject/build/robot_description/build install --record /home/cc/RobotProject/build/robot_description/install.log --single-version-externally-managed install_data
[4.240s] Level 1:colcon.colcon_core.environment:checking '/home/cc/RobotProject/install/robot_description/bin'
[4.240s] Level 1:colcon.colcon_core.environment:create_environment_scripts_only(robot_description)
[4.240s] INFO:colcon.colcon_core.shell:Creating package script '/home/cc/RobotProject/install/robot_description/share/robot_description/package.ps1'
[4.241s] INFO:colcon.colcon_core.shell:Creating package descriptor '/home/cc/RobotProject/install/robot_description/share/robot_description/package.dsv'
[4.241s] INFO:colcon.colcon_core.shell:Creating package script '/home/cc/RobotProject/install/robot_description/share/robot_description/package.sh'
[4.242s] INFO:colcon.colcon_core.shell:Creating package script '/home/cc/RobotProject/install/robot_description/share/robot_description/package.bash'
[4.243s] INFO:colcon.colcon_core.shell:Creating package script '/home/cc/RobotProject/install/robot_description/share/robot_description/package.zsh'
[4.243s] Level 1:colcon.colcon_core.environment:create_file_with_runtime_dependencies(/home/cc/RobotProject/install/robot_description/share/colcon-core/packages/robot_description)
[4.246s] Level 1:colcon.colcon_core.environment:checking '/home/cc/RobotProject/install/yolo_detection' for CMake module files
[4.246s] DEBUG:colcon.colcon_core.event_handler.log_command:Invoked command in '/home/cc/RobotProject/src/yolo_detection' returned '0': PYTHONPATH=/home/cc/RobotProject/build/yolo_detection/prefix_override:/usr/lib/python3/dist-packages/colcon_core/task/python/colcon_distutils_commands:/home/cc/RobotProject/install/yolo_detection/lib/python3.10/site-packages:${PYTHONPATH} /usr/bin/python3 -W ignore:setup.py install is deprecated setup.py egg_info --egg-base ../../build/yolo_detection build --build-base /home/cc/RobotProject/build/yolo_detection/build install --record /home/cc/RobotProject/build/yolo_detection/install.log --single-version-externally-managed install_data
[4.247s] Level 1:colcon.colcon_core.environment:checking '/home/cc/RobotProject/install/yolo_detection' for CMake config files
[4.248s] Level 1:colcon.colcon_core.environment:checking '/home/cc/RobotProject/install/yolo_detection/lib'
[4.248s] Level 1:colcon.colcon_core.environment:checking '/home/cc/RobotProject/install/yolo_detection/bin'
[4.248s] Level 1:colcon.colcon_core.environment:checking '/home/cc/RobotProject/install/yolo_detection/lib/pkgconfig/yolo_detection.pc'
[4.248s] Level 1:colcon.colcon_core.environment:checking '/home/cc/RobotProject/install/yolo_detection/lib/python3.10/site-packages'
[4.248s] Level 1:colcon.colcon_core.shell:create_environment_hook('yolo_detection', 'pythonpath')
[4.249s] INFO:colcon.colcon_core.shell:Creating environment hook '/home/cc/RobotProject/install/yolo_detection/share/yolo_detection/hook/pythonpath.ps1'
[4.249s] INFO:colcon.colcon_core.shell:Creating environment descriptor '/home/cc/RobotProject/install/yolo_detection/share/yolo_detection/hook/pythonpath.dsv'
[4.250s] INFO:colcon.colcon_core.shell:Creating environment hook '/home/cc/RobotProject/install/yolo_detection/share/yolo_detection/hook/pythonpath.sh'
[4.251s] Level 1:colcon.colcon_core.environment:checking '/home/cc/RobotProject/install/yolo_detection/bin'
[4.251s] Level 1:colcon.colcon_core.environment:create_environment_scripts_only(yolo_detection)
[4.251s] INFO:colcon.colcon_core.shell:Creating package script '/home/cc/RobotProject/install/yolo_detection/share/yolo_detection/package.ps1'
[4.253s] INFO:colcon.colcon_core.shell:Creating package descriptor '/home/cc/RobotProject/install/yolo_detection/share/yolo_detection/package.dsv'
[4.253s] INFO:colcon.colcon_core.shell:Creating package script '/home/cc/RobotProject/install/yolo_detection/share/yolo_detection/package.sh'
[4.254s] INFO:colcon.colcon_core.shell:Creating package script '/home/cc/RobotProject/install/yolo_detection/share/yolo_detection/package.bash'
[4.255s] INFO:colcon.colcon_core.shell:Creating package script '/home/cc/RobotProject/install/yolo_detection/share/yolo_detection/package.zsh'
[4.255s] Level 1:colcon.colcon_core.environment:create_file_with_runtime_dependencies(/home/cc/RobotProject/install/yolo_detection/share/colcon-core/packages/yolo_detection)
[4.257s] DEBUG:colcon.colcon_parallel_executor.executor.parallel:closing loop
[4.258s] DEBUG:colcon.colcon_parallel_executor.executor.parallel:loop closed
[4.258s] DEBUG:colcon.colcon_parallel_executor.executor.parallel:run_until_complete finished with '0'
[4.258s] DEBUG:colcon.colcon_core.event_reactor:joining thread
[4.272s] INFO:colcon.colcon_core.plugin_system:Skipping extension 'colcon_notification.desktop_notification.terminal_notifier': Not used on non-Darwin systems
[4.272s] INFO:colcon.colcon_core.plugin_system:Skipping extension 'colcon_notification.desktop_notification.win32': Not used on non-Windows systems
[4.272s] INFO:colcon.colcon_notification.desktop_notification:Sending desktop notification using 'notify2'
[4.296s] DEBUG:colcon.colcon_core.event_reactor:joined thread
[4.297s] INFO:colcon.colcon_core.shell:Creating prefix script '/home/cc/RobotProject/install/local_setup.ps1'
[4.299s] INFO:colcon.colcon_core.shell:Creating prefix util module '/home/cc/RobotProject/install/_local_setup_util_ps1.py'
[4.307s] INFO:colcon.colcon_core.shell:Creating prefix chain script '/home/cc/RobotProject/install/setup.ps1'
[4.310s] INFO:colcon.colcon_core.shell:Creating prefix script '/home/cc/RobotProject/install/local_setup.sh'
[4.311s] INFO:colcon.colcon_core.shell:Creating prefix util module '/home/cc/RobotProject/install/_local_setup_util_sh.py'
[4.316s] INFO:colcon.colcon_core.shell:Creating prefix chain script '/home/cc/RobotProject/install/setup.sh'
[4.319s] INFO:colcon.colcon_core.shell:Creating prefix script '/home/cc/RobotProject/install/local_setup.bash'
[4.320s] INFO:colcon.colcon_core.shell:Creating prefix chain script '/home/cc/RobotProject/install/setup.bash'
[4.327s] INFO:colcon.colcon_core.shell:Creating prefix script '/home/cc/RobotProject/install/local_setup.zsh'
[4.328s] INFO:colcon.colcon_core.shell:Creating prefix chain script '/home/cc/RobotProject/install/setup.zsh'
