[1.503s] Invoking command in '/home/cc/RobotProject/src/yolo_detection': PYTHONPATH=/home/cc/RobotProject/build/yolo_detection/prefix_override:/usr/lib/python3/dist-packages/colcon_core/task/python/colcon_distutils_commands:/home/cc/RobotProject/install/yolo_detection/lib/python3.10/site-packages:${PYTHONPATH} /usr/bin/python3 -W ignore:setup.py install is deprecated setup.py egg_info --egg-base ../../build/yolo_detection build --build-base /home/cc/RobotProject/build/yolo_detection/build install --record /home/cc/RobotProject/build/yolo_detection/install.log --single-version-externally-managed install_data
[2.042s] running egg_info
[2.065s] writing ../../build/yolo_detection/yolo_detection.egg-info/PKG-INFO
[2.066s] writing dependency_links to ../../build/yolo_detection/yolo_detection.egg-info/dependency_links.txt
[2.066s] writing entry points to ../../build/yolo_detection/yolo_detection.egg-info/entry_points.txt
[2.067s] writing requirements to ../../build/yolo_detection/yolo_detection.egg-info/requires.txt
[2.067s] writing top-level names to ../../build/yolo_detection/yolo_detection.egg-info/top_level.txt
[2.127s] reading manifest file '../../build/yolo_detection/yolo_detection.egg-info/SOURCES.txt'
[2.146s] writing manifest file '../../build/yolo_detection/yolo_detection.egg-info/SOURCES.txt'
[2.146s] running build
[2.147s] running build_py
[2.149s] copying yolo_detection/yolo_detect_2d.py -> /home/cc/RobotProject/build/yolo_detection/build/lib/yolo_detection
[2.150s] running install
[2.158s] running install_lib
[2.177s] copying /home/cc/RobotProject/build/yolo_detection/build/lib/yolo_detection/yolo_detect_2d.py -> /home/cc/RobotProject/install/yolo_detection/lib/python3.10/site-packages/yolo_detection
[2.178s] byte-compiling /home/cc/RobotProject/install/yolo_detection/lib/python3.10/site-packages/yolo_detection/yolo_detect_2d.py to yolo_detect_2d.cpython-310.pyc
[2.179s] running install_data
[2.179s] running install_egg_info
[2.202s] removing '/home/cc/RobotProject/install/yolo_detection/lib/python3.10/site-packages/yolo_detection-0.0.0-py3.10.egg-info' (and everything under it)
[2.204s] Copying ../../build/yolo_detection/yolo_detection.egg-info to /home/cc/RobotProject/install/yolo_detection/lib/python3.10/site-packages/yolo_detection-0.0.0-py3.10.egg-info
[2.209s] running install_scripts
[2.288s] Installing yolo_detect_2d script to /home/cc/RobotProject/install/yolo_detection/lib/yolo_detection
[2.289s] writing list of installed files to '/home/cc/RobotProject/build/yolo_detection/install.log'
[2.355s] Invoked command in '/home/cc/RobotProject/src/yolo_detection' returned '0': PYTHONPATH=/home/cc/RobotProject/build/yolo_detection/prefix_override:/usr/lib/python3/dist-packages/colcon_core/task/python/colcon_distutils_commands:/home/cc/RobotProject/install/yolo_detection/lib/python3.10/site-packages:${PYTHONPATH} /usr/bin/python3 -W ignore:setup.py install is deprecated setup.py egg_info --egg-base ../../build/yolo_detection build --build-base /home/cc/RobotProject/build/yolo_detection/build install --record /home/cc/RobotProject/build/yolo_detection/install.log --single-version-externally-managed install_data
