[0.132s] DEBUG:colcon:Command line arguments: ['/usr/bin/colcon', 'build']
[0.132s] DEBUG:colcon:Parsed command line arguments: Namespace(log_base=None, log_level=None, verb_name='build', build_base='build', install_base='install', merge_install=False, symlink_install=False, test_result_base=None, continue_on_error=False, executor='parallel', parallel_workers=8, event_handlers=None, ignore_user_meta=False, metas=['./colcon.meta'], base_paths=['.'], packages_ignore=None, packages_ignore_regex=None, paths=None, packages_up_to=None, packages_up_to_regex=None, packages_above=None, packages_above_and_dependencies=None, packages_above_depth=None, packages_select_by_dep=None, packages_skip_by_dep=None, packages_skip_up_to=None, packages_select_build_failed=False, packages_skip_build_finished=False, packages_select_test_failures=False, packages_skip_test_passed=False, packages_select=None, packages_skip=None, packages_select_regex=None, packages_skip_regex=None, packages_start=None, packages_end=None, allow_overriding=[], cmake_args=None, cmake_target=None, cmake_target_skip_unavailable=False, cmake_clean_cache=False, cmake_clean_first=False, cmake_force_configure=False, ament_cmake_args=None, catkin_cmake_args=None, catkin_skip_building_tests=False, verb_parser=<colcon_defaults.argument_parser.defaults.DefaultArgumentsDecorator object at 0x79554e839d80>, verb_extension=<colcon_core.verb.build.BuildVerb object at 0x79554e9f4370>, main=<bound method BuildVerb.main of <colcon_core.verb.build.BuildVerb object at 0x79554e9f4370>>)
[0.472s] Level 1:colcon.colcon_core.package_discovery:discover_packages(colcon_meta) check parameters
[0.472s] Level 1:colcon.colcon_core.package_discovery:discover_packages(recursive) check parameters
[0.472s] Level 1:colcon.colcon_core.package_discovery:discover_packages(ignore) check parameters
[0.472s] Level 1:colcon.colcon_core.package_discovery:discover_packages(path) check parameters
[0.472s] Level 1:colcon.colcon_core.package_discovery:discover_packages(colcon_meta) discover
[0.472s] Level 1:colcon.colcon_core.package_discovery:discover_packages(recursive) discover
[0.472s] INFO:colcon.colcon_core.package_discovery:Crawling recursively for packages in '/home/cc/RobotProject'
[0.472s] Level 1:colcon.colcon_core.package_identification:_identify(.) by extensions ['ignore', 'ignore_ament_install']
[0.472s] Level 1:colcon.colcon_core.package_identification:_identify(.) by extension 'ignore'
[0.473s] Level 1:colcon.colcon_core.package_identification:_identify(.) by extension 'ignore_ament_install'
[0.473s] Level 1:colcon.colcon_core.package_identification:_identify(.) by extensions ['colcon_pkg']
[0.473s] Level 1:colcon.colcon_core.package_identification:_identify(.) by extension 'colcon_pkg'
[0.473s] Level 1:colcon.colcon_core.package_identification:_identify(.) by extensions ['colcon_meta']
[0.473s] Level 1:colcon.colcon_core.package_identification:_identify(.) by extension 'colcon_meta'
[0.473s] Level 1:colcon.colcon_core.package_identification:_identify(.) by extensions ['ros']
[0.473s] Level 1:colcon.colcon_core.package_identification:_identify(.) by extension 'ros'
[0.489s] Level 1:colcon.colcon_core.package_identification:_identify(.) by extensions ['cmake', 'python']
[0.489s] Level 1:colcon.colcon_core.package_identification:_identify(.) by extension 'cmake'
[0.490s] Level 1:colcon.colcon_core.package_identification:_identify(.) by extension 'python'
[0.490s] Level 1:colcon.colcon_core.package_identification:_identify(.) by extensions ['python_setup_py']
[0.490s] Level 1:colcon.colcon_core.package_identification:_identify(.) by extension 'python_setup_py'
[0.490s] Level 1:colcon.colcon_core.package_identification:_identify(build) by extensions ['ignore', 'ignore_ament_install']
[0.490s] Level 1:colcon.colcon_core.package_identification:_identify(build) by extension 'ignore'
[0.491s] Level 1:colcon.colcon_core.package_identification:_identify(build) ignored
[0.491s] Level 1:colcon.colcon_core.package_identification:_identify(install) by extensions ['ignore', 'ignore_ament_install']
[0.491s] Level 1:colcon.colcon_core.package_identification:_identify(install) by extension 'ignore'
[0.491s] Level 1:colcon.colcon_core.package_identification:_identify(install) ignored
[0.492s] Level 1:colcon.colcon_core.package_identification:_identify(log) by extensions ['ignore', 'ignore_ament_install']
[0.492s] Level 1:colcon.colcon_core.package_identification:_identify(log) by extension 'ignore'
[0.492s] Level 1:colcon.colcon_core.package_identification:_identify(log) ignored
[0.492s] Level 1:colcon.colcon_core.package_identification:_identify(src) by extensions ['ignore', 'ignore_ament_install']
[0.492s] Level 1:colcon.colcon_core.package_identification:_identify(src) by extension 'ignore'
[0.493s] Level 1:colcon.colcon_core.package_identification:_identify(src) by extension 'ignore_ament_install'
[0.493s] Level 1:colcon.colcon_core.package_identification:_identify(src) by extensions ['colcon_pkg']
[0.493s] Level 1:colcon.colcon_core.package_identification:_identify(src) by extension 'colcon_pkg'
[0.493s] Level 1:colcon.colcon_core.package_identification:_identify(src) by extensions ['colcon_meta']
[0.493s] Level 1:colcon.colcon_core.package_identification:_identify(src) by extension 'colcon_meta'
[0.493s] Level 1:colcon.colcon_core.package_identification:_identify(src) by extensions ['ros']
[0.494s] Level 1:colcon.colcon_core.package_identification:_identify(src) by extension 'ros'
[0.494s] Level 1:colcon.colcon_core.package_identification:_identify(src) by extensions ['cmake', 'python']
[0.494s] Level 1:colcon.colcon_core.package_identification:_identify(src) by extension 'cmake'
[0.494s] Level 1:colcon.colcon_core.package_identification:_identify(src) by extension 'python'
[0.494s] Level 1:colcon.colcon_core.package_identification:_identify(src) by extensions ['python_setup_py']
[0.494s] Level 1:colcon.colcon_core.package_identification:_identify(src) by extension 'python_setup_py'
[0.495s] Level 1:colcon.colcon_core.package_identification:_identify(src/robot_description) by extensions ['ignore', 'ignore_ament_install']
[0.495s] Level 1:colcon.colcon_core.package_identification:_identify(src/robot_description) by extension 'ignore'
[0.495s] Level 1:colcon.colcon_core.package_identification:_identify(src/robot_description) by extension 'ignore_ament_install'
[0.495s] Level 1:colcon.colcon_core.package_identification:_identify(src/robot_description) by extensions ['colcon_pkg']
[0.495s] Level 1:colcon.colcon_core.package_identification:_identify(src/robot_description) by extension 'colcon_pkg'
[0.496s] Level 1:colcon.colcon_core.package_identification:_identify(src/robot_description) by extensions ['colcon_meta']
[0.496s] Level 1:colcon.colcon_core.package_identification:_identify(src/robot_description) by extension 'colcon_meta'
[0.496s] Level 1:colcon.colcon_core.package_identification:_identify(src/robot_description) by extensions ['ros']
[0.496s] Level 1:colcon.colcon_core.package_identification:_identify(src/robot_description) by extension 'ros'
[0.500s] DEBUG:colcon.colcon_core.package_identification:Package 'src/robot_description' with type 'ros.ament_python' and name 'robot_description'
[0.501s] Level 1:colcon.colcon_core.package_identification:_identify(src/robot_mapping) by extensions ['ignore', 'ignore_ament_install']
[0.501s] Level 1:colcon.colcon_core.package_identification:_identify(src/robot_mapping) by extension 'ignore'
[0.501s] Level 1:colcon.colcon_core.package_identification:_identify(src/robot_mapping) by extension 'ignore_ament_install'
[0.502s] Level 1:colcon.colcon_core.package_identification:_identify(src/robot_mapping) by extensions ['colcon_pkg']
[0.502s] Level 1:colcon.colcon_core.package_identification:_identify(src/robot_mapping) by extension 'colcon_pkg'
[0.502s] Level 1:colcon.colcon_core.package_identification:_identify(src/robot_mapping) by extensions ['colcon_meta']
[0.502s] Level 1:colcon.colcon_core.package_identification:_identify(src/robot_mapping) by extension 'colcon_meta'
[0.502s] Level 1:colcon.colcon_core.package_identification:_identify(src/robot_mapping) by extensions ['ros']
[0.502s] Level 1:colcon.colcon_core.package_identification:_identify(src/robot_mapping) by extension 'ros'
[0.503s] DEBUG:colcon.colcon_core.package_identification:Package 'src/robot_mapping' with type 'ros.ament_cmake' and name 'robot_mapping'
[0.503s] Level 1:colcon.colcon_core.package_identification:_identify(src/robot_navigation) by extensions ['ignore', 'ignore_ament_install']
[0.504s] Level 1:colcon.colcon_core.package_identification:_identify(src/robot_navigation) by extension 'ignore'
[0.504s] Level 1:colcon.colcon_core.package_identification:_identify(src/robot_navigation) by extension 'ignore_ament_install'
[0.504s] Level 1:colcon.colcon_core.package_identification:_identify(src/robot_navigation) by extensions ['colcon_pkg']
[0.504s] Level 1:colcon.colcon_core.package_identification:_identify(src/robot_navigation) by extension 'colcon_pkg'
[0.504s] Level 1:colcon.colcon_core.package_identification:_identify(src/robot_navigation) by extensions ['colcon_meta']
[0.504s] Level 1:colcon.colcon_core.package_identification:_identify(src/robot_navigation) by extension 'colcon_meta'
[0.505s] Level 1:colcon.colcon_core.package_identification:_identify(src/robot_navigation) by extensions ['ros']
[0.505s] Level 1:colcon.colcon_core.package_identification:_identify(src/robot_navigation) by extension 'ros'
[0.506s] DEBUG:colcon.colcon_core.package_identification:Package 'src/robot_navigation' with type 'ros.ament_cmake' and name 'robot_navigation'
[0.506s] Level 1:colcon.colcon_core.package_identification:_identify(src/yolo_detection) by extensions ['ignore', 'ignore_ament_install']
[0.506s] Level 1:colcon.colcon_core.package_identification:_identify(src/yolo_detection) by extension 'ignore'
[0.506s] Level 1:colcon.colcon_core.package_identification:_identify(src/yolo_detection) by extension 'ignore_ament_install'
[0.506s] Level 1:colcon.colcon_core.package_identification:_identify(src/yolo_detection) by extensions ['colcon_pkg']
[0.506s] Level 1:colcon.colcon_core.package_identification:_identify(src/yolo_detection) by extension 'colcon_pkg'
[0.507s] Level 1:colcon.colcon_core.package_identification:_identify(src/yolo_detection) by extensions ['colcon_meta']
[0.507s] Level 1:colcon.colcon_core.package_identification:_identify(src/yolo_detection) by extension 'colcon_meta'
[0.507s] Level 1:colcon.colcon_core.package_identification:_identify(src/yolo_detection) by extensions ['ros']
[0.507s] Level 1:colcon.colcon_core.package_identification:_identify(src/yolo_detection) by extension 'ros'
[0.508s] DEBUG:colcon.colcon_core.package_identification:Package 'src/yolo_detection' with type 'ros.ament_python' and name 'yolo_detection'
[0.508s] Level 1:colcon.colcon_core.package_discovery:discover_packages(recursive) using defaults
[0.509s] Level 1:colcon.colcon_core.package_discovery:discover_packages(ignore) discover
[0.509s] Level 1:colcon.colcon_core.package_discovery:discover_packages(ignore) using defaults
[0.509s] Level 1:colcon.colcon_core.package_discovery:discover_packages(path) discover
[0.509s] Level 1:colcon.colcon_core.package_discovery:discover_packages(path) using defaults
[0.535s] Level 1:colcon.colcon_core.package_discovery:discover_packages(prefix_path) check parameters
[0.536s] Level 1:colcon.colcon_core.package_discovery:discover_packages(prefix_path) discover
[0.539s] DEBUG:colcon.colcon_installed_package_information.package_discovery:Found 4 installed packages in /home/cc/RobotProject/install
[0.540s] DEBUG:colcon.colcon_installed_package_information.package_discovery:Found 5 installed packages in /home/cc/ros2_ws/src/install
[0.543s] DEBUG:colcon.colcon_installed_package_information.package_discovery:Found 373 installed packages in /opt/ros/humble
[0.545s] Level 1:colcon.colcon_core.package_discovery:discover_packages(prefix_path) using defaults
[0.595s] Level 5:colcon.colcon_core.verb:set package 'robot_description' build argument 'cmake_args' from command line to 'None'
[0.596s] Level 5:colcon.colcon_core.verb:set package 'robot_description' build argument 'cmake_target' from command line to 'None'
[0.596s] Level 5:colcon.colcon_core.verb:set package 'robot_description' build argument 'cmake_target_skip_unavailable' from command line to 'False'
[0.596s] Level 5:colcon.colcon_core.verb:set package 'robot_description' build argument 'cmake_clean_cache' from command line to 'False'
[0.596s] Level 5:colcon.colcon_core.verb:set package 'robot_description' build argument 'cmake_clean_first' from command line to 'False'
[0.596s] Level 5:colcon.colcon_core.verb:set package 'robot_description' build argument 'cmake_force_configure' from command line to 'False'
[0.597s] Level 5:colcon.colcon_core.verb:set package 'robot_description' build argument 'ament_cmake_args' from command line to 'None'
[0.597s] Level 5:colcon.colcon_core.verb:set package 'robot_description' build argument 'catkin_cmake_args' from command line to 'None'
[0.597s] Level 5:colcon.colcon_core.verb:set package 'robot_description' build argument 'catkin_skip_building_tests' from command line to 'False'
[0.597s] DEBUG:colcon.colcon_core.verb:Building package 'robot_description' with the following arguments: {'ament_cmake_args': None, 'build_base': '/home/cc/RobotProject/build/robot_description', 'catkin_cmake_args': None, 'catkin_skip_building_tests': False, 'cmake_args': None, 'cmake_clean_cache': False, 'cmake_clean_first': False, 'cmake_force_configure': False, 'cmake_target': None, 'cmake_target_skip_unavailable': False, 'install_base': '/home/cc/RobotProject/install/robot_description', 'merge_install': False, 'path': '/home/cc/RobotProject/src/robot_description', 'symlink_install': False, 'test_result_base': None}
[0.597s] Level 5:colcon.colcon_core.verb:set package 'robot_mapping' build argument 'cmake_args' from command line to 'None'
[0.598s] Level 5:colcon.colcon_core.verb:set package 'robot_mapping' build argument 'cmake_target' from command line to 'None'
[0.598s] Level 5:colcon.colcon_core.verb:set package 'robot_mapping' build argument 'cmake_target_skip_unavailable' from command line to 'False'
[0.598s] Level 5:colcon.colcon_core.verb:set package 'robot_mapping' build argument 'cmake_clean_cache' from command line to 'False'
[0.598s] Level 5:colcon.colcon_core.verb:set package 'robot_mapping' build argument 'cmake_clean_first' from command line to 'False'
[0.598s] Level 5:colcon.colcon_core.verb:set package 'robot_mapping' build argument 'cmake_force_configure' from command line to 'False'
[0.598s] Level 5:colcon.colcon_core.verb:set package 'robot_mapping' build argument 'ament_cmake_args' from command line to 'None'
[0.598s] Level 5:colcon.colcon_core.verb:set package 'robot_mapping' build argument 'catkin_cmake_args' from command line to 'None'
[0.598s] Level 5:colcon.colcon_core.verb:set package 'robot_mapping' build argument 'catkin_skip_building_tests' from command line to 'False'
[0.598s] DEBUG:colcon.colcon_core.verb:Building package 'robot_mapping' with the following arguments: {'ament_cmake_args': None, 'build_base': '/home/cc/RobotProject/build/robot_mapping', 'catkin_cmake_args': None, 'catkin_skip_building_tests': False, 'cmake_args': None, 'cmake_clean_cache': False, 'cmake_clean_first': False, 'cmake_force_configure': False, 'cmake_target': None, 'cmake_target_skip_unavailable': False, 'install_base': '/home/cc/RobotProject/install/robot_mapping', 'merge_install': False, 'path': '/home/cc/RobotProject/src/robot_mapping', 'symlink_install': False, 'test_result_base': None}
[0.598s] Level 5:colcon.colcon_core.verb:set package 'robot_navigation' build argument 'cmake_args' from command line to 'None'
[0.598s] Level 5:colcon.colcon_core.verb:set package 'robot_navigation' build argument 'cmake_target' from command line to 'None'
[0.598s] Level 5:colcon.colcon_core.verb:set package 'robot_navigation' build argument 'cmake_target_skip_unavailable' from command line to 'False'
[0.598s] Level 5:colcon.colcon_core.verb:set package 'robot_navigation' build argument 'cmake_clean_cache' from command line to 'False'
[0.599s] Level 5:colcon.colcon_core.verb:set package 'robot_navigation' build argument 'cmake_clean_first' from command line to 'False'
[0.599s] Level 5:colcon.colcon_core.verb:set package 'robot_navigation' build argument 'cmake_force_configure' from command line to 'False'
[0.599s] Level 5:colcon.colcon_core.verb:set package 'robot_navigation' build argument 'ament_cmake_args' from command line to 'None'
[0.599s] Level 5:colcon.colcon_core.verb:set package 'robot_navigation' build argument 'catkin_cmake_args' from command line to 'None'
[0.599s] Level 5:colcon.colcon_core.verb:set package 'robot_navigation' build argument 'catkin_skip_building_tests' from command line to 'False'
[0.599s] DEBUG:colcon.colcon_core.verb:Building package 'robot_navigation' with the following arguments: {'ament_cmake_args': None, 'build_base': '/home/cc/RobotProject/build/robot_navigation', 'catkin_cmake_args': None, 'catkin_skip_building_tests': False, 'cmake_args': None, 'cmake_clean_cache': False, 'cmake_clean_first': False, 'cmake_force_configure': False, 'cmake_target': None, 'cmake_target_skip_unavailable': False, 'install_base': '/home/cc/RobotProject/install/robot_navigation', 'merge_install': False, 'path': '/home/cc/RobotProject/src/robot_navigation', 'symlink_install': False, 'test_result_base': None}
[0.599s] Level 5:colcon.colcon_core.verb:set package 'yolo_detection' build argument 'cmake_args' from command line to 'None'
[0.599s] Level 5:colcon.colcon_core.verb:set package 'yolo_detection' build argument 'cmake_target' from command line to 'None'
[0.599s] Level 5:colcon.colcon_core.verb:set package 'yolo_detection' build argument 'cmake_target_skip_unavailable' from command line to 'False'
[0.599s] Level 5:colcon.colcon_core.verb:set package 'yolo_detection' build argument 'cmake_clean_cache' from command line to 'False'
[0.599s] Level 5:colcon.colcon_core.verb:set package 'yolo_detection' build argument 'cmake_clean_first' from command line to 'False'
[0.599s] Level 5:colcon.colcon_core.verb:set package 'yolo_detection' build argument 'cmake_force_configure' from command line to 'False'
[0.599s] Level 5:colcon.colcon_core.verb:set package 'yolo_detection' build argument 'ament_cmake_args' from command line to 'None'
[0.599s] Level 5:colcon.colcon_core.verb:set package 'yolo_detection' build argument 'catkin_cmake_args' from command line to 'None'
[0.599s] Level 5:colcon.colcon_core.verb:set package 'yolo_detection' build argument 'catkin_skip_building_tests' from command line to 'False'
[0.599s] DEBUG:colcon.colcon_core.verb:Building package 'yolo_detection' with the following arguments: {'ament_cmake_args': None, 'build_base': '/home/cc/RobotProject/build/yolo_detection', 'catkin_cmake_args': None, 'catkin_skip_building_tests': False, 'cmake_args': None, 'cmake_clean_cache': False, 'cmake_clean_first': False, 'cmake_force_configure': False, 'cmake_target': None, 'cmake_target_skip_unavailable': False, 'install_base': '/home/cc/RobotProject/install/yolo_detection', 'merge_install': False, 'path': '/home/cc/RobotProject/src/yolo_detection', 'symlink_install': False, 'test_result_base': None}
[0.599s] INFO:colcon.colcon_core.executor:Executing jobs using 'parallel' executor
[0.601s] DEBUG:colcon.colcon_parallel_executor.executor.parallel:run_until_complete
[0.601s] INFO:colcon.colcon_ros.task.ament_python.build:Building ROS package in '/home/cc/RobotProject/src/robot_description' with build type 'ament_python'
[0.601s] Level 1:colcon.colcon_core.shell:create_environment_hook('robot_description', 'ament_prefix_path')
[0.604s] INFO:colcon.colcon_core.plugin_system:Skipping extension 'colcon_core.shell.bat': Not used on non-Windows systems
[0.604s] INFO:colcon.colcon_core.shell:Creating environment hook '/home/cc/RobotProject/install/robot_description/share/robot_description/hook/ament_prefix_path.ps1'
[0.605s] INFO:colcon.colcon_core.shell:Creating environment descriptor '/home/cc/RobotProject/install/robot_description/share/robot_description/hook/ament_prefix_path.dsv'
[0.606s] INFO:colcon.colcon_core.shell:Creating environment hook '/home/cc/RobotProject/install/robot_description/share/robot_description/hook/ament_prefix_path.sh'
[0.607s] INFO:colcon.colcon_core.shell:Skip shell extension 'powershell' for command environment: Not usable outside of PowerShell
[0.607s] DEBUG:colcon.colcon_core.shell:Skip shell extension 'dsv' for command environment
[0.615s] INFO:colcon.colcon_ros.task.ament_cmake.build:Building ROS package in '/home/cc/RobotProject/src/robot_mapping' with build type 'ament_cmake'
[0.615s] INFO:colcon.colcon_cmake.task.cmake.build:Building CMake package in '/home/cc/RobotProject/src/robot_mapping'
[0.616s] INFO:colcon.colcon_core.shell:Skip shell extension 'powershell' for command environment: Not usable outside of PowerShell
[0.616s] DEBUG:colcon.colcon_core.shell:Skip shell extension 'dsv' for command environment
[0.625s] INFO:colcon.colcon_ros.task.ament_cmake.build:Building ROS package in '/home/cc/RobotProject/src/robot_navigation' with build type 'ament_cmake'
[0.626s] INFO:colcon.colcon_cmake.task.cmake.build:Building CMake package in '/home/cc/RobotProject/src/robot_navigation'
[0.627s] INFO:colcon.colcon_core.shell:Skip shell extension 'powershell' for command environment: Not usable outside of PowerShell
[0.627s] DEBUG:colcon.colcon_core.shell:Skip shell extension 'dsv' for command environment
[0.639s] INFO:colcon.colcon_ros.task.ament_python.build:Building ROS package in '/home/cc/RobotProject/src/yolo_detection' with build type 'ament_python'
[0.640s] Level 1:colcon.colcon_core.shell:create_environment_hook('yolo_detection', 'ament_prefix_path')
[0.641s] INFO:colcon.colcon_core.shell:Creating environment hook '/home/cc/RobotProject/install/yolo_detection/share/yolo_detection/hook/ament_prefix_path.ps1'
[0.641s] INFO:colcon.colcon_core.shell:Creating environment descriptor '/home/cc/RobotProject/install/yolo_detection/share/yolo_detection/hook/ament_prefix_path.dsv'
[0.642s] INFO:colcon.colcon_core.shell:Creating environment hook '/home/cc/RobotProject/install/yolo_detection/share/yolo_detection/hook/ament_prefix_path.sh'
[0.644s] INFO:colcon.colcon_core.shell:Skip shell extension 'powershell' for command environment: Not usable outside of PowerShell
[0.644s] DEBUG:colcon.colcon_core.shell:Skip shell extension 'dsv' for command environment
[1.151s] INFO:colcon.colcon_core.task.python.build:Building Python package in '/home/cc/RobotProject/src/robot_description'
[1.151s] INFO:colcon.colcon_core.shell:Skip shell extension 'powershell' for command environment: Not usable outside of PowerShell
[1.151s] DEBUG:colcon.colcon_core.shell:Skip shell extension 'dsv' for command environment
[1.164s] DEBUG:colcon.colcon_core.event_handler.log_command:Invoking command in '/home/cc/RobotProject/build/robot_mapping': CMAKE_PREFIX_PATH=${CMAKE_PREFIX_PATH}:/home/cc/RobotProject/install/yolo_detection:/home/cc/RobotProject/install/robot_description:/home/cc/ros2_ws/src/install/yolov5_ros2:/opt/ros/humble /usr/bin/cmake --build /home/cc/RobotProject/build/robot_mapping -- -j8 -l8
[1.180s] DEBUG:colcon.colcon_core.event_handler.log_command:Invoking command in '/home/cc/RobotProject/build/robot_navigation': CMAKE_PREFIX_PATH=${CMAKE_PREFIX_PATH}:/home/cc/RobotProject/install/yolo_detection:/home/cc/RobotProject/install/robot_description:/home/cc/ros2_ws/src/install/yolov5_ros2:/opt/ros/humble /usr/bin/cmake --build /home/cc/RobotProject/build/robot_navigation -- -j8 -l8
[1.747s] INFO:colcon.colcon_core.task.python.build:Building Python package in '/home/cc/RobotProject/src/yolo_detection'
[1.747s] INFO:colcon.colcon_core.shell:Skip shell extension 'powershell' for command environment: Not usable outside of PowerShell
[1.747s] DEBUG:colcon.colcon_core.shell:Skip shell extension 'dsv' for command environment
[1.778s] DEBUG:colcon.colcon_core.event_handler.log_command:Invoked command in '/home/cc/RobotProject/build/robot_navigation' returned '0': CMAKE_PREFIX_PATH=${CMAKE_PREFIX_PATH}:/home/cc/RobotProject/install/yolo_detection:/home/cc/RobotProject/install/robot_description:/home/cc/ros2_ws/src/install/yolov5_ros2:/opt/ros/humble /usr/bin/cmake --build /home/cc/RobotProject/build/robot_navigation -- -j8 -l8
[1.779s] DEBUG:colcon.colcon_core.event_handler.log_command:Invoked command in '/home/cc/RobotProject/build/robot_mapping' returned '0': CMAKE_PREFIX_PATH=${CMAKE_PREFIX_PATH}:/home/cc/RobotProject/install/yolo_detection:/home/cc/RobotProject/install/robot_description:/home/cc/ros2_ws/src/install/yolov5_ros2:/opt/ros/humble /usr/bin/cmake --build /home/cc/RobotProject/build/robot_mapping -- -j8 -l8
[1.892s] DEBUG:colcon.colcon_core.event_handler.log_command:Invoking command in '/home/cc/RobotProject/build/robot_mapping': CMAKE_PREFIX_PATH=${CMAKE_PREFIX_PATH}:/home/cc/RobotProject/install/yolo_detection:/home/cc/RobotProject/install/robot_description:/home/cc/ros2_ws/src/install/yolov5_ros2:/opt/ros/humble /usr/bin/cmake --install /home/cc/RobotProject/build/robot_mapping
[1.893s] DEBUG:colcon.colcon_core.event_handler.log_command:Invoking command in '/home/cc/RobotProject/build/robot_navigation': CMAKE_PREFIX_PATH=${CMAKE_PREFIX_PATH}:/home/cc/RobotProject/install/yolo_detection:/home/cc/RobotProject/install/robot_description:/home/cc/ros2_ws/src/install/yolov5_ros2:/opt/ros/humble /usr/bin/cmake --install /home/cc/RobotProject/build/robot_navigation
[1.911s] Level 1:colcon.colcon_core.environment:create_environment_scripts_only(robot_mapping)
[1.918s] Level 1:colcon.colcon_core.environment:checking '/home/cc/RobotProject/install/robot_mapping' for CMake module files
[1.919s] Level 1:colcon.colcon_core.environment:checking '/home/cc/RobotProject/install/robot_mapping' for CMake config files
[1.919s] Level 1:colcon.colcon_core.shell:create_environment_hook('robot_mapping', 'cmake_prefix_path')
[1.920s] INFO:colcon.colcon_core.shell:Creating environment hook '/home/cc/RobotProject/install/robot_mapping/share/robot_mapping/hook/cmake_prefix_path.ps1'
[1.920s] DEBUG:colcon.colcon_core.event_handler.log_command:Invoked command in '/home/cc/RobotProject/build/robot_mapping' returned '0': CMAKE_PREFIX_PATH=${CMAKE_PREFIX_PATH}:/home/cc/RobotProject/install/yolo_detection:/home/cc/RobotProject/install/robot_description:/home/cc/ros2_ws/src/install/yolov5_ros2:/opt/ros/humble /usr/bin/cmake --install /home/cc/RobotProject/build/robot_mapping
[1.922s] INFO:colcon.colcon_core.shell:Creating environment descriptor '/home/cc/RobotProject/install/robot_mapping/share/robot_mapping/hook/cmake_prefix_path.dsv'
[1.923s] INFO:colcon.colcon_core.shell:Creating environment hook '/home/cc/RobotProject/install/robot_mapping/share/robot_mapping/hook/cmake_prefix_path.sh'
[1.924s] Level 1:colcon.colcon_core.environment:checking '/home/cc/RobotProject/install/robot_mapping/bin'
[1.924s] Level 1:colcon.colcon_core.environment:checking '/home/cc/RobotProject/install/robot_mapping/lib/pkgconfig/robot_mapping.pc'
[1.924s] Level 1:colcon.colcon_core.environment:checking '/home/cc/RobotProject/install/robot_mapping/lib/python3.10/site-packages'
[1.925s] Level 1:colcon.colcon_core.environment:checking '/home/cc/RobotProject/install/robot_mapping/bin'
[1.925s] INFO:colcon.colcon_core.shell:Creating package script '/home/cc/RobotProject/install/robot_mapping/share/robot_mapping/package.ps1'
[1.951s] INFO:colcon.colcon_core.shell:Creating package descriptor '/home/cc/RobotProject/install/robot_mapping/share/robot_mapping/package.dsv'
[1.952s] INFO:colcon.colcon_core.shell:Creating package script '/home/cc/RobotProject/install/robot_mapping/share/robot_mapping/package.sh'
[1.955s] INFO:colcon.colcon_core.shell:Creating package script '/home/cc/RobotProject/install/robot_mapping/share/robot_mapping/package.bash'
[1.956s] INFO:colcon.colcon_core.shell:Creating package script '/home/cc/RobotProject/install/robot_mapping/share/robot_mapping/package.zsh'
[1.957s] Level 1:colcon.colcon_core.environment:create_file_with_runtime_dependencies(/home/cc/RobotProject/install/robot_mapping/share/colcon-core/packages/robot_mapping)
[1.963s] Level 1:colcon.colcon_core.environment:create_environment_scripts_only(robot_navigation)
[1.964s] Level 1:colcon.colcon_core.environment:checking '/home/cc/RobotProject/install/robot_navigation' for CMake module files
[1.965s] Level 1:colcon.colcon_core.environment:checking '/home/cc/RobotProject/install/robot_navigation' for CMake config files
[1.966s] Level 1:colcon.colcon_core.shell:create_environment_hook('robot_navigation', 'cmake_prefix_path')
[1.966s] INFO:colcon.colcon_core.shell:Creating environment hook '/home/cc/RobotProject/install/robot_navigation/share/robot_navigation/hook/cmake_prefix_path.ps1'
[1.967s] INFO:colcon.colcon_core.shell:Creating environment descriptor '/home/cc/RobotProject/install/robot_navigation/share/robot_navigation/hook/cmake_prefix_path.dsv'
[1.965s] DEBUG:colcon.colcon_core.event_handler.log_command:Invoked command in '/home/cc/RobotProject/build/robot_navigation' returned '0': CMAKE_PREFIX_PATH=${CMAKE_PREFIX_PATH}:/home/cc/RobotProject/install/yolo_detection:/home/cc/RobotProject/install/robot_description:/home/cc/ros2_ws/src/install/yolov5_ros2:/opt/ros/humble /usr/bin/cmake --install /home/cc/RobotProject/build/robot_navigation
[1.971s] INFO:colcon.colcon_core.shell:Creating environment hook '/home/cc/RobotProject/install/robot_navigation/share/robot_navigation/hook/cmake_prefix_path.sh'
[1.973s] Level 1:colcon.colcon_core.environment:checking '/home/cc/RobotProject/install/robot_navigation/bin'
[1.973s] Level 1:colcon.colcon_core.environment:checking '/home/cc/RobotProject/install/robot_navigation/lib/pkgconfig/robot_navigation.pc'
[1.973s] Level 1:colcon.colcon_core.environment:checking '/home/cc/RobotProject/install/robot_navigation/lib/python3.10/site-packages'
[1.974s] Level 1:colcon.colcon_core.environment:checking '/home/cc/RobotProject/install/robot_navigation/bin'
[1.974s] INFO:colcon.colcon_core.shell:Creating package script '/home/cc/RobotProject/install/robot_navigation/share/robot_navigation/package.ps1'
[1.982s] INFO:colcon.colcon_core.shell:Creating package descriptor '/home/cc/RobotProject/install/robot_navigation/share/robot_navigation/package.dsv'
[1.983s] INFO:colcon.colcon_core.shell:Creating package script '/home/cc/RobotProject/install/robot_navigation/share/robot_navigation/package.sh'
[1.983s] INFO:colcon.colcon_core.shell:Creating package script '/home/cc/RobotProject/install/robot_navigation/share/robot_navigation/package.bash'
[1.984s] INFO:colcon.colcon_core.shell:Creating package script '/home/cc/RobotProject/install/robot_navigation/share/robot_navigation/package.zsh'
[1.984s] Level 1:colcon.colcon_core.environment:create_file_with_runtime_dependencies(/home/cc/RobotProject/install/robot_navigation/share/colcon-core/packages/robot_navigation)
[2.051s] Level 1:colcon.colcon_core.environment:create_environment_scripts_only(robot_navigation)
[2.051s] Level 1:colcon.colcon_core.environment:checking '/home/cc/RobotProject/install/robot_navigation' for CMake module files
[2.074s] Level 1:colcon.colcon_core.environment:checking '/home/cc/RobotProject/install/robot_navigation' for CMake config files
[2.075s] Level 1:colcon.colcon_core.shell:create_environment_hook('robot_navigation', 'cmake_prefix_path')
[2.075s] INFO:colcon.colcon_core.shell:Creating environment hook '/home/cc/RobotProject/install/robot_navigation/share/robot_navigation/hook/cmake_prefix_path.ps1'
[2.077s] INFO:colcon.colcon_core.shell:Creating environment descriptor '/home/cc/RobotProject/install/robot_navigation/share/robot_navigation/hook/cmake_prefix_path.dsv'
[2.078s] INFO:colcon.colcon_core.shell:Creating environment hook '/home/cc/RobotProject/install/robot_navigation/share/robot_navigation/hook/cmake_prefix_path.sh'
[2.079s] Level 1:colcon.colcon_core.environment:checking '/home/cc/RobotProject/install/robot_navigation/bin'
[2.079s] Level 1:colcon.colcon_core.environment:checking '/home/cc/RobotProject/install/robot_navigation/lib/pkgconfig/robot_navigation.pc'
[2.079s] Level 1:colcon.colcon_core.environment:checking '/home/cc/RobotProject/install/robot_navigation/lib/python3.10/site-packages'
[2.079s] Level 1:colcon.colcon_core.environment:checking '/home/cc/RobotProject/install/robot_navigation/bin'
[2.080s] INFO:colcon.colcon_core.shell:Creating package script '/home/cc/RobotProject/install/robot_navigation/share/robot_navigation/package.ps1'
[2.080s] INFO:colcon.colcon_core.shell:Creating package descriptor '/home/cc/RobotProject/install/robot_navigation/share/robot_navigation/package.dsv'
[2.081s] INFO:colcon.colcon_core.shell:Creating package script '/home/cc/RobotProject/install/robot_navigation/share/robot_navigation/package.sh'
[2.082s] INFO:colcon.colcon_core.shell:Creating package script '/home/cc/RobotProject/install/robot_navigation/share/robot_navigation/package.bash'
[2.083s] INFO:colcon.colcon_core.shell:Creating package script '/home/cc/RobotProject/install/robot_navigation/share/robot_navigation/package.zsh'
[2.083s] Level 1:colcon.colcon_core.environment:create_file_with_runtime_dependencies(/home/cc/RobotProject/install/robot_navigation/share/colcon-core/packages/robot_navigation)
[2.085s] Level 1:colcon.colcon_core.environment:create_environment_scripts_only(robot_mapping)
[2.086s] Level 1:colcon.colcon_core.environment:checking '/home/cc/RobotProject/install/robot_mapping' for CMake module files
[2.087s] Level 1:colcon.colcon_core.environment:checking '/home/cc/RobotProject/install/robot_mapping' for CMake config files
[2.087s] Level 1:colcon.colcon_core.shell:create_environment_hook('robot_mapping', 'cmake_prefix_path')
[2.088s] INFO:colcon.colcon_core.shell:Creating environment hook '/home/cc/RobotProject/install/robot_mapping/share/robot_mapping/hook/cmake_prefix_path.ps1'
[2.088s] INFO:colcon.colcon_core.shell:Creating environment descriptor '/home/cc/RobotProject/install/robot_mapping/share/robot_mapping/hook/cmake_prefix_path.dsv'
[2.099s] INFO:colcon.colcon_core.shell:Creating environment hook '/home/cc/RobotProject/install/robot_mapping/share/robot_mapping/hook/cmake_prefix_path.sh'
[2.100s] Level 1:colcon.colcon_core.environment:checking '/home/cc/RobotProject/install/robot_mapping/bin'
[2.100s] Level 1:colcon.colcon_core.environment:checking '/home/cc/RobotProject/install/robot_mapping/lib/pkgconfig/robot_mapping.pc'
[2.101s] Level 1:colcon.colcon_core.environment:checking '/home/cc/RobotProject/install/robot_mapping/lib/python3.10/site-packages'
[2.101s] Level 1:colcon.colcon_core.environment:checking '/home/cc/RobotProject/install/robot_mapping/bin'
[2.102s] INFO:colcon.colcon_core.shell:Creating package script '/home/cc/RobotProject/install/robot_mapping/share/robot_mapping/package.ps1'
[2.102s] INFO:colcon.colcon_core.shell:Creating package descriptor '/home/cc/RobotProject/install/robot_mapping/share/robot_mapping/package.dsv'
[2.103s] INFO:colcon.colcon_core.shell:Creating package script '/home/cc/RobotProject/install/robot_mapping/share/robot_mapping/package.sh'
[2.104s] INFO:colcon.colcon_core.shell:Creating package script '/home/cc/RobotProject/install/robot_mapping/share/robot_mapping/package.bash'
[2.105s] INFO:colcon.colcon_core.shell:Creating package script '/home/cc/RobotProject/install/robot_mapping/share/robot_mapping/package.zsh'
[2.106s] Level 1:colcon.colcon_core.environment:create_file_with_runtime_dependencies(/home/cc/RobotProject/install/robot_mapping/share/colcon-core/packages/robot_mapping)
[2.867s] DEBUG:colcon.colcon_core.event_handler.log_command:Invoking command in '/home/cc/RobotProject/src/robot_description': PYTHONPATH=/home/cc/RobotProject/build/robot_description/prefix_override:/usr/lib/python3/dist-packages/colcon_core/task/python/colcon_distutils_commands:/home/cc/RobotProject/install/robot_description/lib/python3.10/site-packages:${PYTHONPATH} /usr/bin/python3 -W ignore:setup.py install is deprecated setup.py egg_info --egg-base ../../build/robot_description build --build-base /home/cc/RobotProject/build/robot_description/build install --record /home/cc/RobotProject/build/robot_description/install.log --single-version-externally-managed install_data
[2.918s] DEBUG:colcon.colcon_core.event_handler.log_command:Invoking command in '/home/cc/RobotProject/src/yolo_detection': PYTHONPATH=/home/cc/RobotProject/build/yolo_detection/prefix_override:/usr/lib/python3/dist-packages/colcon_core/task/python/colcon_distutils_commands:/home/cc/RobotProject/install/yolo_detection/lib/python3.10/site-packages:${PYTHONPATH} /usr/bin/python3 -W ignore:setup.py install is deprecated setup.py egg_info --egg-base ../../build/yolo_detection build --build-base /home/cc/RobotProject/build/yolo_detection/build install --record /home/cc/RobotProject/build/yolo_detection/install.log --single-version-externally-managed install_data
[3.718s] Level 1:colcon.colcon_core.environment:checking '/home/cc/RobotProject/install/robot_description' for CMake module files
[3.719s] Level 1:colcon.colcon_core.environment:checking '/home/cc/RobotProject/install/robot_description' for CMake config files
[3.720s] Level 1:colcon.colcon_core.environment:checking '/home/cc/RobotProject/install/robot_description/lib'
[3.720s] Level 1:colcon.colcon_core.environment:checking '/home/cc/RobotProject/install/robot_description/bin'
[3.720s] Level 1:colcon.colcon_core.environment:checking '/home/cc/RobotProject/install/robot_description/lib/pkgconfig/robot_description.pc'
[3.721s] Level 1:colcon.colcon_core.environment:checking '/home/cc/RobotProject/install/robot_description/lib/python3.10/site-packages'
[3.721s] Level 1:colcon.colcon_core.shell:create_environment_hook('robot_description', 'pythonpath')
[3.721s] INFO:colcon.colcon_core.shell:Creating environment hook '/home/cc/RobotProject/install/robot_description/share/robot_description/hook/pythonpath.ps1'
[3.720s] DEBUG:colcon.colcon_core.event_handler.log_command:Invoked command in '/home/cc/RobotProject/src/robot_description' returned '0': PYTHONPATH=/home/cc/RobotProject/build/robot_description/prefix_override:/usr/lib/python3/dist-packages/colcon_core/task/python/colcon_distutils_commands:/home/cc/RobotProject/install/robot_description/lib/python3.10/site-packages:${PYTHONPATH} /usr/bin/python3 -W ignore:setup.py install is deprecated setup.py egg_info --egg-base ../../build/robot_description build --build-base /home/cc/RobotProject/build/robot_description/build install --record /home/cc/RobotProject/build/robot_description/install.log --single-version-externally-managed install_data
[3.722s] INFO:colcon.colcon_core.shell:Creating environment descriptor '/home/cc/RobotProject/install/robot_description/share/robot_description/hook/pythonpath.dsv'
[3.722s] INFO:colcon.colcon_core.shell:Creating environment hook '/home/cc/RobotProject/install/robot_description/share/robot_description/hook/pythonpath.sh'
[3.723s] Level 1:colcon.colcon_core.environment:checking '/home/cc/RobotProject/install/robot_description/bin'
[3.723s] Level 1:colcon.colcon_core.environment:create_environment_scripts_only(robot_description)
[3.724s] INFO:colcon.colcon_core.shell:Creating package script '/home/cc/RobotProject/install/robot_description/share/robot_description/package.ps1'
[3.724s] INFO:colcon.colcon_core.shell:Creating package descriptor '/home/cc/RobotProject/install/robot_description/share/robot_description/package.dsv'
[3.725s] INFO:colcon.colcon_core.shell:Creating package script '/home/cc/RobotProject/install/robot_description/share/robot_description/package.sh'
[3.726s] INFO:colcon.colcon_core.shell:Creating package script '/home/cc/RobotProject/install/robot_description/share/robot_description/package.bash'
[3.727s] INFO:colcon.colcon_core.shell:Creating package script '/home/cc/RobotProject/install/robot_description/share/robot_description/package.zsh'
[3.727s] Level 1:colcon.colcon_core.environment:create_file_with_runtime_dependencies(/home/cc/RobotProject/install/robot_description/share/colcon-core/packages/robot_description)
[3.784s] Level 1:colcon.colcon_core.environment:checking '/home/cc/RobotProject/install/yolo_detection' for CMake module files
[3.786s] DEBUG:colcon.colcon_core.event_handler.log_command:Invoked command in '/home/cc/RobotProject/src/yolo_detection' returned '0': PYTHONPATH=/home/cc/RobotProject/build/yolo_detection/prefix_override:/usr/lib/python3/dist-packages/colcon_core/task/python/colcon_distutils_commands:/home/cc/RobotProject/install/yolo_detection/lib/python3.10/site-packages:${PYTHONPATH} /usr/bin/python3 -W ignore:setup.py install is deprecated setup.py egg_info --egg-base ../../build/yolo_detection build --build-base /home/cc/RobotProject/build/yolo_detection/build install --record /home/cc/RobotProject/build/yolo_detection/install.log --single-version-externally-managed install_data
[3.789s] Level 1:colcon.colcon_core.environment:checking '/home/cc/RobotProject/install/yolo_detection' for CMake config files
[3.790s] Level 1:colcon.colcon_core.environment:checking '/home/cc/RobotProject/install/yolo_detection/lib'
[3.791s] Level 1:colcon.colcon_core.environment:checking '/home/cc/RobotProject/install/yolo_detection/bin'
[3.791s] Level 1:colcon.colcon_core.environment:checking '/home/cc/RobotProject/install/yolo_detection/lib/pkgconfig/yolo_detection.pc'
[3.791s] Level 1:colcon.colcon_core.environment:checking '/home/cc/RobotProject/install/yolo_detection/lib/python3.10/site-packages'
[3.791s] Level 1:colcon.colcon_core.shell:create_environment_hook('yolo_detection', 'pythonpath')
[3.791s] INFO:colcon.colcon_core.shell:Creating environment hook '/home/cc/RobotProject/install/yolo_detection/share/yolo_detection/hook/pythonpath.ps1'
[3.792s] INFO:colcon.colcon_core.shell:Creating environment descriptor '/home/cc/RobotProject/install/yolo_detection/share/yolo_detection/hook/pythonpath.dsv'
[3.793s] INFO:colcon.colcon_core.shell:Creating environment hook '/home/cc/RobotProject/install/yolo_detection/share/yolo_detection/hook/pythonpath.sh'
[3.794s] Level 1:colcon.colcon_core.environment:checking '/home/cc/RobotProject/install/yolo_detection/bin'
[3.795s] Level 1:colcon.colcon_core.environment:create_environment_scripts_only(yolo_detection)
[3.795s] INFO:colcon.colcon_core.shell:Creating package script '/home/cc/RobotProject/install/yolo_detection/share/yolo_detection/package.ps1'
[3.796s] INFO:colcon.colcon_core.shell:Creating package descriptor '/home/cc/RobotProject/install/yolo_detection/share/yolo_detection/package.dsv'
[3.800s] INFO:colcon.colcon_core.shell:Creating package script '/home/cc/RobotProject/install/yolo_detection/share/yolo_detection/package.sh'
[3.800s] INFO:colcon.colcon_core.shell:Creating package script '/home/cc/RobotProject/install/yolo_detection/share/yolo_detection/package.bash'
[3.801s] INFO:colcon.colcon_core.shell:Creating package script '/home/cc/RobotProject/install/yolo_detection/share/yolo_detection/package.zsh'
[3.802s] Level 1:colcon.colcon_core.environment:create_file_with_runtime_dependencies(/home/cc/RobotProject/install/yolo_detection/share/colcon-core/packages/yolo_detection)
[3.802s] DEBUG:colcon.colcon_parallel_executor.executor.parallel:closing loop
[3.803s] DEBUG:colcon.colcon_parallel_executor.executor.parallel:loop closed
[3.803s] DEBUG:colcon.colcon_parallel_executor.executor.parallel:run_until_complete finished with '0'
[3.803s] DEBUG:colcon.colcon_core.event_reactor:joining thread
[3.819s] INFO:colcon.colcon_core.plugin_system:Skipping extension 'colcon_notification.desktop_notification.terminal_notifier': Not used on non-Darwin systems
[3.819s] INFO:colcon.colcon_core.plugin_system:Skipping extension 'colcon_notification.desktop_notification.win32': Not used on non-Windows systems
[3.820s] INFO:colcon.colcon_notification.desktop_notification:Sending desktop notification using 'notify2'
[3.843s] DEBUG:colcon.colcon_core.event_reactor:joined thread
[3.844s] INFO:colcon.colcon_core.shell:Creating prefix script '/home/cc/RobotProject/install/local_setup.ps1'
[3.845s] INFO:colcon.colcon_core.shell:Creating prefix util module '/home/cc/RobotProject/install/_local_setup_util_ps1.py'
[3.849s] INFO:colcon.colcon_core.shell:Creating prefix chain script '/home/cc/RobotProject/install/setup.ps1'
[3.852s] INFO:colcon.colcon_core.shell:Creating prefix script '/home/cc/RobotProject/install/local_setup.sh'
[3.853s] INFO:colcon.colcon_core.shell:Creating prefix util module '/home/cc/RobotProject/install/_local_setup_util_sh.py'
[3.853s] INFO:colcon.colcon_core.shell:Creating prefix chain script '/home/cc/RobotProject/install/setup.sh'
[3.855s] INFO:colcon.colcon_core.shell:Creating prefix script '/home/cc/RobotProject/install/local_setup.bash'
[3.856s] INFO:colcon.colcon_core.shell:Creating prefix chain script '/home/cc/RobotProject/install/setup.bash'
[3.859s] INFO:colcon.colcon_core.shell:Creating prefix script '/home/cc/RobotProject/install/local_setup.zsh'
[3.860s] INFO:colcon.colcon_core.shell:Creating prefix chain script '/home/cc/RobotProject/install/setup.zsh'
