running egg_info
creating ../../build/yolo_detection/yolo_detection.egg-info
writing ../../build/yolo_detection/yolo_detection.egg-info/PKG-INFO
writing dependency_links to ../../build/yolo_detection/yolo_detection.egg-info/dependency_links.txt
writing entry points to ../../build/yolo_detection/yolo_detection.egg-info/entry_points.txt
writing requirements to ../../build/yolo_detection/yolo_detection.egg-info/requires.txt
writing top-level names to ../../build/yolo_detection/yolo_detection.egg-info/top_level.txt
writing manifest file '../../build/yolo_detection/yolo_detection.egg-info/SOURCES.txt'
reading manifest file '../../build/yolo_detection/yolo_detection.egg-info/SOURCES.txt'
writing manifest file '../../build/yolo_detection/yolo_detection.egg-info/SOURCES.txt'
running build
running build_py
creating /home/cc/RobotProject/build/yolo_detection/build
creating /home/cc/RobotProject/build/yolo_detection/build/lib
creating /home/cc/RobotProject/build/yolo_detection/build/lib/yolo_detection
copying yolo_detection/cv_tool.py -> /home/cc/RobotProject/build/yolo_detection/build/lib/yolo_detection
copying yolo_detection/yolo_detect_2d.py -> /home/cc/RobotProject/build/yolo_detection/build/lib/yolo_detection
copying yolo_detection/__init__.py -> /home/cc/RobotProject/build/yolo_detection/build/lib/yolo_detection
running install
running install_lib
creating /home/cc/RobotProject/install/yolo_detection/lib/python3.10/site-packages/yolo_detection
copying /home/cc/RobotProject/build/yolo_detection/build/lib/yolo_detection/cv_tool.py -> /home/cc/RobotProject/install/yolo_detection/lib/python3.10/site-packages/yolo_detection
copying /home/cc/RobotProject/build/yolo_detection/build/lib/yolo_detection/yolo_detect_2d.py -> /home/cc/RobotProject/install/yolo_detection/lib/python3.10/site-packages/yolo_detection
copying /home/cc/RobotProject/build/yolo_detection/build/lib/yolo_detection/__init__.py -> /home/cc/RobotProject/install/yolo_detection/lib/python3.10/site-packages/yolo_detection
byte-compiling /home/cc/RobotProject/install/yolo_detection/lib/python3.10/site-packages/yolo_detection/cv_tool.py to cv_tool.cpython-310.pyc
byte-compiling /home/cc/RobotProject/install/yolo_detection/lib/python3.10/site-packages/yolo_detection/yolo_detect_2d.py to yolo_detect_2d.cpython-310.pyc
byte-compiling /home/cc/RobotProject/install/yolo_detection/lib/python3.10/site-packages/yolo_detection/__init__.py to __init__.cpython-310.pyc
running install_data
creating /home/cc/RobotProject/install/yolo_detection/share/ament_index
creating /home/cc/RobotProject/install/yolo_detection/share/ament_index/resource_index
creating /home/cc/RobotProject/install/yolo_detection/share/ament_index/resource_index/packages
copying resource/yolo_detection -> /home/cc/RobotProject/install/yolo_detection/share/ament_index/resource_index/packages
copying package.xml -> /home/cc/RobotProject/install/yolo_detection/share/yolo_detection
creating /home/cc/RobotProject/install/yolo_detection/share/yolo_detection/config
copying config/yolov5s.pt -> /home/cc/RobotProject/install/yolo_detection/share/yolo_detection/config
copying config/camera_info.yaml -> /home/cc/RobotProject/install/yolo_detection/share/yolo_detection/config
running install_egg_info
Copying ../../build/yolo_detection/yolo_detection.egg-info to /home/cc/RobotProject/install/yolo_detection/lib/python3.10/site-packages/yolo_detection-0.0.0-py3.10.egg-info
running install_scripts
Installing yolo_detect_2d script to /home/cc/RobotProject/install/yolo_detection/lib/yolo_detection
writing list of installed files to '/home/cc/RobotProject/build/yolo_detection/install.log'
