[1.423s] Invoking command in '/home/cc/RobotProject/src/yolo_detection': PYTHONPATH=/home/cc/RobotProject/build/yolo_detection/prefix_override:/usr/lib/python3/dist-packages/colcon_core/task/python/colcon_distutils_commands:/home/cc/RobotProject/install/yolo_detection/lib/python3.10/site-packages:${PYTHONPATH} /usr/bin/python3 -W ignore:setup.py install is deprecated setup.py egg_info --egg-base ../../build/yolo_detection build --build-base /home/cc/RobotProject/build/yolo_detection/build install --record /home/cc/RobotProject/build/yolo_detection/install.log --single-version-externally-managed install_data
[1.809s] running egg_info
[1.810s] creating ../../build/yolo_detection/yolo_detection.egg-info
[1.825s] writing ../../build/yolo_detection/yolo_detection.egg-info/PKG-INFO
[1.827s] writing dependency_links to ../../build/yolo_detection/yolo_detection.egg-info/dependency_links.txt
[1.827s] writing entry points to ../../build/yolo_detection/yolo_detection.egg-info/entry_points.txt
[1.827s] writing requirements to ../../build/yolo_detection/yolo_detection.egg-info/requires.txt
[1.827s] writing top-level names to ../../build/yolo_detection/yolo_detection.egg-info/top_level.txt
[1.827s] writing manifest file '../../build/yolo_detection/yolo_detection.egg-info/SOURCES.txt'
[1.861s] reading manifest file '../../build/yolo_detection/yolo_detection.egg-info/SOURCES.txt'
[1.862s] writing manifest file '../../build/yolo_detection/yolo_detection.egg-info/SOURCES.txt'
[1.862s] running build
[1.862s] running build_py
[1.862s] creating /home/cc/RobotProject/build/yolo_detection/build
[1.862s] creating /home/cc/RobotProject/build/yolo_detection/build/lib
[1.862s] creating /home/cc/RobotProject/build/yolo_detection/build/lib/yolo_detection
[1.863s] copying yolo_detection/cv_tool.py -> /home/cc/RobotProject/build/yolo_detection/build/lib/yolo_detection
[1.863s] copying yolo_detection/yolo_detect_2d.py -> /home/cc/RobotProject/build/yolo_detection/build/lib/yolo_detection
[1.863s] copying yolo_detection/__init__.py -> /home/cc/RobotProject/build/yolo_detection/build/lib/yolo_detection
[1.863s] running install
[1.868s] running install_lib
[1.881s] creating /home/cc/RobotProject/install/yolo_detection/lib/python3.10/site-packages/yolo_detection
[1.882s] copying /home/cc/RobotProject/build/yolo_detection/build/lib/yolo_detection/cv_tool.py -> /home/cc/RobotProject/install/yolo_detection/lib/python3.10/site-packages/yolo_detection
[1.882s] copying /home/cc/RobotProject/build/yolo_detection/build/lib/yolo_detection/yolo_detect_2d.py -> /home/cc/RobotProject/install/yolo_detection/lib/python3.10/site-packages/yolo_detection
[1.882s] copying /home/cc/RobotProject/build/yolo_detection/build/lib/yolo_detection/__init__.py -> /home/cc/RobotProject/install/yolo_detection/lib/python3.10/site-packages/yolo_detection
[1.882s] byte-compiling /home/cc/RobotProject/install/yolo_detection/lib/python3.10/site-packages/yolo_detection/cv_tool.py to cv_tool.cpython-310.pyc
[1.883s] byte-compiling /home/cc/RobotProject/install/yolo_detection/lib/python3.10/site-packages/yolo_detection/yolo_detect_2d.py to yolo_detect_2d.cpython-310.pyc
[1.884s] byte-compiling /home/cc/RobotProject/install/yolo_detection/lib/python3.10/site-packages/yolo_detection/__init__.py to __init__.cpython-310.pyc
[1.885s] running install_data
[1.885s] creating /home/cc/RobotProject/install/yolo_detection/share/ament_index
[1.885s] creating /home/cc/RobotProject/install/yolo_detection/share/ament_index/resource_index
[1.885s] creating /home/cc/RobotProject/install/yolo_detection/share/ament_index/resource_index/packages
[1.885s] copying resource/yolo_detection -> /home/cc/RobotProject/install/yolo_detection/share/ament_index/resource_index/packages
[1.885s] copying package.xml -> /home/cc/RobotProject/install/yolo_detection/share/yolo_detection
[1.885s] creating /home/cc/RobotProject/install/yolo_detection/share/yolo_detection/config
[1.886s] copying config/yolov5s.pt -> /home/cc/RobotProject/install/yolo_detection/share/yolo_detection/config
[1.905s] copying config/camera_info.yaml -> /home/cc/RobotProject/install/yolo_detection/share/yolo_detection/config
[1.905s] running install_egg_info
[1.921s] Copying ../../build/yolo_detection/yolo_detection.egg-info to /home/cc/RobotProject/install/yolo_detection/lib/python3.10/site-packages/yolo_detection-0.0.0-py3.10.egg-info
[1.922s] running install_scripts
[1.992s] Installing yolo_detect_2d script to /home/cc/RobotProject/install/yolo_detection/lib/yolo_detection
[1.992s] writing list of installed files to '/home/cc/RobotProject/build/yolo_detection/install.log'
[2.045s] Invoked command in '/home/cc/RobotProject/src/yolo_detection' returned '0': PYTHONPATH=/home/cc/RobotProject/build/yolo_detection/prefix_override:/usr/lib/python3/dist-packages/colcon_core/task/python/colcon_distutils_commands:/home/cc/RobotProject/install/yolo_detection/lib/python3.10/site-packages:${PYTHONPATH} /usr/bin/python3 -W ignore:setup.py install is deprecated setup.py egg_info --egg-base ../../build/yolo_detection build --build-base /home/cc/RobotProject/build/yolo_detection/build install --record /home/cc/RobotProject/build/yolo_detection/install.log --single-version-externally-managed install_data
