running egg_info
writing ../../build/yolo_detection/yolo_detection.egg-info/PKG-INFO
writing dependency_links to ../../build/yolo_detection/yolo_detection.egg-info/dependency_links.txt
writing entry points to ../../build/yolo_detection/yolo_detection.egg-info/entry_points.txt
writing requirements to ../../build/yolo_detection/yolo_detection.egg-info/requires.txt
writing top-level names to ../../build/yolo_detection/yolo_detection.egg-info/top_level.txt
reading manifest file '../../build/yolo_detection/yolo_detection.egg-info/SOURCES.txt'
writing manifest file '../../build/yolo_detection/yolo_detection.egg-info/SOURCES.txt'
running build
running build_py
copying yolo_detection/yolo_detect_2d.py -> /home/cc/RobotProject/build/yolo_detection/build/lib/yolo_detection
running install
running install_lib
copying /home/cc/RobotProject/build/yolo_detection/build/lib/yolo_detection/yolo_detect_2d.py -> /home/cc/RobotProject/install/yolo_detection/lib/python3.10/site-packages/yolo_detection
byte-compiling /home/cc/RobotProject/install/yolo_detection/lib/python3.10/site-packages/yolo_detection/yolo_detect_2d.py to yolo_detect_2d.cpython-310.pyc
running install_data
running install_egg_info
removing '/home/cc/RobotProject/install/yolo_detection/lib/python3.10/site-packages/yolo_detection-0.0.0-py3.10.egg-info' (and everything under it)
Copying ../../build/yolo_detection/yolo_detection.egg-info to /home/cc/RobotProject/install/yolo_detection/lib/python3.10/site-packages/yolo_detection-0.0.0-py3.10.egg-info
running install_scripts
Installing yolo_detect_2d script to /home/cc/RobotProject/install/yolo_detection/lib/yolo_detection
writing list of installed files to '/home/cc/RobotProject/build/yolo_detection/install.log'
