-- Install configuration: ""
-- Up-to-date: /home/cc/RobotProject/install/robot_mapping/share/robot_mapping/config
-- Up-to-date: /home/cc/RobotProject/install/robot_mapping/share/robot_mapping/config/map_2d.lua
-- Up-to-date: /home/cc/RobotProject/install/robot_mapping/share/robot_mapping/launch
-- Up-to-date: /home/cc/RobotProject/install/robot_mapping/share/robot_mapping/launch/mapping.launch.py
-- Up-to-date: /home/cc/RobotProject/install/robot_mapping/share/robot_mapping/rviz
-- Up-to-date: /home/cc/RobotProject/install/robot_mapping/share/ament_index/resource_index/package_run_dependencies/robot_mapping
-- Up-to-date: /home/cc/RobotProject/install/robot_mapping/share/ament_index/resource_index/parent_prefix_path/robot_mapping
-- Up-to-date: /home/cc/RobotProject/install/robot_mapping/share/robot_mapping/environment/ament_prefix_path.sh
-- Up-to-date: /home/cc/RobotProject/install/robot_mapping/share/robot_mapping/environment/ament_prefix_path.dsv
-- Up-to-date: /home/cc/RobotProject/install/robot_mapping/share/robot_mapping/environment/path.sh
-- Up-to-date: /home/cc/RobotProject/install/robot_mapping/share/robot_mapping/environment/path.dsv
-- Up-to-date: /home/cc/RobotProject/install/robot_mapping/share/robot_mapping/local_setup.bash
-- Up-to-date: /home/cc/RobotProject/install/robot_mapping/share/robot_mapping/local_setup.sh
-- Up-to-date: /home/cc/RobotProject/install/robot_mapping/share/robot_mapping/local_setup.zsh
-- Up-to-date: /home/cc/RobotProject/install/robot_mapping/share/robot_mapping/local_setup.dsv
-- Installing: /home/cc/RobotProject/install/robot_mapping/share/robot_mapping/package.dsv
-- Up-to-date: /home/cc/RobotProject/install/robot_mapping/share/ament_index/resource_index/packages/robot_mapping
-- Up-to-date: /home/cc/RobotProject/install/robot_mapping/share/robot_mapping/cmake/robot_mappingConfig.cmake
-- Up-to-date: /home/cc/RobotProject/install/robot_mapping/share/robot_mapping/cmake/robot_mappingConfig-version.cmake
-- Up-to-date: /home/cc/RobotProject/install/robot_mapping/share/robot_mapping/package.xml
