[1.541s] Invoking command in '/home/cc/RobotProject/src/yolo_detection': PYTHONPATH=/home/cc/RobotProject/build/yolo_detection/prefix_override:/usr/lib/python3/dist-packages/colcon_core/task/python/colcon_distutils_commands:/home/cc/RobotProject/install/yolo_detection/lib/python3.10/site-packages:${PYTHONPATH} /usr/bin/python3 -W ignore:setup.py install is deprecated setup.py egg_info --egg-base ../../build/yolo_detection build --build-base /home/cc/RobotProject/build/yolo_detection/build install --record /home/cc/RobotProject/build/yolo_detection/install.log --single-version-externally-managed install_data
[2.052s] running egg_info
[2.069s] writing ../../build/yolo_detection/yolo_detection.egg-info/PKG-INFO
[2.078s] writing dependency_links to ../../build/yolo_detection/yolo_detection.egg-info/dependency_links.txt
[2.078s] writing entry points to ../../build/yolo_detection/yolo_detection.egg-info/entry_points.txt
[2.078s] writing requirements to ../../build/yolo_detection/yolo_detection.egg-info/requires.txt
[2.079s] writing top-level names to ../../build/yolo_detection/yolo_detection.egg-info/top_level.txt
[2.140s] reading manifest file '../../build/yolo_detection/yolo_detection.egg-info/SOURCES.txt'
[2.142s] writing manifest file '../../build/yolo_detection/yolo_detection.egg-info/SOURCES.txt'
[2.143s] running build
[2.143s] running build_py
[2.144s] copying yolo_detection/yolo_detect_2d.py -> /home/cc/RobotProject/build/yolo_detection/build/lib/yolo_detection
[2.144s] running install
[2.148s] running install_lib
[2.168s] copying /home/cc/RobotProject/build/yolo_detection/build/lib/yolo_detection/yolo_detect_2d.py -> /home/cc/RobotProject/install/yolo_detection/lib/python3.10/site-packages/yolo_detection
[2.170s] byte-compiling /home/cc/RobotProject/install/yolo_detection/lib/python3.10/site-packages/yolo_detection/yolo_detect_2d.py to yolo_detect_2d.cpython-310.pyc
[2.171s] running install_data
[2.172s] running install_egg_info
[2.192s] removing '/home/cc/RobotProject/install/yolo_detection/lib/python3.10/site-packages/yolo_detection-0.0.0-py3.10.egg-info' (and everything under it)
[2.192s] Copying ../../build/yolo_detection/yolo_detection.egg-info to /home/cc/RobotProject/install/yolo_detection/lib/python3.10/site-packages/yolo_detection-0.0.0-py3.10.egg-info
[2.195s] running install_scripts
[2.281s] Installing yolo_detect_2d script to /home/cc/RobotProject/install/yolo_detection/lib/yolo_detection
[2.282s] writing list of installed files to '/home/cc/RobotProject/build/yolo_detection/install.log'
[2.361s] Invoked command in '/home/cc/RobotProject/src/yolo_detection' returned '0': PYTHONPATH=/home/cc/RobotProject/build/yolo_detection/prefix_override:/usr/lib/python3/dist-packages/colcon_core/task/python/colcon_distutils_commands:/home/cc/RobotProject/install/yolo_detection/lib/python3.10/site-packages:${PYTHONPATH} /usr/bin/python3 -W ignore:setup.py install is deprecated setup.py egg_info --egg-base ../../build/yolo_detection build --build-base /home/cc/RobotProject/build/yolo_detection/build install --record /home/cc/RobotProject/build/yolo_detection/install.log --single-version-externally-managed install_data
