/home/cc/RobotProject/install/yolo_detection/lib/python3.10/site-packages/yolo_detection/cv_tool.py
/home/cc/RobotProject/install/yolo_detection/lib/python3.10/site-packages/yolo_detection/yolo_detect_2d.py
/home/cc/RobotProject/install/yolo_detection/lib/python3.10/site-packages/yolo_detection/__init__.py
/home/cc/RobotProject/install/yolo_detection/lib/python3.10/site-packages/yolo_detection/navigating.py
/home/cc/RobotProject/install/yolo_detection/lib/python3.10/site-packages/yolo_detection/__pycache__/cv_tool.cpython-310.pyc
/home/cc/RobotProject/install/yolo_detection/lib/python3.10/site-packages/yolo_detection/__pycache__/yolo_detect_2d.cpython-310.pyc
/home/cc/RobotProject/install/yolo_detection/lib/python3.10/site-packages/yolo_detection/__pycache__/__init__.cpython-310.pyc
/home/cc/RobotProject/install/yolo_detection/lib/python3.10/site-packages/yolo_detection/__pycache__/navigating.cpython-310.pyc
/home/cc/RobotProject/install/yolo_detection/share/ament_index/resource_index/packages/yolo_detection
/home/cc/RobotProject/install/yolo_detection/share/yolo_detection/package.xml
/home/cc/RobotProject/install/yolo_detection/share/yolo_detection/config/yolov5s.pt
/home/cc/RobotProject/install/yolo_detection/share/yolo_detection/config/camera_info.yaml
/home/cc/RobotProject/install/yolo_detection/lib/python3.10/site-packages/yolo_detection-0.0.0-py3.10.egg-info/SOURCES.txt
/home/cc/RobotProject/install/yolo_detection/lib/python3.10/site-packages/yolo_detection-0.0.0-py3.10.egg-info/entry_points.txt
/home/cc/RobotProject/install/yolo_detection/lib/python3.10/site-packages/yolo_detection-0.0.0-py3.10.egg-info/PKG-INFO
/home/cc/RobotProject/install/yolo_detection/lib/python3.10/site-packages/yolo_detection-0.0.0-py3.10.egg-info/dependency_links.txt
/home/cc/RobotProject/install/yolo_detection/lib/python3.10/site-packages/yolo_detection-0.0.0-py3.10.egg-info/zip-safe
/home/cc/RobotProject/install/yolo_detection/lib/python3.10/site-packages/yolo_detection-0.0.0-py3.10.egg-info/top_level.txt
/home/cc/RobotProject/install/yolo_detection/lib/python3.10/site-packages/yolo_detection-0.0.0-py3.10.egg-info/requires.txt
/home/cc/RobotProject/install/yolo_detection/lib/yolo_detection/navigating
/home/cc/RobotProject/install/yolo_detection/lib/yolo_detection/yolo_detect_2d
