[0.370s] Invoking command in '/home/cc/RobotProject/build/robot_navigation': CMAKE_PREFIX_PATH=${CMAKE_PREFIX_PATH}:/home/cc/RobotProject/install/robot_description:/home/cc/ros2_ws/src/install/yolov5_ros2:/home/cc/ros2_ws/src/install/ros2_yolov5:/home/cc/ros2_ws/src/install/hello_robot:/opt/ros/humble /usr/bin/cmake --build /home/cc/RobotProject/build/robot_navigation -- -j8 -l8
[0.727s] Invoked command in '/home/cc/RobotProject/build/robot_navigation' returned '0': CMAKE_PREFIX_PATH=${CMAKE_PREFIX_PATH}:/home/cc/RobotProject/install/robot_description:/home/cc/ros2_ws/src/install/yolov5_ros2:/home/cc/ros2_ws/src/install/ros2_yolov5:/home/cc/ros2_ws/src/install/hello_robot:/opt/ros/humble /usr/bin/cmake --build /home/cc/RobotProject/build/robot_navigation -- -j8 -l8
[0.764s] Invoking command in '/home/cc/RobotProject/build/robot_navigation': CMAKE_PREFIX_PATH=${CMAKE_PREFIX_PATH}:/home/cc/RobotProject/install/robot_description:/home/cc/ros2_ws/src/install/yolov5_ros2:/home/cc/ros2_ws/src/install/ros2_yolov5:/home/cc/ros2_ws/src/install/hello_robot:/opt/ros/humble /usr/bin/cmake --install /home/cc/RobotProject/build/robot_navigation
[0.777s] -- Install configuration: ""
[0.777s] -- Up-to-date: /home/cc/RobotProject/install/robot_navigation/share/robot_navigation/launch
[0.777s] -- Up-to-date: /home/cc/RobotProject/install/robot_navigation/share/robot_navigation/launch/navigating.launch.py
[0.778s] -- Up-to-date: /home/cc/RobotProject/install/robot_navigation/share/robot_navigation/param
[0.778s] -- Up-to-date: /home/cc/RobotProject/install/robot_navigation/share/robot_navigation/param/robot_nav.yaml
[0.778s] -- Up-to-date: /home/cc/RobotProject/install/robot_navigation/share/robot_navigation/maps
[0.778s] -- Up-to-date: /home/cc/RobotProject/install/robot_navigation/share/robot_navigation/maps/map.pgm
[0.778s] -- Up-to-date: /home/cc/RobotProject/install/robot_navigation/share/robot_navigation/maps/map.yaml
[0.778s] -- Up-to-date: /home/cc/RobotProject/install/robot_navigation/share/robot_navigation/rviz
[0.778s] -- Up-to-date: /home/cc/RobotProject/install/robot_navigation/share/ament_index/resource_index/package_run_dependencies/robot_navigation
[0.779s] -- Up-to-date: /home/cc/RobotProject/install/robot_navigation/share/ament_index/resource_index/parent_prefix_path/robot_navigation
[0.779s] -- Up-to-date: /home/cc/RobotProject/install/robot_navigation/share/robot_navigation/environment/ament_prefix_path.sh
[0.779s] -- Up-to-date: /home/cc/RobotProject/install/robot_navigation/share/robot_navigation/environment/ament_prefix_path.dsv
[0.779s] -- Up-to-date: /home/cc/RobotProject/install/robot_navigation/share/robot_navigation/environment/path.sh
[0.779s] -- Up-to-date: /home/cc/RobotProject/install/robot_navigation/share/robot_navigation/environment/path.dsv
[0.780s] -- Up-to-date: /home/cc/RobotProject/install/robot_navigation/share/robot_navigation/local_setup.bash
[0.780s] -- Up-to-date: /home/cc/RobotProject/install/robot_navigation/share/robot_navigation/local_setup.sh
[0.780s] -- Up-to-date: /home/cc/RobotProject/install/robot_navigation/share/robot_navigation/local_setup.zsh
[0.780s] -- Up-to-date: /home/cc/RobotProject/install/robot_navigation/share/robot_navigation/local_setup.dsv
[0.780s] -- Installing: /home/cc/RobotProject/install/robot_navigation/share/robot_navigation/package.dsv
[0.782s] -- Up-to-date: /home/cc/RobotProject/install/robot_navigation/share/ament_index/resource_index/packages/robot_navigation
[0.782s] -- Up-to-date: /home/cc/RobotProject/install/robot_navigation/share/robot_navigation/cmake/robot_navigationConfig.cmake
[0.783s] -- Up-to-date: /home/cc/RobotProject/install/robot_navigation/share/robot_navigation/cmake/robot_navigationConfig-version.cmake
[0.783s] -- Up-to-date: /home/cc/RobotProject/install/robot_navigation/share/robot_navigation/package.xml
[0.802s] Invoked command in '/home/cc/RobotProject/build/robot_navigation' returned '0': CMAKE_PREFIX_PATH=${CMAKE_PREFIX_PATH}:/home/cc/RobotProject/install/robot_description:/home/cc/ros2_ws/src/install/yolov5_ros2:/home/cc/ros2_ws/src/install/ros2_yolov5:/home/cc/ros2_ws/src/install/hello_robot:/opt/ros/humble /usr/bin/cmake --install /home/cc/RobotProject/build/robot_navigation
