[0.154s] DEBUG:colcon:Command line arguments: ['/usr/bin/colcon', 'build']
[0.154s] DEBUG:colcon:Parsed command line arguments: Namespace(log_base=None, log_level=None, verb_name='build', build_base='build', install_base='install', merge_install=False, symlink_install=False, test_result_base=None, continue_on_error=False, executor='parallel', parallel_workers=8, event_handlers=None, ignore_user_meta=False, metas=['./colcon.meta'], base_paths=['.'], packages_ignore=None, packages_ignore_regex=None, paths=None, packages_up_to=None, packages_up_to_regex=None, packages_above=None, packages_above_and_dependencies=None, packages_above_depth=None, packages_select_by_dep=None, packages_skip_by_dep=None, packages_skip_up_to=None, packages_select_build_failed=False, packages_skip_build_finished=False, packages_select_test_failures=False, packages_skip_test_passed=False, packages_select=None, packages_skip=None, packages_select_regex=None, packages_skip_regex=None, packages_start=None, packages_end=None, allow_overriding=[], cmake_args=None, cmake_target=None, cmake_target_skip_unavailable=False, cmake_clean_cache=False, cmake_clean_first=False, cmake_force_configure=False, ament_cmake_args=None, catkin_cmake_args=None, catkin_skip_building_tests=False, verb_parser=<colcon_defaults.argument_parser.defaults.DefaultArgumentsDecorator object at 0x7a199c649d80>, verb_extension=<colcon_core.verb.build.BuildVerb object at 0x7a199c604370>, main=<bound method BuildVerb.main of <colcon_core.verb.build.BuildVerb object at 0x7a199c604370>>)
[0.505s] Level 1:colcon.colcon_core.package_discovery:discover_packages(colcon_meta) check parameters
[0.506s] Level 1:colcon.colcon_core.package_discovery:discover_packages(recursive) check parameters
[0.506s] Level 1:colcon.colcon_core.package_discovery:discover_packages(ignore) check parameters
[0.506s] Level 1:colcon.colcon_core.package_discovery:discover_packages(path) check parameters
[0.506s] Level 1:colcon.colcon_core.package_discovery:discover_packages(colcon_meta) discover
[0.506s] Level 1:colcon.colcon_core.package_discovery:discover_packages(recursive) discover
[0.506s] INFO:colcon.colcon_core.package_discovery:Crawling recursively for packages in '/home/cc/RobotProject'
[0.506s] Level 1:colcon.colcon_core.package_identification:_identify(.) by extensions ['ignore', 'ignore_ament_install']
[0.506s] Level 1:colcon.colcon_core.package_identification:_identify(.) by extension 'ignore'
[0.506s] Level 1:colcon.colcon_core.package_identification:_identify(.) by extension 'ignore_ament_install'
[0.507s] Level 1:colcon.colcon_core.package_identification:_identify(.) by extensions ['colcon_pkg']
[0.507s] Level 1:colcon.colcon_core.package_identification:_identify(.) by extension 'colcon_pkg'
[0.507s] Level 1:colcon.colcon_core.package_identification:_identify(.) by extensions ['colcon_meta']
[0.507s] Level 1:colcon.colcon_core.package_identification:_identify(.) by extension 'colcon_meta'
[0.507s] Level 1:colcon.colcon_core.package_identification:_identify(.) by extensions ['ros']
[0.507s] Level 1:colcon.colcon_core.package_identification:_identify(.) by extension 'ros'
[0.525s] Level 1:colcon.colcon_core.package_identification:_identify(.) by extensions ['cmake', 'python']
[0.525s] Level 1:colcon.colcon_core.package_identification:_identify(.) by extension 'cmake'
[0.525s] Level 1:colcon.colcon_core.package_identification:_identify(.) by extension 'python'
[0.525s] Level 1:colcon.colcon_core.package_identification:_identify(.) by extensions ['python_setup_py']
[0.525s] Level 1:colcon.colcon_core.package_identification:_identify(.) by extension 'python_setup_py'
[0.525s] Level 1:colcon.colcon_core.package_identification:_identify(build) by extensions ['ignore', 'ignore_ament_install']
[0.525s] Level 1:colcon.colcon_core.package_identification:_identify(build) by extension 'ignore'
[0.525s] Level 1:colcon.colcon_core.package_identification:_identify(build) ignored
[0.525s] Level 1:colcon.colcon_core.package_identification:_identify(install) by extensions ['ignore', 'ignore_ament_install']
[0.526s] Level 1:colcon.colcon_core.package_identification:_identify(install) by extension 'ignore'
[0.526s] Level 1:colcon.colcon_core.package_identification:_identify(install) ignored
[0.526s] Level 1:colcon.colcon_core.package_identification:_identify(log) by extensions ['ignore', 'ignore_ament_install']
[0.526s] Level 1:colcon.colcon_core.package_identification:_identify(log) by extension 'ignore'
[0.526s] Level 1:colcon.colcon_core.package_identification:_identify(log) ignored
[0.526s] Level 1:colcon.colcon_core.package_identification:_identify(src) by extensions ['ignore', 'ignore_ament_install']
[0.526s] Level 1:colcon.colcon_core.package_identification:_identify(src) by extension 'ignore'
[0.526s] Level 1:colcon.colcon_core.package_identification:_identify(src) by extension 'ignore_ament_install'
[0.526s] Level 1:colcon.colcon_core.package_identification:_identify(src) by extensions ['colcon_pkg']
[0.526s] Level 1:colcon.colcon_core.package_identification:_identify(src) by extension 'colcon_pkg'
[0.526s] Level 1:colcon.colcon_core.package_identification:_identify(src) by extensions ['colcon_meta']
[0.527s] Level 1:colcon.colcon_core.package_identification:_identify(src) by extension 'colcon_meta'
[0.527s] Level 1:colcon.colcon_core.package_identification:_identify(src) by extensions ['ros']
[0.527s] Level 1:colcon.colcon_core.package_identification:_identify(src) by extension 'ros'
[0.527s] Level 1:colcon.colcon_core.package_identification:_identify(src) by extensions ['cmake', 'python']
[0.527s] Level 1:colcon.colcon_core.package_identification:_identify(src) by extension 'cmake'
[0.527s] Level 1:colcon.colcon_core.package_identification:_identify(src) by extension 'python'
[0.527s] Level 1:colcon.colcon_core.package_identification:_identify(src) by extensions ['python_setup_py']
[0.527s] Level 1:colcon.colcon_core.package_identification:_identify(src) by extension 'python_setup_py'
[0.527s] Level 1:colcon.colcon_core.package_identification:_identify(src/robot_description) by extensions ['ignore', 'ignore_ament_install']
[0.527s] Level 1:colcon.colcon_core.package_identification:_identify(src/robot_description) by extension 'ignore'
[0.527s] Level 1:colcon.colcon_core.package_identification:_identify(src/robot_description) by extension 'ignore_ament_install'
[0.527s] Level 1:colcon.colcon_core.package_identification:_identify(src/robot_description) by extensions ['colcon_pkg']
[0.527s] Level 1:colcon.colcon_core.package_identification:_identify(src/robot_description) by extension 'colcon_pkg'
[0.527s] Level 1:colcon.colcon_core.package_identification:_identify(src/robot_description) by extensions ['colcon_meta']
[0.527s] Level 1:colcon.colcon_core.package_identification:_identify(src/robot_description) by extension 'colcon_meta'
[0.527s] Level 1:colcon.colcon_core.package_identification:_identify(src/robot_description) by extensions ['ros']
[0.527s] Level 1:colcon.colcon_core.package_identification:_identify(src/robot_description) by extension 'ros'
[0.531s] DEBUG:colcon.colcon_core.package_identification:Package 'src/robot_description' with type 'ros.ament_python' and name 'robot_description'
[0.531s] Level 1:colcon.colcon_core.package_identification:_identify(src/robot_mapping) by extensions ['ignore', 'ignore_ament_install']
[0.531s] Level 1:colcon.colcon_core.package_identification:_identify(src/robot_mapping) by extension 'ignore'
[0.532s] Level 1:colcon.colcon_core.package_identification:_identify(src/robot_mapping) by extension 'ignore_ament_install'
[0.532s] Level 1:colcon.colcon_core.package_identification:_identify(src/robot_mapping) by extensions ['colcon_pkg']
[0.532s] Level 1:colcon.colcon_core.package_identification:_identify(src/robot_mapping) by extension 'colcon_pkg'
[0.532s] Level 1:colcon.colcon_core.package_identification:_identify(src/robot_mapping) by extensions ['colcon_meta']
[0.532s] Level 1:colcon.colcon_core.package_identification:_identify(src/robot_mapping) by extension 'colcon_meta'
[0.532s] Level 1:colcon.colcon_core.package_identification:_identify(src/robot_mapping) by extensions ['ros']
[0.532s] Level 1:colcon.colcon_core.package_identification:_identify(src/robot_mapping) by extension 'ros'
[0.533s] DEBUG:colcon.colcon_core.package_identification:Package 'src/robot_mapping' with type 'ros.ament_cmake' and name 'robot_mapping'
[0.533s] Level 1:colcon.colcon_core.package_identification:_identify(src/robot_navigation) by extensions ['ignore', 'ignore_ament_install']
[0.534s] Level 1:colcon.colcon_core.package_identification:_identify(src/robot_navigation) by extension 'ignore'
[0.534s] Level 1:colcon.colcon_core.package_identification:_identify(src/robot_navigation) by extension 'ignore_ament_install'
[0.534s] Level 1:colcon.colcon_core.package_identification:_identify(src/robot_navigation) by extensions ['colcon_pkg']
[0.534s] Level 1:colcon.colcon_core.package_identification:_identify(src/robot_navigation) by extension 'colcon_pkg'
[0.534s] Level 1:colcon.colcon_core.package_identification:_identify(src/robot_navigation) by extensions ['colcon_meta']
[0.534s] Level 1:colcon.colcon_core.package_identification:_identify(src/robot_navigation) by extension 'colcon_meta'
[0.534s] Level 1:colcon.colcon_core.package_identification:_identify(src/robot_navigation) by extensions ['ros']
[0.534s] Level 1:colcon.colcon_core.package_identification:_identify(src/robot_navigation) by extension 'ros'
[0.535s] DEBUG:colcon.colcon_core.package_identification:Package 'src/robot_navigation' with type 'ros.ament_cmake' and name 'robot_navigation'
[0.535s] Level 1:colcon.colcon_core.package_identification:_identify(src/yolo_detection) by extensions ['ignore', 'ignore_ament_install']
[0.535s] Level 1:colcon.colcon_core.package_identification:_identify(src/yolo_detection) by extension 'ignore'
[0.535s] Level 1:colcon.colcon_core.package_identification:_identify(src/yolo_detection) by extension 'ignore_ament_install'
[0.535s] Level 1:colcon.colcon_core.package_identification:_identify(src/yolo_detection) by extensions ['colcon_pkg']
[0.535s] Level 1:colcon.colcon_core.package_identification:_identify(src/yolo_detection) by extension 'colcon_pkg'
[0.535s] Level 1:colcon.colcon_core.package_identification:_identify(src/yolo_detection) by extensions ['colcon_meta']
[0.535s] Level 1:colcon.colcon_core.package_identification:_identify(src/yolo_detection) by extension 'colcon_meta'
[0.535s] Level 1:colcon.colcon_core.package_identification:_identify(src/yolo_detection) by extensions ['ros']
[0.535s] Level 1:colcon.colcon_core.package_identification:_identify(src/yolo_detection) by extension 'ros'
[0.536s] DEBUG:colcon.colcon_core.package_identification:Package 'src/yolo_detection' with type 'ros.ament_python' and name 'yolo_detection'
[0.537s] Level 1:colcon.colcon_core.package_discovery:discover_packages(recursive) using defaults
[0.537s] Level 1:colcon.colcon_core.package_discovery:discover_packages(ignore) discover
[0.537s] Level 1:colcon.colcon_core.package_discovery:discover_packages(ignore) using defaults
[0.537s] Level 1:colcon.colcon_core.package_discovery:discover_packages(path) discover
[0.537s] Level 1:colcon.colcon_core.package_discovery:discover_packages(path) using defaults
[0.566s] Level 1:colcon.colcon_core.package_discovery:discover_packages(prefix_path) check parameters
[0.566s] Level 1:colcon.colcon_core.package_discovery:discover_packages(prefix_path) discover
[0.568s] DEBUG:colcon.colcon_installed_package_information.package_discovery:Found 4 installed packages in /home/cc/RobotProject/install
[0.569s] DEBUG:colcon.colcon_installed_package_information.package_discovery:Found 5 installed packages in /home/cc/ros2_ws/src/install
[0.571s] DEBUG:colcon.colcon_installed_package_information.package_discovery:Found 373 installed packages in /opt/ros/humble
[0.573s] Level 1:colcon.colcon_core.package_discovery:discover_packages(prefix_path) using defaults
[0.621s] Level 5:colcon.colcon_core.verb:set package 'robot_description' build argument 'cmake_args' from command line to 'None'
[0.621s] Level 5:colcon.colcon_core.verb:set package 'robot_description' build argument 'cmake_target' from command line to 'None'
[0.621s] Level 5:colcon.colcon_core.verb:set package 'robot_description' build argument 'cmake_target_skip_unavailable' from command line to 'False'
[0.621s] Level 5:colcon.colcon_core.verb:set package 'robot_description' build argument 'cmake_clean_cache' from command line to 'False'
[0.621s] Level 5:colcon.colcon_core.verb:set package 'robot_description' build argument 'cmake_clean_first' from command line to 'False'
[0.621s] Level 5:colcon.colcon_core.verb:set package 'robot_description' build argument 'cmake_force_configure' from command line to 'False'
[0.622s] Level 5:colcon.colcon_core.verb:set package 'robot_description' build argument 'ament_cmake_args' from command line to 'None'
[0.622s] Level 5:colcon.colcon_core.verb:set package 'robot_description' build argument 'catkin_cmake_args' from command line to 'None'
[0.622s] Level 5:colcon.colcon_core.verb:set package 'robot_description' build argument 'catkin_skip_building_tests' from command line to 'False'
[0.622s] DEBUG:colcon.colcon_core.verb:Building package 'robot_description' with the following arguments: {'ament_cmake_args': None, 'build_base': '/home/cc/RobotProject/build/robot_description', 'catkin_cmake_args': None, 'catkin_skip_building_tests': False, 'cmake_args': None, 'cmake_clean_cache': False, 'cmake_clean_first': False, 'cmake_force_configure': False, 'cmake_target': None, 'cmake_target_skip_unavailable': False, 'install_base': '/home/cc/RobotProject/install/robot_description', 'merge_install': False, 'path': '/home/cc/RobotProject/src/robot_description', 'symlink_install': False, 'test_result_base': None}
[0.622s] Level 5:colcon.colcon_core.verb:set package 'robot_mapping' build argument 'cmake_args' from command line to 'None'
[0.622s] Level 5:colcon.colcon_core.verb:set package 'robot_mapping' build argument 'cmake_target' from command line to 'None'
[0.622s] Level 5:colcon.colcon_core.verb:set package 'robot_mapping' build argument 'cmake_target_skip_unavailable' from command line to 'False'
[0.622s] Level 5:colcon.colcon_core.verb:set package 'robot_mapping' build argument 'cmake_clean_cache' from command line to 'False'
[0.622s] Level 5:colcon.colcon_core.verb:set package 'robot_mapping' build argument 'cmake_clean_first' from command line to 'False'
[0.622s] Level 5:colcon.colcon_core.verb:set package 'robot_mapping' build argument 'cmake_force_configure' from command line to 'False'
[0.622s] Level 5:colcon.colcon_core.verb:set package 'robot_mapping' build argument 'ament_cmake_args' from command line to 'None'
[0.622s] Level 5:colcon.colcon_core.verb:set package 'robot_mapping' build argument 'catkin_cmake_args' from command line to 'None'
[0.622s] Level 5:colcon.colcon_core.verb:set package 'robot_mapping' build argument 'catkin_skip_building_tests' from command line to 'False'
[0.622s] DEBUG:colcon.colcon_core.verb:Building package 'robot_mapping' with the following arguments: {'ament_cmake_args': None, 'build_base': '/home/cc/RobotProject/build/robot_mapping', 'catkin_cmake_args': None, 'catkin_skip_building_tests': False, 'cmake_args': None, 'cmake_clean_cache': False, 'cmake_clean_first': False, 'cmake_force_configure': False, 'cmake_target': None, 'cmake_target_skip_unavailable': False, 'install_base': '/home/cc/RobotProject/install/robot_mapping', 'merge_install': False, 'path': '/home/cc/RobotProject/src/robot_mapping', 'symlink_install': False, 'test_result_base': None}
[0.623s] Level 5:colcon.colcon_core.verb:set package 'robot_navigation' build argument 'cmake_args' from command line to 'None'
[0.623s] Level 5:colcon.colcon_core.verb:set package 'robot_navigation' build argument 'cmake_target' from command line to 'None'
[0.623s] Level 5:colcon.colcon_core.verb:set package 'robot_navigation' build argument 'cmake_target_skip_unavailable' from command line to 'False'
[0.623s] Level 5:colcon.colcon_core.verb:set package 'robot_navigation' build argument 'cmake_clean_cache' from command line to 'False'
[0.623s] Level 5:colcon.colcon_core.verb:set package 'robot_navigation' build argument 'cmake_clean_first' from command line to 'False'
[0.623s] Level 5:colcon.colcon_core.verb:set package 'robot_navigation' build argument 'cmake_force_configure' from command line to 'False'
[0.623s] Level 5:colcon.colcon_core.verb:set package 'robot_navigation' build argument 'ament_cmake_args' from command line to 'None'
[0.623s] Level 5:colcon.colcon_core.verb:set package 'robot_navigation' build argument 'catkin_cmake_args' from command line to 'None'
[0.623s] Level 5:colcon.colcon_core.verb:set package 'robot_navigation' build argument 'catkin_skip_building_tests' from command line to 'False'
[0.623s] DEBUG:colcon.colcon_core.verb:Building package 'robot_navigation' with the following arguments: {'ament_cmake_args': None, 'build_base': '/home/cc/RobotProject/build/robot_navigation', 'catkin_cmake_args': None, 'catkin_skip_building_tests': False, 'cmake_args': None, 'cmake_clean_cache': False, 'cmake_clean_first': False, 'cmake_force_configure': False, 'cmake_target': None, 'cmake_target_skip_unavailable': False, 'install_base': '/home/cc/RobotProject/install/robot_navigation', 'merge_install': False, 'path': '/home/cc/RobotProject/src/robot_navigation', 'symlink_install': False, 'test_result_base': None}
[0.623s] Level 5:colcon.colcon_core.verb:set package 'yolo_detection' build argument 'cmake_args' from command line to 'None'
[0.623s] Level 5:colcon.colcon_core.verb:set package 'yolo_detection' build argument 'cmake_target' from command line to 'None'
[0.623s] Level 5:colcon.colcon_core.verb:set package 'yolo_detection' build argument 'cmake_target_skip_unavailable' from command line to 'False'
[0.623s] Level 5:colcon.colcon_core.verb:set package 'yolo_detection' build argument 'cmake_clean_cache' from command line to 'False'
[0.623s] Level 5:colcon.colcon_core.verb:set package 'yolo_detection' build argument 'cmake_clean_first' from command line to 'False'
[0.623s] Level 5:colcon.colcon_core.verb:set package 'yolo_detection' build argument 'cmake_force_configure' from command line to 'False'
[0.623s] Level 5:colcon.colcon_core.verb:set package 'yolo_detection' build argument 'ament_cmake_args' from command line to 'None'
[0.623s] Level 5:colcon.colcon_core.verb:set package 'yolo_detection' build argument 'catkin_cmake_args' from command line to 'None'
[0.623s] Level 5:colcon.colcon_core.verb:set package 'yolo_detection' build argument 'catkin_skip_building_tests' from command line to 'False'
[0.623s] DEBUG:colcon.colcon_core.verb:Building package 'yolo_detection' with the following arguments: {'ament_cmake_args': None, 'build_base': '/home/cc/RobotProject/build/yolo_detection', 'catkin_cmake_args': None, 'catkin_skip_building_tests': False, 'cmake_args': None, 'cmake_clean_cache': False, 'cmake_clean_first': False, 'cmake_force_configure': False, 'cmake_target': None, 'cmake_target_skip_unavailable': False, 'install_base': '/home/cc/RobotProject/install/yolo_detection', 'merge_install': False, 'path': '/home/cc/RobotProject/src/yolo_detection', 'symlink_install': False, 'test_result_base': None}
[0.623s] INFO:colcon.colcon_core.executor:Executing jobs using 'parallel' executor
[0.625s] DEBUG:colcon.colcon_parallel_executor.executor.parallel:run_until_complete
[0.625s] INFO:colcon.colcon_ros.task.ament_python.build:Building ROS package in '/home/cc/RobotProject/src/robot_description' with build type 'ament_python'
[0.625s] Level 1:colcon.colcon_core.shell:create_environment_hook('robot_description', 'ament_prefix_path')
[0.628s] INFO:colcon.colcon_core.plugin_system:Skipping extension 'colcon_core.shell.bat': Not used on non-Windows systems
[0.628s] INFO:colcon.colcon_core.shell:Creating environment hook '/home/cc/RobotProject/install/robot_description/share/robot_description/hook/ament_prefix_path.ps1'
[0.630s] INFO:colcon.colcon_core.shell:Creating environment descriptor '/home/cc/RobotProject/install/robot_description/share/robot_description/hook/ament_prefix_path.dsv'
[0.634s] INFO:colcon.colcon_core.shell:Creating environment hook '/home/cc/RobotProject/install/robot_description/share/robot_description/hook/ament_prefix_path.sh'
[0.637s] INFO:colcon.colcon_core.shell:Skip shell extension 'powershell' for command environment: Not usable outside of PowerShell
[0.637s] DEBUG:colcon.colcon_core.shell:Skip shell extension 'dsv' for command environment
[0.648s] INFO:colcon.colcon_ros.task.ament_cmake.build:Building ROS package in '/home/cc/RobotProject/src/robot_mapping' with build type 'ament_cmake'
[0.648s] INFO:colcon.colcon_cmake.task.cmake.build:Building CMake package in '/home/cc/RobotProject/src/robot_mapping'
[0.648s] INFO:colcon.colcon_core.shell:Skip shell extension 'powershell' for command environment: Not usable outside of PowerShell
[0.648s] DEBUG:colcon.colcon_core.shell:Skip shell extension 'dsv' for command environment
[0.661s] INFO:colcon.colcon_ros.task.ament_cmake.build:Building ROS package in '/home/cc/RobotProject/src/robot_navigation' with build type 'ament_cmake'
[0.661s] INFO:colcon.colcon_cmake.task.cmake.build:Building CMake package in '/home/cc/RobotProject/src/robot_navigation'
[0.661s] INFO:colcon.colcon_core.shell:Skip shell extension 'powershell' for command environment: Not usable outside of PowerShell
[0.661s] DEBUG:colcon.colcon_core.shell:Skip shell extension 'dsv' for command environment
[0.677s] INFO:colcon.colcon_ros.task.ament_python.build:Building ROS package in '/home/cc/RobotProject/src/yolo_detection' with build type 'ament_python'
[0.678s] Level 1:colcon.colcon_core.shell:create_environment_hook('yolo_detection', 'ament_prefix_path')
[0.678s] INFO:colcon.colcon_core.shell:Creating environment hook '/home/cc/RobotProject/install/yolo_detection/share/yolo_detection/hook/ament_prefix_path.ps1'
[0.679s] INFO:colcon.colcon_core.shell:Creating environment descriptor '/home/cc/RobotProject/install/yolo_detection/share/yolo_detection/hook/ament_prefix_path.dsv'
[0.680s] INFO:colcon.colcon_core.shell:Creating environment hook '/home/cc/RobotProject/install/yolo_detection/share/yolo_detection/hook/ament_prefix_path.sh'
[0.681s] INFO:colcon.colcon_core.shell:Skip shell extension 'powershell' for command environment: Not usable outside of PowerShell
[0.681s] DEBUG:colcon.colcon_core.shell:Skip shell extension 'dsv' for command environment
[1.204s] INFO:colcon.colcon_core.task.python.build:Building Python package in '/home/cc/RobotProject/src/robot_description'
[1.205s] INFO:colcon.colcon_core.shell:Skip shell extension 'powershell' for command environment: Not usable outside of PowerShell
[1.205s] DEBUG:colcon.colcon_core.shell:Skip shell extension 'dsv' for command environment
[1.218s] DEBUG:colcon.colcon_core.event_handler.log_command:Invoking command in '/home/cc/RobotProject/build/robot_mapping': CMAKE_PREFIX_PATH=${CMAKE_PREFIX_PATH}:/home/cc/RobotProject/install/yolo_detection:/home/cc/RobotProject/install/robot_description:/home/cc/ros2_ws/src/install/yolov5_ros2:/opt/ros/humble /usr/bin/cmake --build /home/cc/RobotProject/build/robot_mapping -- -j8 -l8
[1.228s] DEBUG:colcon.colcon_core.event_handler.log_command:Invoking command in '/home/cc/RobotProject/build/robot_navigation': CMAKE_PREFIX_PATH=${CMAKE_PREFIX_PATH}:/home/cc/RobotProject/install/yolo_detection:/home/cc/RobotProject/install/robot_description:/home/cc/ros2_ws/src/install/yolov5_ros2:/opt/ros/humble /usr/bin/cmake --build /home/cc/RobotProject/build/robot_navigation -- -j8 -l8
[1.811s] INFO:colcon.colcon_core.task.python.build:Building Python package in '/home/cc/RobotProject/src/yolo_detection'
[1.812s] INFO:colcon.colcon_core.shell:Skip shell extension 'powershell' for command environment: Not usable outside of PowerShell
[1.812s] DEBUG:colcon.colcon_core.shell:Skip shell extension 'dsv' for command environment
[1.852s] DEBUG:colcon.colcon_core.event_handler.log_command:Invoked command in '/home/cc/RobotProject/build/robot_mapping' returned '0': CMAKE_PREFIX_PATH=${CMAKE_PREFIX_PATH}:/home/cc/RobotProject/install/yolo_detection:/home/cc/RobotProject/install/robot_description:/home/cc/ros2_ws/src/install/yolov5_ros2:/opt/ros/humble /usr/bin/cmake --build /home/cc/RobotProject/build/robot_mapping -- -j8 -l8
[1.870s] DEBUG:colcon.colcon_core.event_handler.log_command:Invoked command in '/home/cc/RobotProject/build/robot_navigation' returned '0': CMAKE_PREFIX_PATH=${CMAKE_PREFIX_PATH}:/home/cc/RobotProject/install/yolo_detection:/home/cc/RobotProject/install/robot_description:/home/cc/ros2_ws/src/install/yolov5_ros2:/opt/ros/humble /usr/bin/cmake --build /home/cc/RobotProject/build/robot_navigation -- -j8 -l8
[1.967s] DEBUG:colcon.colcon_core.event_handler.log_command:Invoking command in '/home/cc/RobotProject/build/robot_mapping': CMAKE_PREFIX_PATH=${CMAKE_PREFIX_PATH}:/home/cc/RobotProject/install/yolo_detection:/home/cc/RobotProject/install/robot_description:/home/cc/ros2_ws/src/install/yolov5_ros2:/opt/ros/humble /usr/bin/cmake --install /home/cc/RobotProject/build/robot_mapping
[1.973s] DEBUG:colcon.colcon_core.event_handler.log_command:Invoking command in '/home/cc/RobotProject/build/robot_navigation': CMAKE_PREFIX_PATH=${CMAKE_PREFIX_PATH}:/home/cc/RobotProject/install/yolo_detection:/home/cc/RobotProject/install/robot_description:/home/cc/ros2_ws/src/install/yolov5_ros2:/opt/ros/humble /usr/bin/cmake --install /home/cc/RobotProject/build/robot_navigation
[1.992s] Level 1:colcon.colcon_core.environment:create_environment_scripts_only(robot_mapping)
[1.993s] DEBUG:colcon.colcon_core.event_handler.log_command:Invoked command in '/home/cc/RobotProject/build/robot_mapping' returned '0': CMAKE_PREFIX_PATH=${CMAKE_PREFIX_PATH}:/home/cc/RobotProject/install/yolo_detection:/home/cc/RobotProject/install/robot_description:/home/cc/ros2_ws/src/install/yolov5_ros2:/opt/ros/humble /usr/bin/cmake --install /home/cc/RobotProject/build/robot_mapping
[1.996s] Level 1:colcon.colcon_core.environment:checking '/home/cc/RobotProject/install/robot_mapping' for CMake module files
[2.001s] Level 1:colcon.colcon_core.environment:checking '/home/cc/RobotProject/install/robot_mapping' for CMake config files
[2.001s] Level 1:colcon.colcon_core.shell:create_environment_hook('robot_mapping', 'cmake_prefix_path')
[2.001s] INFO:colcon.colcon_core.shell:Creating environment hook '/home/cc/RobotProject/install/robot_mapping/share/robot_mapping/hook/cmake_prefix_path.ps1'
[2.003s] INFO:colcon.colcon_core.shell:Creating environment descriptor '/home/cc/RobotProject/install/robot_mapping/share/robot_mapping/hook/cmake_prefix_path.dsv'
[2.004s] INFO:colcon.colcon_core.shell:Creating environment hook '/home/cc/RobotProject/install/robot_mapping/share/robot_mapping/hook/cmake_prefix_path.sh'
[2.008s] Level 1:colcon.colcon_core.environment:checking '/home/cc/RobotProject/install/robot_mapping/bin'
[2.008s] Level 1:colcon.colcon_core.environment:checking '/home/cc/RobotProject/install/robot_mapping/lib/pkgconfig/robot_mapping.pc'
[2.008s] Level 1:colcon.colcon_core.environment:checking '/home/cc/RobotProject/install/robot_mapping/lib/python3.10/site-packages'
[2.008s] Level 1:colcon.colcon_core.environment:checking '/home/cc/RobotProject/install/robot_mapping/bin'
[2.009s] INFO:colcon.colcon_core.shell:Creating package script '/home/cc/RobotProject/install/robot_mapping/share/robot_mapping/package.ps1'
[2.015s] INFO:colcon.colcon_core.shell:Creating package descriptor '/home/cc/RobotProject/install/robot_mapping/share/robot_mapping/package.dsv'
[2.018s] INFO:colcon.colcon_core.shell:Creating package script '/home/cc/RobotProject/install/robot_mapping/share/robot_mapping/package.sh'
[2.020s] INFO:colcon.colcon_core.shell:Creating package script '/home/cc/RobotProject/install/robot_mapping/share/robot_mapping/package.bash'
[2.022s] INFO:colcon.colcon_core.shell:Creating package script '/home/cc/RobotProject/install/robot_mapping/share/robot_mapping/package.zsh'
[2.024s] Level 1:colcon.colcon_core.environment:create_file_with_runtime_dependencies(/home/cc/RobotProject/install/robot_mapping/share/colcon-core/packages/robot_mapping)
[2.031s] Level 1:colcon.colcon_core.environment:create_environment_scripts_only(robot_navigation)
[2.032s] Level 1:colcon.colcon_core.environment:checking '/home/cc/RobotProject/install/robot_navigation' for CMake module files
[2.032s] Level 1:colcon.colcon_core.environment:checking '/home/cc/RobotProject/install/robot_navigation' for CMake config files
[2.033s] DEBUG:colcon.colcon_core.event_handler.log_command:Invoked command in '/home/cc/RobotProject/build/robot_navigation' returned '0': CMAKE_PREFIX_PATH=${CMAKE_PREFIX_PATH}:/home/cc/RobotProject/install/yolo_detection:/home/cc/RobotProject/install/robot_description:/home/cc/ros2_ws/src/install/yolov5_ros2:/opt/ros/humble /usr/bin/cmake --install /home/cc/RobotProject/build/robot_navigation
[2.033s] Level 1:colcon.colcon_core.shell:create_environment_hook('robot_navigation', 'cmake_prefix_path')
[2.034s] INFO:colcon.colcon_core.shell:Creating environment hook '/home/cc/RobotProject/install/robot_navigation/share/robot_navigation/hook/cmake_prefix_path.ps1'
[2.034s] INFO:colcon.colcon_core.shell:Creating environment descriptor '/home/cc/RobotProject/install/robot_navigation/share/robot_navigation/hook/cmake_prefix_path.dsv'
[2.035s] INFO:colcon.colcon_core.shell:Creating environment hook '/home/cc/RobotProject/install/robot_navigation/share/robot_navigation/hook/cmake_prefix_path.sh'
[2.036s] Level 1:colcon.colcon_core.environment:checking '/home/cc/RobotProject/install/robot_navigation/bin'
[2.036s] Level 1:colcon.colcon_core.environment:checking '/home/cc/RobotProject/install/robot_navigation/lib/pkgconfig/robot_navigation.pc'
[2.036s] Level 1:colcon.colcon_core.environment:checking '/home/cc/RobotProject/install/robot_navigation/lib/python3.10/site-packages'
[2.041s] Level 1:colcon.colcon_core.environment:checking '/home/cc/RobotProject/install/robot_navigation/bin'
[2.042s] INFO:colcon.colcon_core.shell:Creating package script '/home/cc/RobotProject/install/robot_navigation/share/robot_navigation/package.ps1'
[2.043s] INFO:colcon.colcon_core.shell:Creating package descriptor '/home/cc/RobotProject/install/robot_navigation/share/robot_navigation/package.dsv'
[2.043s] INFO:colcon.colcon_core.shell:Creating package script '/home/cc/RobotProject/install/robot_navigation/share/robot_navigation/package.sh'
[2.044s] INFO:colcon.colcon_core.shell:Creating package script '/home/cc/RobotProject/install/robot_navigation/share/robot_navigation/package.bash'
[2.045s] INFO:colcon.colcon_core.shell:Creating package script '/home/cc/RobotProject/install/robot_navigation/share/robot_navigation/package.zsh'
[2.046s] Level 1:colcon.colcon_core.environment:create_file_with_runtime_dependencies(/home/cc/RobotProject/install/robot_navigation/share/colcon-core/packages/robot_navigation)
[2.138s] Level 1:colcon.colcon_core.environment:create_environment_scripts_only(robot_navigation)
[2.138s] Level 1:colcon.colcon_core.environment:checking '/home/cc/RobotProject/install/robot_navigation' for CMake module files
[2.142s] Level 1:colcon.colcon_core.environment:checking '/home/cc/RobotProject/install/robot_navigation' for CMake config files
[2.142s] Level 1:colcon.colcon_core.shell:create_environment_hook('robot_navigation', 'cmake_prefix_path')
[2.142s] INFO:colcon.colcon_core.shell:Creating environment hook '/home/cc/RobotProject/install/robot_navigation/share/robot_navigation/hook/cmake_prefix_path.ps1'
[2.143s] INFO:colcon.colcon_core.shell:Creating environment descriptor '/home/cc/RobotProject/install/robot_navigation/share/robot_navigation/hook/cmake_prefix_path.dsv'
[2.143s] INFO:colcon.colcon_core.shell:Creating environment hook '/home/cc/RobotProject/install/robot_navigation/share/robot_navigation/hook/cmake_prefix_path.sh'
[2.148s] Level 1:colcon.colcon_core.environment:checking '/home/cc/RobotProject/install/robot_navigation/bin'
[2.148s] Level 1:colcon.colcon_core.environment:checking '/home/cc/RobotProject/install/robot_navigation/lib/pkgconfig/robot_navigation.pc'
[2.152s] Level 1:colcon.colcon_core.environment:checking '/home/cc/RobotProject/install/robot_navigation/lib/python3.10/site-packages'
[2.152s] Level 1:colcon.colcon_core.environment:checking '/home/cc/RobotProject/install/robot_navigation/bin'
[2.153s] INFO:colcon.colcon_core.shell:Creating package script '/home/cc/RobotProject/install/robot_navigation/share/robot_navigation/package.ps1'
[2.154s] INFO:colcon.colcon_core.shell:Creating package descriptor '/home/cc/RobotProject/install/robot_navigation/share/robot_navigation/package.dsv'
[2.154s] INFO:colcon.colcon_core.shell:Creating package script '/home/cc/RobotProject/install/robot_navigation/share/robot_navigation/package.sh'
[2.159s] INFO:colcon.colcon_core.shell:Creating package script '/home/cc/RobotProject/install/robot_navigation/share/robot_navigation/package.bash'
[2.160s] INFO:colcon.colcon_core.shell:Creating package script '/home/cc/RobotProject/install/robot_navigation/share/robot_navigation/package.zsh'
[2.161s] Level 1:colcon.colcon_core.environment:create_file_with_runtime_dependencies(/home/cc/RobotProject/install/robot_navigation/share/colcon-core/packages/robot_navigation)
[2.163s] Level 1:colcon.colcon_core.environment:create_environment_scripts_only(robot_mapping)
[2.165s] Level 1:colcon.colcon_core.environment:checking '/home/cc/RobotProject/install/robot_mapping' for CMake module files
[2.168s] Level 1:colcon.colcon_core.environment:checking '/home/cc/RobotProject/install/robot_mapping' for CMake config files
[2.169s] Level 1:colcon.colcon_core.shell:create_environment_hook('robot_mapping', 'cmake_prefix_path')
[2.169s] INFO:colcon.colcon_core.shell:Creating environment hook '/home/cc/RobotProject/install/robot_mapping/share/robot_mapping/hook/cmake_prefix_path.ps1'
[2.170s] INFO:colcon.colcon_core.shell:Creating environment descriptor '/home/cc/RobotProject/install/robot_mapping/share/robot_mapping/hook/cmake_prefix_path.dsv'
[2.172s] INFO:colcon.colcon_core.shell:Creating environment hook '/home/cc/RobotProject/install/robot_mapping/share/robot_mapping/hook/cmake_prefix_path.sh'
[2.173s] Level 1:colcon.colcon_core.environment:checking '/home/cc/RobotProject/install/robot_mapping/bin'
[2.173s] Level 1:colcon.colcon_core.environment:checking '/home/cc/RobotProject/install/robot_mapping/lib/pkgconfig/robot_mapping.pc'
[2.174s] Level 1:colcon.colcon_core.environment:checking '/home/cc/RobotProject/install/robot_mapping/lib/python3.10/site-packages'
[2.174s] Level 1:colcon.colcon_core.environment:checking '/home/cc/RobotProject/install/robot_mapping/bin'
[2.174s] INFO:colcon.colcon_core.shell:Creating package script '/home/cc/RobotProject/install/robot_mapping/share/robot_mapping/package.ps1'
[2.176s] INFO:colcon.colcon_core.shell:Creating package descriptor '/home/cc/RobotProject/install/robot_mapping/share/robot_mapping/package.dsv'
[2.179s] INFO:colcon.colcon_core.shell:Creating package script '/home/cc/RobotProject/install/robot_mapping/share/robot_mapping/package.sh'
[2.180s] INFO:colcon.colcon_core.shell:Creating package script '/home/cc/RobotProject/install/robot_mapping/share/robot_mapping/package.bash'
[2.181s] INFO:colcon.colcon_core.shell:Creating package script '/home/cc/RobotProject/install/robot_mapping/share/robot_mapping/package.zsh'
[2.182s] Level 1:colcon.colcon_core.environment:create_file_with_runtime_dependencies(/home/cc/RobotProject/install/robot_mapping/share/colcon-core/packages/robot_mapping)
[2.892s] DEBUG:colcon.colcon_core.event_handler.log_command:Invoking command in '/home/cc/RobotProject/src/yolo_detection': PYTHONPATH=/home/cc/RobotProject/build/yolo_detection/prefix_override:/usr/lib/python3/dist-packages/colcon_core/task/python/colcon_distutils_commands:/home/cc/RobotProject/install/yolo_detection/lib/python3.10/site-packages:${PYTHONPATH} /usr/bin/python3 -W ignore:setup.py install is deprecated setup.py egg_info --egg-base ../../build/yolo_detection build --build-base /home/cc/RobotProject/build/yolo_detection/build install --record /home/cc/RobotProject/build/yolo_detection/install.log --single-version-externally-managed install_data
[2.935s] DEBUG:colcon.colcon_core.event_handler.log_command:Invoking command in '/home/cc/RobotProject/src/robot_description': PYTHONPATH=/home/cc/RobotProject/build/robot_description/prefix_override:/usr/lib/python3/dist-packages/colcon_core/task/python/colcon_distutils_commands:/home/cc/RobotProject/install/robot_description/lib/python3.10/site-packages:${PYTHONPATH} /usr/bin/python3 -W ignore:setup.py install is deprecated setup.py egg_info --egg-base ../../build/robot_description build --build-base /home/cc/RobotProject/build/robot_description/build install --record /home/cc/RobotProject/build/robot_description/install.log --single-version-externally-managed install_data
[3.822s] Level 1:colcon.colcon_core.environment:checking '/home/cc/RobotProject/install/yolo_detection' for CMake module files
[3.823s] DEBUG:colcon.colcon_core.event_handler.log_command:Invoked command in '/home/cc/RobotProject/src/yolo_detection' returned '0': PYTHONPATH=/home/cc/RobotProject/build/yolo_detection/prefix_override:/usr/lib/python3/dist-packages/colcon_core/task/python/colcon_distutils_commands:/home/cc/RobotProject/install/yolo_detection/lib/python3.10/site-packages:${PYTHONPATH} /usr/bin/python3 -W ignore:setup.py install is deprecated setup.py egg_info --egg-base ../../build/yolo_detection build --build-base /home/cc/RobotProject/build/yolo_detection/build install --record /home/cc/RobotProject/build/yolo_detection/install.log --single-version-externally-managed install_data
[3.824s] Level 1:colcon.colcon_core.environment:checking '/home/cc/RobotProject/install/yolo_detection' for CMake config files
[3.824s] Level 1:colcon.colcon_core.environment:checking '/home/cc/RobotProject/install/yolo_detection/lib'
[3.825s] Level 1:colcon.colcon_core.environment:checking '/home/cc/RobotProject/install/yolo_detection/bin'
[3.825s] Level 1:colcon.colcon_core.environment:checking '/home/cc/RobotProject/install/yolo_detection/lib/pkgconfig/yolo_detection.pc'
[3.825s] Level 1:colcon.colcon_core.environment:checking '/home/cc/RobotProject/install/yolo_detection/lib/python3.10/site-packages'
[3.825s] Level 1:colcon.colcon_core.shell:create_environment_hook('yolo_detection', 'pythonpath')
[3.826s] INFO:colcon.colcon_core.shell:Creating environment hook '/home/cc/RobotProject/install/yolo_detection/share/yolo_detection/hook/pythonpath.ps1'
[3.826s] INFO:colcon.colcon_core.shell:Creating environment descriptor '/home/cc/RobotProject/install/yolo_detection/share/yolo_detection/hook/pythonpath.dsv'
[3.828s] INFO:colcon.colcon_core.shell:Creating environment hook '/home/cc/RobotProject/install/yolo_detection/share/yolo_detection/hook/pythonpath.sh'
[3.829s] Level 1:colcon.colcon_core.environment:checking '/home/cc/RobotProject/install/yolo_detection/bin'
[3.829s] Level 1:colcon.colcon_core.environment:create_environment_scripts_only(yolo_detection)
[3.829s] INFO:colcon.colcon_core.shell:Creating package script '/home/cc/RobotProject/install/yolo_detection/share/yolo_detection/package.ps1'
[3.831s] INFO:colcon.colcon_core.shell:Creating package descriptor '/home/cc/RobotProject/install/yolo_detection/share/yolo_detection/package.dsv'
[3.831s] INFO:colcon.colcon_core.shell:Creating package script '/home/cc/RobotProject/install/yolo_detection/share/yolo_detection/package.sh'
[3.832s] INFO:colcon.colcon_core.shell:Creating package script '/home/cc/RobotProject/install/yolo_detection/share/yolo_detection/package.bash'
[3.833s] INFO:colcon.colcon_core.shell:Creating package script '/home/cc/RobotProject/install/yolo_detection/share/yolo_detection/package.zsh'
[3.834s] Level 1:colcon.colcon_core.environment:create_file_with_runtime_dependencies(/home/cc/RobotProject/install/yolo_detection/share/colcon-core/packages/yolo_detection)
[3.873s] Level 1:colcon.colcon_core.environment:checking '/home/cc/RobotProject/install/robot_description' for CMake module files
[3.875s] DEBUG:colcon.colcon_core.event_handler.log_command:Invoked command in '/home/cc/RobotProject/src/robot_description' returned '0': PYTHONPATH=/home/cc/RobotProject/build/robot_description/prefix_override:/usr/lib/python3/dist-packages/colcon_core/task/python/colcon_distutils_commands:/home/cc/RobotProject/install/robot_description/lib/python3.10/site-packages:${PYTHONPATH} /usr/bin/python3 -W ignore:setup.py install is deprecated setup.py egg_info --egg-base ../../build/robot_description build --build-base /home/cc/RobotProject/build/robot_description/build install --record /home/cc/RobotProject/build/robot_description/install.log --single-version-externally-managed install_data
[3.876s] Level 1:colcon.colcon_core.environment:checking '/home/cc/RobotProject/install/robot_description' for CMake config files
[3.877s] Level 1:colcon.colcon_core.environment:checking '/home/cc/RobotProject/install/robot_description/lib'
[3.877s] Level 1:colcon.colcon_core.environment:checking '/home/cc/RobotProject/install/robot_description/bin'
[3.877s] Level 1:colcon.colcon_core.environment:checking '/home/cc/RobotProject/install/robot_description/lib/pkgconfig/robot_description.pc'
[3.878s] Level 1:colcon.colcon_core.environment:checking '/home/cc/RobotProject/install/robot_description/lib/python3.10/site-packages'
[3.878s] Level 1:colcon.colcon_core.shell:create_environment_hook('robot_description', 'pythonpath')
[3.878s] INFO:colcon.colcon_core.shell:Creating environment hook '/home/cc/RobotProject/install/robot_description/share/robot_description/hook/pythonpath.ps1'
[3.880s] INFO:colcon.colcon_core.shell:Creating environment descriptor '/home/cc/RobotProject/install/robot_description/share/robot_description/hook/pythonpath.dsv'
[3.881s] INFO:colcon.colcon_core.shell:Creating environment hook '/home/cc/RobotProject/install/robot_description/share/robot_description/hook/pythonpath.sh'
[3.881s] Level 1:colcon.colcon_core.environment:checking '/home/cc/RobotProject/install/robot_description/bin'
[3.881s] Level 1:colcon.colcon_core.environment:create_environment_scripts_only(robot_description)
[3.882s] INFO:colcon.colcon_core.shell:Creating package script '/home/cc/RobotProject/install/robot_description/share/robot_description/package.ps1'
[3.882s] INFO:colcon.colcon_core.shell:Creating package descriptor '/home/cc/RobotProject/install/robot_description/share/robot_description/package.dsv'
[3.884s] INFO:colcon.colcon_core.shell:Creating package script '/home/cc/RobotProject/install/robot_description/share/robot_description/package.sh'
[3.885s] INFO:colcon.colcon_core.shell:Creating package script '/home/cc/RobotProject/install/robot_description/share/robot_description/package.bash'
[3.885s] INFO:colcon.colcon_core.shell:Creating package script '/home/cc/RobotProject/install/robot_description/share/robot_description/package.zsh'
[3.886s] Level 1:colcon.colcon_core.environment:create_file_with_runtime_dependencies(/home/cc/RobotProject/install/robot_description/share/colcon-core/packages/robot_description)
[3.886s] DEBUG:colcon.colcon_parallel_executor.executor.parallel:closing loop
[3.887s] DEBUG:colcon.colcon_parallel_executor.executor.parallel:loop closed
[3.887s] DEBUG:colcon.colcon_parallel_executor.executor.parallel:run_until_complete finished with '0'
[3.888s] DEBUG:colcon.colcon_core.event_reactor:joining thread
[3.898s] INFO:colcon.colcon_core.plugin_system:Skipping extension 'colcon_notification.desktop_notification.terminal_notifier': Not used on non-Darwin systems
[3.898s] INFO:colcon.colcon_core.plugin_system:Skipping extension 'colcon_notification.desktop_notification.win32': Not used on non-Windows systems
[3.898s] INFO:colcon.colcon_notification.desktop_notification:Sending desktop notification using 'notify2'
[3.924s] DEBUG:colcon.colcon_core.event_reactor:joined thread
[3.924s] INFO:colcon.colcon_core.shell:Creating prefix script '/home/cc/RobotProject/install/local_setup.ps1'
[3.926s] INFO:colcon.colcon_core.shell:Creating prefix util module '/home/cc/RobotProject/install/_local_setup_util_ps1.py'
[3.928s] INFO:colcon.colcon_core.shell:Creating prefix chain script '/home/cc/RobotProject/install/setup.ps1'
[3.931s] INFO:colcon.colcon_core.shell:Creating prefix script '/home/cc/RobotProject/install/local_setup.sh'
[3.932s] INFO:colcon.colcon_core.shell:Creating prefix util module '/home/cc/RobotProject/install/_local_setup_util_sh.py'
[3.933s] INFO:colcon.colcon_core.shell:Creating prefix chain script '/home/cc/RobotProject/install/setup.sh'
[3.935s] INFO:colcon.colcon_core.shell:Creating prefix script '/home/cc/RobotProject/install/local_setup.bash'
[3.936s] INFO:colcon.colcon_core.shell:Creating prefix chain script '/home/cc/RobotProject/install/setup.bash'
[3.939s] INFO:colcon.colcon_core.shell:Creating prefix script '/home/cc/RobotProject/install/local_setup.zsh'
[3.940s] INFO:colcon.colcon_core.shell:Creating prefix chain script '/home/cc/RobotProject/install/setup.zsh'
