[1.461s] Invoking command in '/home/cc/RobotProject/src/yolo_detection': PYTHONPATH=/home/cc/RobotProject/build/yolo_detection/prefix_override:/usr/lib/python3/dist-packages/colcon_core/task/python/colcon_distutils_commands:/home/cc/RobotProject/install/yolo_detection/lib/python3.10/site-packages:${PYTHONPATH} /usr/bin/python3 -W ignore:setup.py install is deprecated setup.py egg_info --egg-base ../../build/yolo_detection build --build-base /home/cc/RobotProject/build/yolo_detection/build install --record /home/cc/RobotProject/build/yolo_detection/install.log --single-version-externally-managed install_data
[2.008s] running egg_info
[2.033s] writing ../../build/yolo_detection/yolo_detection.egg-info/PKG-INFO
[2.033s] writing dependency_links to ../../build/yolo_detection/yolo_detection.egg-info/dependency_links.txt
[2.033s] writing entry points to ../../build/yolo_detection/yolo_detection.egg-info/entry_points.txt
[2.033s] writing requirements to ../../build/yolo_detection/yolo_detection.egg-info/requires.txt
[2.034s] writing top-level names to ../../build/yolo_detection/yolo_detection.egg-info/top_level.txt
[2.091s] reading manifest file '../../build/yolo_detection/yolo_detection.egg-info/SOURCES.txt'
[2.092s] writing manifest file '../../build/yolo_detection/yolo_detection.egg-info/SOURCES.txt'
[2.093s] running build
[2.093s] running build_py
[2.093s] copying yolo_detection/navigating.py -> /home/cc/RobotProject/build/yolo_detection/build/lib/yolo_detection
[2.094s] running install
[2.101s] running install_lib
[2.123s] copying /home/cc/RobotProject/build/yolo_detection/build/lib/yolo_detection/navigating.py -> /home/cc/RobotProject/install/yolo_detection/lib/python3.10/site-packages/yolo_detection
[2.124s] byte-compiling /home/cc/RobotProject/install/yolo_detection/lib/python3.10/site-packages/yolo_detection/navigating.py to navigating.cpython-310.pyc
[2.125s] running install_data
[2.127s] running install_egg_info
[2.148s] removing '/home/cc/RobotProject/install/yolo_detection/lib/python3.10/site-packages/yolo_detection-0.0.0-py3.10.egg-info' (and everything under it)
[2.149s] Copying ../../build/yolo_detection/yolo_detection.egg-info to /home/cc/RobotProject/install/yolo_detection/lib/python3.10/site-packages/yolo_detection-0.0.0-py3.10.egg-info
[2.150s] running install_scripts
[2.238s] Installing navigating script to /home/cc/RobotProject/install/yolo_detection/lib/yolo_detection
[2.238s] Installing yolo_detect_2d script to /home/cc/RobotProject/install/yolo_detection/lib/yolo_detection
[2.239s] writing list of installed files to '/home/cc/RobotProject/build/yolo_detection/install.log'
[2.329s] Invoked command in '/home/cc/RobotProject/src/yolo_detection' returned '0': PYTHONPATH=/home/cc/RobotProject/build/yolo_detection/prefix_override:/usr/lib/python3/dist-packages/colcon_core/task/python/colcon_distutils_commands:/home/cc/RobotProject/install/yolo_detection/lib/python3.10/site-packages:${PYTHONPATH} /usr/bin/python3 -W ignore:setup.py install is deprecated setup.py egg_info --egg-base ../../build/yolo_detection build --build-base /home/cc/RobotProject/build/yolo_detection/build install --record /home/cc/RobotProject/build/yolo_detection/install.log --single-version-externally-managed install_data
