[2.292s] Invoking command in '/home/cc/RobotProject/src/yolo_detection': PYTHONPATH=/home/cc/RobotProject/build/yolo_detection/prefix_override:/usr/lib/python3/dist-packages/colcon_core/task/python/colcon_distutils_commands:/home/cc/RobotProject/install/yolo_detection/lib/python3.10/site-packages:${PYTHONPATH} /usr/bin/python3 -W ignore:setup.py install is deprecated setup.py egg_info --egg-base ../../build/yolo_detection build --build-base /home/cc/RobotProject/build/yolo_detection/build install --record /home/cc/RobotProject/build/yolo_detection/install.log --single-version-externally-managed install_data
[3.069s] running egg_info
[3.101s] writing ../../build/yolo_detection/yolo_detection.egg-info/PKG-INFO
[3.101s] writing dependency_links to ../../build/yolo_detection/yolo_detection.egg-info/dependency_links.txt
[3.101s] writing entry points to ../../build/yolo_detection/yolo_detection.egg-info/entry_points.txt
[3.102s] writing requirements to ../../build/yolo_detection/yolo_detection.egg-info/requires.txt
[3.102s] writing top-level names to ../../build/yolo_detection/yolo_detection.egg-info/top_level.txt
[3.172s] reading manifest file '../../build/yolo_detection/yolo_detection.egg-info/SOURCES.txt'
[3.173s] writing manifest file '../../build/yolo_detection/yolo_detection.egg-info/SOURCES.txt'
[3.174s] running build
[3.174s] running build_py
[3.174s] copying yolo_detection/navigating.py -> /home/cc/RobotProject/build/yolo_detection/build/lib/yolo_detection
[3.176s] running install
[3.182s] running install_lib
[3.208s] copying /home/cc/RobotProject/build/yolo_detection/build/lib/yolo_detection/navigating.py -> /home/cc/RobotProject/install/yolo_detection/lib/python3.10/site-packages/yolo_detection
[3.210s] byte-compiling /home/cc/RobotProject/install/yolo_detection/lib/python3.10/site-packages/yolo_detection/navigating.py to navigating.cpython-310.pyc
[3.211s] running install_data
[3.212s] running install_egg_info
[3.238s] removing '/home/cc/RobotProject/install/yolo_detection/lib/python3.10/site-packages/yolo_detection-0.0.0-py3.10.egg-info' (and everything under it)
[3.239s] Copying ../../build/yolo_detection/yolo_detection.egg-info to /home/cc/RobotProject/install/yolo_detection/lib/python3.10/site-packages/yolo_detection-0.0.0-py3.10.egg-info
[3.248s] running install_scripts
[3.387s] Installing navigating script to /home/cc/RobotProject/install/yolo_detection/lib/yolo_detection
[3.387s] Installing yolo_detect_2d script to /home/cc/RobotProject/install/yolo_detection/lib/yolo_detection
[3.388s] writing list of installed files to '/home/cc/RobotProject/build/yolo_detection/install.log'
[3.493s] Invoked command in '/home/cc/RobotProject/src/yolo_detection' returned '0': PYTHONPATH=/home/cc/RobotProject/build/yolo_detection/prefix_override:/usr/lib/python3/dist-packages/colcon_core/task/python/colcon_distutils_commands:/home/cc/RobotProject/install/yolo_detection/lib/python3.10/site-packages:${PYTHONPATH} /usr/bin/python3 -W ignore:setup.py install is deprecated setup.py egg_info --egg-base ../../build/yolo_detection build --build-base /home/cc/RobotProject/build/yolo_detection/build install --record /home/cc/RobotProject/build/yolo_detection/install.log --single-version-externally-managed install_data
