[2.283s] Invoking command in '/home/cc/RobotProject/src/yolo_detection': PYTHONPATH=/home/cc/RobotProject/build/yolo_detection/prefix_override:/usr/lib/python3/dist-packages/colcon_core/task/python/colcon_distutils_commands:/home/cc/RobotProject/install/yolo_detection/lib/python3.10/site-packages:${PYTHONPATH} /usr/bin/python3 -W ignore:setup.py install is deprecated setup.py egg_info --egg-base ../../build/yolo_detection build --build-base /home/cc/RobotProject/build/yolo_detection/build install --record /home/cc/RobotProject/build/yolo_detection/install.log --single-version-externally-managed install_data
[2.835s] running egg_info
[2.851s] writing ../../build/yolo_detection/yolo_detection.egg-info/PKG-INFO
[2.852s] writing dependency_links to ../../build/yolo_detection/yolo_detection.egg-info/dependency_links.txt
[2.853s] writing entry points to ../../build/yolo_detection/yolo_detection.egg-info/entry_points.txt
[2.854s] writing requirements to ../../build/yolo_detection/yolo_detection.egg-info/requires.txt
[2.855s] writing top-level names to ../../build/yolo_detection/yolo_detection.egg-info/top_level.txt
[2.911s] reading manifest file '../../build/yolo_detection/yolo_detection.egg-info/SOURCES.txt'
[2.912s] writing manifest file '../../build/yolo_detection/yolo_detection.egg-info/SOURCES.txt'
[2.912s] running build
[2.912s] running build_py
[2.912s] copying yolo_detection/navigating.py -> /home/cc/RobotProject/build/yolo_detection/build/lib/yolo_detection
[2.913s] running install
[2.922s] running install_lib
[2.946s] copying /home/cc/RobotProject/build/yolo_detection/build/lib/yolo_detection/navigating.py -> /home/cc/RobotProject/install/yolo_detection/lib/python3.10/site-packages/yolo_detection
[2.949s] byte-compiling /home/cc/RobotProject/install/yolo_detection/lib/python3.10/site-packages/yolo_detection/navigating.py to navigating.cpython-310.pyc
[2.951s] running install_data
[2.951s] running install_egg_info
[2.980s] removing '/home/cc/RobotProject/install/yolo_detection/lib/python3.10/site-packages/yolo_detection-0.0.0-py3.10.egg-info' (and everything under it)
[2.989s] Copying ../../build/yolo_detection/yolo_detection.egg-info to /home/cc/RobotProject/install/yolo_detection/lib/python3.10/site-packages/yolo_detection-0.0.0-py3.10.egg-info
[2.991s] running install_scripts
[3.078s] Installing navigating script to /home/cc/RobotProject/install/yolo_detection/lib/yolo_detection
[3.081s] Installing yolo_detect_2d script to /home/cc/RobotProject/install/yolo_detection/lib/yolo_detection
[3.082s] writing list of installed files to '/home/cc/RobotProject/build/yolo_detection/install.log'
[3.159s] Invoked command in '/home/cc/RobotProject/src/yolo_detection' returned '0': PYTHONPATH=/home/cc/RobotProject/build/yolo_detection/prefix_override:/usr/lib/python3/dist-packages/colcon_core/task/python/colcon_distutils_commands:/home/cc/RobotProject/install/yolo_detection/lib/python3.10/site-packages:${PYTHONPATH} /usr/bin/python3 -W ignore:setup.py install is deprecated setup.py egg_info --egg-base ../../build/yolo_detection build --build-base /home/cc/RobotProject/build/yolo_detection/build install --record /home/cc/RobotProject/build/yolo_detection/install.log --single-version-externally-managed install_data
