-- Install configuration: ""
-- Up-to-date: /home/cc/RobotProject/install/robot_navigation/share/robot_navigation/launch
-- Up-to-date: /home/cc/RobotProject/install/robot_navigation/share/robot_navigation/launch/navigating.launch.py
-- Up-to-date: /home/cc/RobotProject/install/robot_navigation/share/robot_navigation/param
-- Up-to-date: /home/cc/RobotProject/install/robot_navigation/share/robot_navigation/param/robot_nav.yaml
-- Up-to-date: /home/cc/RobotProject/install/robot_navigation/share/robot_navigation/maps
-- Up-to-date: /home/cc/RobotProject/install/robot_navigation/share/robot_navigation/maps/map.pgm
-- Up-to-date: /home/cc/RobotProject/install/robot_navigation/share/robot_navigation/maps/map.yaml
-- Up-to-date: /home/cc/RobotProject/install/robot_navigation/share/robot_navigation/rviz
-- Up-to-date: /home/cc/RobotProject/install/robot_navigation/share/ament_index/resource_index/package_run_dependencies/robot_navigation
-- Up-to-date: /home/cc/RobotProject/install/robot_navigation/share/ament_index/resource_index/parent_prefix_path/robot_navigation
-- Up-to-date: /home/cc/RobotProject/install/robot_navigation/share/robot_navigation/environment/ament_prefix_path.sh
-- Up-to-date: /home/cc/RobotProject/install/robot_navigation/share/robot_navigation/environment/ament_prefix_path.dsv
-- Up-to-date: /home/cc/RobotProject/install/robot_navigation/share/robot_navigation/environment/path.sh
-- Up-to-date: /home/cc/RobotProject/install/robot_navigation/share/robot_navigation/environment/path.dsv
-- Up-to-date: /home/cc/RobotProject/install/robot_navigation/share/robot_navigation/local_setup.bash
-- Up-to-date: /home/cc/RobotProject/install/robot_navigation/share/robot_navigation/local_setup.sh
-- Up-to-date: /home/cc/RobotProject/install/robot_navigation/share/robot_navigation/local_setup.zsh
-- Up-to-date: /home/cc/RobotProject/install/robot_navigation/share/robot_navigation/local_setup.dsv
-- Up-to-date: /home/cc/RobotProject/install/robot_navigation/share/robot_navigation/package.dsv
-- Up-to-date: /home/cc/RobotProject/install/robot_navigation/share/ament_index/resource_index/packages/robot_navigation
-- Up-to-date: /home/cc/RobotProject/install/robot_navigation/share/robot_navigation/cmake/robot_navigationConfig.cmake
-- Up-to-date: /home/cc/RobotProject/install/robot_navigation/share/robot_navigation/cmake/robot_navigationConfig-version.cmake
-- Up-to-date: /home/cc/RobotProject/install/robot_navigation/share/robot_navigation/package.xml
