[0.633s] Invoking command in '/home/cc/RobotProject/build/robot_mapping': CMAKE_PREFIX_PATH=${CMAKE_PREFIX_PATH}:/home/cc/RobotProject/install/yolo_detection:/home/cc/RobotProject/install/robot_description:/home/cc/ros2_ws/src/install/yolov5_ros2:/opt/ros/humble /usr/bin/cmake --build /home/cc/RobotProject/build/robot_mapping -- -j8 -l8
[1.318s] Invoked command in '/home/cc/RobotProject/build/robot_mapping' returned '0': CMAKE_PREFIX_PATH=${CMAKE_PREFIX_PATH}:/home/cc/RobotProject/install/yolo_detection:/home/cc/RobotProject/install/robot_description:/home/cc/ros2_ws/src/install/yolov5_ros2:/opt/ros/humble /usr/bin/cmake --build /home/cc/RobotProject/build/robot_mapping -- -j8 -l8
[1.469s] Invoking command in '/home/cc/RobotProject/build/robot_mapping': CMAKE_PREFIX_PATH=${CMAKE_PREFIX_PATH}:/home/cc/RobotProject/install/yolo_detection:/home/cc/RobotProject/install/robot_description:/home/cc/ros2_ws/src/install/yolov5_ros2:/opt/ros/humble /usr/bin/cmake --install /home/cc/RobotProject/build/robot_mapping
[1.484s] -- Install configuration: ""
[1.493s] -- Up-to-date: /home/cc/RobotProject/install/robot_mapping/share/robot_mapping/config
[1.493s] -- Up-to-date: /home/cc/RobotProject/install/robot_mapping/share/robot_mapping/config/map_2d.lua
[1.493s] -- Up-to-date: /home/cc/RobotProject/install/robot_mapping/share/robot_mapping/launch
[1.494s] -- Up-to-date: /home/cc/RobotProject/install/robot_mapping/share/robot_mapping/launch/mapping.launch.py
[1.494s] -- Up-to-date: /home/cc/RobotProject/install/robot_mapping/share/robot_mapping/rviz
[1.494s] -- Up-to-date: /home/cc/RobotProject/install/robot_mapping/share/ament_index/resource_index/package_run_dependencies/robot_mapping
[1.500s] -- Up-to-date: /home/cc/RobotProject/install/robot_mapping/share/ament_index/resource_index/parent_prefix_path/robot_mapping
[1.500s] -- Up-to-date: /home/cc/RobotProject/install/robot_mapping/share/robot_mapping/environment/ament_prefix_path.sh
[1.500s] -- Up-to-date: /home/cc/RobotProject/install/robot_mapping/share/robot_mapping/environment/ament_prefix_path.dsv
[1.500s] -- Up-to-date: /home/cc/RobotProject/install/robot_mapping/share/robot_mapping/environment/path.sh
[1.500s] -- Up-to-date: /home/cc/RobotProject/install/robot_mapping/share/robot_mapping/environment/path.dsv
[1.500s] -- Up-to-date: /home/cc/RobotProject/install/robot_mapping/share/robot_mapping/local_setup.bash
[1.500s] -- Up-to-date: /home/cc/RobotProject/install/robot_mapping/share/robot_mapping/local_setup.sh
[1.500s] -- Up-to-date: /home/cc/RobotProject/install/robot_mapping/share/robot_mapping/local_setup.zsh
[1.501s] -- Up-to-date: /home/cc/RobotProject/install/robot_mapping/share/robot_mapping/local_setup.dsv
[1.501s] -- Installing: /home/cc/RobotProject/install/robot_mapping/share/robot_mapping/package.dsv
[1.501s] -- Up-to-date: /home/cc/RobotProject/install/robot_mapping/share/ament_index/resource_index/packages/robot_mapping
[1.501s] -- Up-to-date: /home/cc/RobotProject/install/robot_mapping/share/robot_mapping/cmake/robot_mappingConfig.cmake
[1.501s] -- Up-to-date: /home/cc/RobotProject/install/robot_mapping/share/robot_mapping/cmake/robot_mappingConfig-version.cmake
[1.501s] -- Up-to-date: /home/cc/RobotProject/install/robot_mapping/share/robot_mapping/package.xml
[1.519s] Invoked command in '/home/cc/RobotProject/build/robot_mapping' returned '0': CMAKE_PREFIX_PATH=${CMAKE_PREFIX_PATH}:/home/cc/RobotProject/install/yolo_detection:/home/cc/RobotProject/install/robot_description:/home/cc/ros2_ws/src/install/yolov5_ros2:/opt/ros/humble /usr/bin/cmake --install /home/cc/RobotProject/build/robot_mapping
