[1.022s] Invoking command in '/home/cc/RobotProject/src/robot_description': PYTHONPATH=/home/cc/RobotProject/build/robot_description/prefix_override:/usr/lib/python3/dist-packages/colcon_core/task/python/colcon_distutils_commands:/home/cc/RobotProject/install/robot_description/lib/python3.10/site-packages:${PYTHONPATH} /usr/bin/python3 -W ignore:setup.py install is deprecated setup.py egg_info --egg-base ../../build/robot_description build --build-base /home/cc/RobotProject/build/robot_description/build install --record /home/cc/RobotProject/build/robot_description/install.log --single-version-externally-managed install_data
[1.446s] running egg_info
[1.446s] creating ../../build/robot_description/robot_description.egg-info
[1.475s] writing ../../build/robot_description/robot_description.egg-info/PKG-INFO
[1.475s] writing dependency_links to ../../build/robot_description/robot_description.egg-info/dependency_links.txt
[1.475s] writing requirements to ../../build/robot_description/robot_description.egg-info/requires.txt
[1.475s] writing top-level names to ../../build/robot_description/robot_description.egg-info/top_level.txt
[1.475s] writing manifest file '../../build/robot_description/robot_description.egg-info/SOURCES.txt'
[1.536s] listing git files failed - pretending there aren't any
[1.537s] reading manifest file '../../build/robot_description/robot_description.egg-info/SOURCES.txt'
[1.538s] writing manifest file '../../build/robot_description/robot_description.egg-info/SOURCES.txt'
[1.538s] running build
[1.538s] running build_py
[1.538s] creating /home/cc/RobotProject/build/robot_description/build
[1.538s] creating /home/cc/RobotProject/build/robot_description/build/lib
[1.539s] creating /home/cc/RobotProject/build/robot_description/build/lib/robot_description
[1.539s] copying robot_description/__init__.py -> /home/cc/RobotProject/build/robot_description/build/lib/robot_description
[1.539s] running install
[1.545s] running install_lib
[1.562s] creating /home/cc/RobotProject/install/robot_description/lib/python3.10/site-packages/robot_description
[1.562s] copying /home/cc/RobotProject/build/robot_description/build/lib/robot_description/__init__.py -> /home/cc/RobotProject/install/robot_description/lib/python3.10/site-packages/robot_description
[1.562s] byte-compiling /home/cc/RobotProject/install/robot_description/lib/python3.10/site-packages/robot_description/__init__.py to __init__.cpython-310.pyc
[1.563s] running install_data
[1.563s] creating /home/cc/RobotProject/install/robot_description/share/ament_index
[1.563s] creating /home/cc/RobotProject/install/robot_description/share/ament_index/resource_index
[1.563s] creating /home/cc/RobotProject/install/robot_description/share/ament_index/resource_index/packages
[1.563s] copying resource/robot_description -> /home/cc/RobotProject/install/robot_description/share/ament_index/resource_index/packages
[1.563s] copying package.xml -> /home/cc/RobotProject/install/robot_description/share/robot_description
[1.564s] creating /home/cc/RobotProject/install/robot_description/share/robot_description/launch
[1.564s] copying launch/gazebo.launch.py -> /home/cc/RobotProject/install/robot_description/share/robot_description/launch
[1.564s] creating /home/cc/RobotProject/install/robot_description/share/robot_description/urdf
[1.564s] copying urdf/car.urdf -> /home/cc/RobotProject/install/robot_description/share/robot_description/urdf
[1.564s] creating /home/cc/RobotProject/install/robot_description/share/robot_description/world
[1.564s] copying world/room.world -> /home/cc/RobotProject/install/robot_description/share/robot_description/world
[1.564s] running install_egg_info
[1.581s] Copying ../../build/robot_description/robot_description.egg-info to /home/cc/RobotProject/install/robot_description/lib/python3.10/site-packages/robot_description-0.0.0-py3.10.egg-info
[1.582s] running install_scripts
[1.652s] writing list of installed files to '/home/cc/RobotProject/build/robot_description/install.log'
[1.702s] Invoked command in '/home/cc/RobotProject/src/robot_description' returned '0': PYTHONPATH=/home/cc/RobotProject/build/robot_description/prefix_override:/usr/lib/python3/dist-packages/colcon_core/task/python/colcon_distutils_commands:/home/cc/RobotProject/install/robot_description/lib/python3.10/site-packages:${PYTHONPATH} /usr/bin/python3 -W ignore:setup.py install is deprecated setup.py egg_info --egg-base ../../build/robot_description build --build-base /home/cc/RobotProject/build/robot_description/build install --record /home/cc/RobotProject/build/robot_description/install.log --single-version-externally-managed install_data
